{"meta": {"format": 3, "version": "7.12.0", "timestamp": "2025-12-22T17:32:15.427372", "branch_coverage": false, "show_contexts": false}, "files": {"src\\__init__.py": {"executed_lines": [1], "summary": {"covered_lines": 0, "num_statements": 0, "percent_covered": 100.0, "percent_covered_display": "100", "missing_lines": 0, "excluded_lines": 0, "percent_statements_covered": 100.0, "percent_statements_covered_display": "100"}, "missing_lines": [], "excluded_lines": [], "functions": {"": {"executed_lines": [1], "summary": {"covered_lines": 0, "num_statements": 0, "percent_covered": 100.0, "percent_covered_display": "100", "missing_lines": 0, "excluded_lines": 0, "percent_statements_covered": 100.0, "percent_statements_covered_display": "100"}, "missing_lines": [], "excluded_lines": []}}, "classes": {"": {"executed_lines": [1], "summary": {"covered_lines": 0, "num_statements": 0, "percent_covered": 100.0, "percent_covered_display": "100", "missing_lines": 0, "excluded_lines": 0, "percent_statements_covered": 100.0, "percent_statements_covered_display": "100"}, "missing_lines": [], "excluded_lines": []}}}, "src\\config.py": {"executed_lines": [1, 4, 5, 8, 9, 12, 13, 14, 17, 18, 19, 20, 23, 26, 27, 30, 31, 32, 35, 38, 41, 42, 45, 48, 49, 52, 53, 56, 57, 60, 61, 63, 64, 65, 68, 71, 72], "summary": {"covered_lines": 35, "num_statements": 36, "percent_covered": 97.22222222222223, "percent_covered_display": "97", "missing_lines": 1, "excluded_lines": 0, "percent_statements_covered": 97.22222222222223, "percent_statements_covered_display": "97"}, "missing_lines": [73], "excluded_lines": [], "functions": {"": {"executed_lines": [1, 4, 5, 8, 9, 12, 13, 14, 17, 18, 19, 20, 23, 26, 27, 30, 31, 32, 35, 38, 41, 42, 45, 48, 49, 52, 53, 56, 57, 60, 61, 63, 64, 65, 68, 71, 72], "summary": {"covered_lines": 35, "num_statements": 36, "percent_covered": 97.22222222222223, "percent_covered_display": "97", "missing_lines": 1, "excluded_lines": 0, "percent_statements_covered": 97.22222222222223, "percent_statements_covered_display": "97"}, "missing_lines": [73], "excluded_lines": []}}, "classes": {"Settings": {"executed_lines": [], "summary": {"covered_lines": 0, "num_statements": 0, "percent_covered": 100.0, "percent_covered_display": "100", "missing_lines": 0, "excluded_lines": 0, "percent_statements_covered": 100.0, "percent_statements_covered_display": "100"}, "missing_lines": [], "excluded_lines": []}, "Settings.Config": {"executed_lines": [], "summary": {"covered_lines": 0, "num_statements": 0, "percent_covered": 100.0, "percent_covered_display": "100", "missing_lines": 0, "excluded_lines": 0, "percent_statements_covered": 100.0, "percent_statements_covered_display": "100"}, "missing_lines": [], "excluded_lines": []}, "": {"executed_lines": [1, 4, 5, 8, 9, 12, 13, 14, 17, 18, 19, 20, 23, 26, 27, 30, 31, 32, 35, 38, 41, 42, 45, 48, 49, 52, 53, 56, 57, 60, 61, 63, 64, 65, 68, 71, 72], "summary": {"covered_lines": 35, "num_statements": 36, "percent_covered": 97.22222222222223, "percent_covered_display": "97", "missing_lines": 1, "excluded_lines": 0, "percent_statements_covered": 97.22222222222223, "percent_statements_covered_display": "97"}, "missing_lines": [73], "excluded_lines": []}}}, "src\\core\\intelligent_router.py": {"executed_lines": [1, 5, 6, 7, 8, 9, 10, 11, 13, 14, 15, 17, 18, 20, 23, 24, 25, 26, 27, 28, 29, 30, 31, 34, 35, 36, 57, 58, 60, 61, 62, 63, 64, 65, 68, 72, 82, 106, 126, 161, 173, 181, 189, 196, 208, 222], "summary": {"covered_lines": 42, "num_statements": 76, "percent_covered": 55.26315789473684, "percent_covered_display": "55", "missing_lines": 34, "excluded_lines": 0, "percent_statements_covered": 55.26315789473684, "percent_statements_covered_display": "55"}, "missing_lines": [16, 47, 48, 49, 50, 51, 52, 53, 54, 69, 108, 109, 115, 116, 117, 119, 120, 121, 122, 123, 124, 137, 140, 153, 154, 155, 159, 167, 179, 186, 187, 194, 202, 214], "excluded_lines": [], "functions": {"IntentAnalysis.__init__": {"executed_lines": [], "summary": {"covered_lines": 0, "num_statements": 8, "percent_covered": 0.0, "percent_covered_display": "0", "missing_lines": 8, "excluded_lines": 0, "percent_statements_covered": 0.0, "percent_statements_covered_display": "0"}, "missing_lines": [47, 48, 49, 50, 51, 52, 53, 54], "excluded_lines": []}, "IntelligentRouter.__init__": {"executed_lines": [61, 62, 63, 64, 65, 68, 72, 82], "summary": {"covered_lines": 8, "num_statements": 9, "percent_covered": 88.88888888888889, "percent_covered_display": "89", "missing_lines": 1, "excluded_lines": 0, "percent_statements_covered": 88.88888888888889, "percent_statements_covered_display": "89"}, "missing_lines": [69], "excluded_lines": []}, "IntelligentRouter._init_llm": {"executed_lines": [], "summary": {"covered_lines": 0, "num_statements": 11, "percent_covered": 0.0, "percent_covered_display": "0", "missing_lines": 11, "excluded_lines": 0, "percent_statements_covered": 0.0, "percent_statements_covered_display": "0"}, "missing_lines": [108, 109, 115, 116, 117, 119, 120, 121, 122, 123, 124], "excluded_lines": []}, "IntelligentRouter.determine_best_service": {"executed_lines": [], "summary": {"covered_lines": 0, "num_statements": 6, "percent_covered": 0.0, "percent_covered_display": "0", "missing_lines": 6, "excluded_lines": 0, "percent_statements_covered": 0.0, "percent_statements_covered_display": "0"}, "missing_lines": [137, 140, 153, 154, 155, 159], "excluded_lines": []}, "IntelligentRouter._route_by_path": {"executed_lines": [], "summary": {"covered_lines": 0, "num_statements": 1, "percent_covered": 0.0, "percent_covered_display": "0", "missing_lines": 1, "excluded_lines": 0, "percent_statements_covered": 0.0, "percent_statements_covered_display": "0"}, "missing_lines": [167], "excluded_lines": []}, "IntelligentRouter._is_conversational_request": {"executed_lines": [], "summary": {"covered_lines": 0, "num_statements": 1, "percent_covered": 0.0, "percent_covered_display": "0", "missing_lines": 1, "excluded_lines": 0, "percent_statements_covered": 0.0, "percent_statements_covered_display": "0"}, "missing_lines": [179], "excluded_lines": []}, "IntelligentRouter._route_by_content": {"executed_lines": [], "summary": {"covered_lines": 0, "num_statements": 2, "percent_covered": 0.0, "percent_covered_display": "0", "missing_lines": 2, "excluded_lines": 0, "percent_statements_covered": 0.0, "percent_statements_covered_display": "0"}, "missing_lines": [186, 187], "excluded_lines": []}, "IntelligentRouter._extract_content": {"executed_lines": [], "summary": {"covered_lines": 0, "num_statements": 1, "percent_covered": 0.0, "percent_covered_display": "0", "missing_lines": 1, "excluded_lines": 0, "percent_statements_covered": 0.0, "percent_statements_covered_display": "0"}, "missing_lines": [194], "excluded_lines": []}, "IntelligentRouter._analyze_intent_with_rules": {"executed_lines": [], "summary": {"covered_lines": 0, "num_statements": 1, "percent_covered": 0.0, "percent_covered_display": "0", "missing_lines": 1, "excluded_lines": 0, "percent_statements_covered": 0.0, "percent_statements_covered_display": "0"}, "missing_lines": [202], "excluded_lines": []}, "IntelligentRouter._analyze_intent_with_llm": {"executed_lines": [], "summary": {"covered_lines": 0, "num_statements": 1, "percent_covered": 0.0, "percent_covered_display": "0", "missing_lines": 1, "excluded_lines": 0, "percent_statements_covered": 0.0, "percent_statements_covered_display": "0"}, "missing_lines": [214], "excluded_lines": []}, "": {"executed_lines": [1, 5, 6, 7, 8, 9, 10, 11, 13, 14, 15, 17, 18, 20, 23, 24, 25, 26, 27, 28, 29, 30, 31, 34, 35, 36, 57, 58, 60, 106, 126, 161, 173, 181, 189, 196, 208, 222], "summary": {"covered_lines": 34, "num_statements": 35, "percent_covered": 97.14285714285714, "percent_covered_display": "97", "missing_lines": 1, "excluded_lines": 0, "percent_statements_covered": 97.14285714285714, "percent_statements_covered_display": "97"}, "missing_lines": [16], "excluded_lines": []}}, "classes": {"RouteIntent": {"executed_lines": [], "summary": {"covered_lines": 0, "num_statements": 0, "percent_covered": 100.0, "percent_covered_display": "100", "missing_lines": 0, "excluded_lines": 0, "percent_statements_covered": 100.0, "percent_statements_covered_display": "100"}, "missing_lines": [], "excluded_lines": []}, "IntentAnalysis": {"executed_lines": [], "summary": {"covered_lines": 0, "num_statements": 8, "percent_covered": 0.0, "percent_covered_display": "0", "missing_lines": 8, "excluded_lines": 0, "percent_statements_covered": 0.0, "percent_statements_covered_display": "0"}, "missing_lines": [47, 48, 49, 50, 51, 52, 53, 54], "excluded_lines": []}, "IntelligentRouter": {"executed_lines": [61, 62, 63, 64, 65, 68, 72, 82], "summary": {"covered_lines": 8, "num_statements": 33, "percent_covered": 24.242424242424242, "percent_covered_display": "24", "missing_lines": 25, "excluded_lines": 0, "percent_statements_covered": 24.242424242424242, "percent_statements_covered_display": "24"}, "missing_lines": [69, 108, 109, 115, 116, 117, 119, 120, 121, 122, 123, 124, 137, 140, 153, 154, 155, 159, 167, 179, 186, 187, 194, 202, 214], "excluded_lines": []}, "": {"executed_lines": [1, 5, 6, 7, 8, 9, 10, 11, 13, 14, 15, 17, 18, 20, 23, 24, 25, 26, 27, 28, 29, 30, 31, 34, 35, 36, 57, 58, 60, 106, 126, 161, 173, 181, 189, 196, 208, 222], "summary": {"covered_lines": 34, "num_statements": 35, "percent_covered": 97.14285714285714, "percent_covered_display": "97", "missing_lines": 1, "excluded_lines": 0, "percent_statements_covered": 97.14285714285714, "percent_statements_covered_display": "97"}, "missing_lines": [16], "excluded_lines": []}}}, "src\\core\\proxy.py": {"executed_lines": [1, 5, 6, 7, 8, 9, 10, 11, 12, 14, 17, 18, 20, 21, 22, 24, 27, 28, 32, 34, 39, 41, 42, 43, 45, 287, 341], "summary": {"covered_lines": 25, "num_statements": 134, "percent_covered": 18.65671641791045, "percent_covered_display": "19", "missing_lines": 109, "excluded_lines": 0, "percent_statements_covered": 18.65671641791045, "percent_statements_covered_display": "19"}, "missing_lines": [37, 65, 68, 70, 72, 74, 89, 92, 107, 109, 110, 111, 113, 119, 120, 123, 124, 127, 128, 131, 133, 136, 138, 139, 141, 144, 145, 148, 149, 150, 160, 162, 164, 165, 166, 167, 168, 169, 171, 178, 179, 183, 184, 185, 188, 190, 191, 192, 193, 194, 195, 197, 203, 206, 207, 209, 210, 211, 212, 213, 214, 216, 223, 224, 228, 229, 230, 233, 235, 236, 237, 238, 239, 240, 242, 248, 250, 254, 256, 260, 261, 262, 263, 266, 267, 269, 271, 272, 274, 278, 279, 280, 281, 284, 285, 306, 308, 310, 311, 313, 321, 323, 327, 329, 331, 332, 334, 335, 337], "excluded_lines": [], "functions": {"GatewayProxy.__init__": {"executed_lines": [21, 22], "summary": {"covered_lines": 2, "num_statements": 2, "percent_covered": 100.0, "percent_covered_display": "100", "missing_lines": 0, "excluded_lines": 0, "percent_statements_covered": 100.0, "percent_statements_covered_display": "100"}, "missing_lines": [], "excluded_lines": []}, "GatewayProxy.start": {"executed_lines": [27, 28, 32], "summary": {"covered_lines": 3, "num_statements": 3, "percent_covered": 100.0, "percent_covered_display": "100", "missing_lines": 0, "excluded_lines": 0, "percent_statements_covered": 100.0, "percent_statements_covered_display": "100"}, "missing_lines": [], "excluded_lines": []}, "GatewayProxy.start_stream_proxy": {"executed_lines": [], "summary": {"covered_lines": 0, "num_statements": 1, "percent_covered": 0.0, "percent_covered_display": "0", "missing_lines": 1, "excluded_lines": 0, "percent_statements_covered": 0.0, "percent_statements_covered_display": "0"}, "missing_lines": [37], "excluded_lines": []}, "GatewayProxy.stop": {"executed_lines": [41, 42, 43], "summary": {"covered_lines": 3, "num_statements": 3, "percent_covered": 100.0, "percent_covered_display": "100", "missing_lines": 0, "excluded_lines": 0, "percent_statements_covered": 100.0, "percent_statements_covered_display": "100"}, "missing_lines": [], "excluded_lines": []}, "GatewayProxy.forward_request": {"executed_lines": [], "summary": {"covered_lines": 0, "num_statements": 92, "percent_covered": 0.0, "percent_covered_display": "0", "missing_lines": 92, "excluded_lines": 0, "percent_statements_covered": 0.0, "percent_statements_covered_display": "0"}, "missing_lines": [65, 68, 70, 72, 74, 89, 92, 107, 109, 110, 111, 113, 119, 120, 123, 124, 127, 128, 131, 133, 136, 141, 144, 145, 148, 149, 150, 160, 162, 164, 165, 166, 167, 168, 169, 171, 178, 179, 183, 184, 185, 188, 190, 191, 192, 193, 194, 195, 197, 203, 206, 207, 209, 210, 211, 212, 213, 214, 216, 223, 224, 228, 229, 230, 233, 235, 236, 237, 238, 239, 240, 242, 248, 250, 254, 256, 260, 261, 262, 263, 266, 267, 269, 271, 272, 274, 278, 279, 280, 281, 284, 285], "excluded_lines": []}, "GatewayProxy.forward_request.request_body_stream": {"executed_lines": [], "summary": {"covered_lines": 0, "num_statements": 2, "percent_covered": 0.0, "percent_covered_display": "0", "missing_lines": 2, "excluded_lines": 0, "percent_statements_covered": 0.0, "percent_statements_covered_display": "0"}, "missing_lines": [138, 139], "excluded_lines": []}, "GatewayProxy._make_request": {"executed_lines": [], "summary": {"covered_lines": 0, "num_statements": 14, "percent_covered": 0.0, "percent_covered_display": "0", "missing_lines": 14, "excluded_lines": 0, "percent_statements_covered": 0.0, "percent_statements_covered_display": "0"}, "missing_lines": [306, 308, 310, 311, 313, 321, 323, 327, 329, 331, 332, 334, 335, 337], "excluded_lines": []}, "": {"executed_lines": [1, 5, 6, 7, 8, 9, 10, 11, 12, 14, 17, 18, 20, 24, 34, 39, 45, 287, 341], "summary": {"covered_lines": 17, "num_statements": 17, "percent_covered": 100.0, "percent_covered_display": "100", "missing_lines": 0, "excluded_lines": 0, "percent_statements_covered": 100.0, "percent_statements_covered_display": "100"}, "missing_lines": [], "excluded_lines": []}}, "classes": {"GatewayProxy": {"executed_lines": [21, 22, 27, 28, 32, 41, 42, 43], "summary": {"covered_lines": 8, "num_statements": 117, "percent_covered": 6.837606837606837, "percent_covered_display": "7", "missing_lines": 109, "excluded_lines": 0, "percent_statements_covered": 6.837606837606837, "percent_statements_covered_display": "7"}, "missing_lines": [37, 65, 68, 70, 72, 74, 89, 92, 107, 109, 110, 111, 113, 119, 120, 123, 124, 127, 128, 131, 133, 136, 138, 139, 141, 144, 145, 148, 149, 150, 160, 162, 164, 165, 166, 167, 168, 169, 171, 178, 179, 183, 184, 185, 188, 190, 191, 192, 193, 194, 195, 197, 203, 206, 207, 209, 210, 211, 212, 213, 214, 216, 223, 224, 228, 229, 230, 233, 235, 236, 237, 238, 239, 240, 242, 248, 250, 254, 256, 260, 261, 262, 263, 266, 267, 269, 271, 272, 274, 278, 279, 280, 281, 284, 285, 306, 308, 310, 311, 313, 321, 323, 327, 329, 331, 332, 334, 335, 337], "excluded_lines": []}, "": {"executed_lines": [1, 5, 6, 7, 8, 9, 10, 11, 12, 14, 17, 18, 20, 24, 34, 39, 45, 287, 341], "summary": {"covered_lines": 17, "num_statements": 17, "percent_covered": 100.0, "percent_covered_display": "100", "missing_lines": 0, "excluded_lines": 0, "percent_statements_covered": 100.0, "percent_statements_covered_display": "100"}, "missing_lines": [], "excluded_lines": []}}}, "src\\core\\service_discovery.py": {"executed_lines": [1, 5, 6, 7, 8, 9, 11, 14, 15, 17, 18, 19, 20, 22, 24, 25, 27, 29, 30, 31, 33, 34, 64, 88, 110, 122], "summary": {"covered_lines": 24, "num_statements": 62, "percent_covered": 38.70967741935484, "percent_covered_display": "39", "missing_lines": 38, "excluded_lines": 0, "percent_statements_covered": 38.70967741935484, "percent_statements_covered_display": "39"}, "missing_lines": [45, 46, 47, 49, 50, 52, 53, 55, 56, 58, 60, 61, 62, 74, 76, 77, 79, 80, 81, 83, 84, 86, 98, 99, 100, 101, 103, 104, 106, 107, 108, 112, 113, 114, 115, 116, 117, 118], "excluded_lines": [], "functions": {"ServiceDiscoveryClient.__init__": {"executed_lines": [18, 19, 20], "summary": {"covered_lines": 3, "num_statements": 3, "percent_covered": 100.0, "percent_covered_display": "100", "missing_lines": 0, "excluded_lines": 0, "percent_statements_covered": 100.0, "percent_statements_covered_display": "100"}, "missing_lines": [], "excluded_lines": []}, "ServiceDiscoveryClient.start": {"executed_lines": [24, 25], "summary": {"covered_lines": 2, "num_statements": 2, "percent_covered": 100.0, "percent_covered_display": "100", "missing_lines": 0, "excluded_lines": 0, "percent_statements_covered": 100.0, "percent_statements_covered_display": "100"}, "missing_lines": [], "excluded_lines": []}, "ServiceDiscoveryClient.stop": {"executed_lines": [29, 30, 31], "summary": {"covered_lines": 3, "num_statements": 3, "percent_covered": 100.0, "percent_covered_display": "100", "missing_lines": 0, "excluded_lines": 0, "percent_statements_covered": 100.0, "percent_statements_covered_display": "100"}, "missing_lines": [], "excluded_lines": []}, "ServiceDiscoveryClient.discover_service": {"executed_lines": [], "summary": {"covered_lines": 0, "num_statements": 13, "percent_covered": 0.0, "percent_covered_display": "0", "missing_lines": 13, "excluded_lines": 0, "percent_statements_covered": 0.0, "percent_statements_covered_display": "0"}, "missing_lines": [45, 46, 47, 49, 50, 52, 53, 55, 56, 58, 60, 61, 62], "excluded_lines": []}, "ServiceDiscoveryClient.get_service_endpoint": {"executed_lines": [], "summary": {"covered_lines": 0, "num_statements": 9, "percent_covered": 0.0, "percent_covered_display": "0", "missing_lines": 9, "excluded_lines": 0, "percent_statements_covered": 0.0, "percent_statements_covered_display": "0"}, "missing_lines": [74, 76, 77, 79, 80, 81, 83, 84, 86], "excluded_lines": []}, "ServiceDiscoveryClient.get_all_service_instances": {"executed_lines": [], "summary": {"covered_lines": 0, "num_statements": 9, "percent_covered": 0.0, "percent_covered_display": "0", "missing_lines": 9, "excluded_lines": 0, "percent_statements_covered": 0.0, "percent_statements_covered_display": "0"}, "missing_lines": [98, 99, 100, 101, 103, 104, 106, 107, 108], "excluded_lines": []}, "ServiceDiscoveryClient.healthcheck": {"executed_lines": [], "summary": {"covered_lines": 0, "num_statements": 7, "percent_covered": 0.0, "percent_covered_display": "0", "missing_lines": 7, "excluded_lines": 0, "percent_statements_covered": 0.0, "percent_statements_covered_display": "0"}, "missing_lines": [112, 113, 114, 115, 116, 117, 118], "excluded_lines": []}, "": {"executed_lines": [1, 5, 6, 7, 8, 9, 11, 14, 15, 17, 22, 27, 33, 34, 64, 88, 110, 122], "summary": {"covered_lines": 16, "num_statements": 16, "percent_covered": 100.0, "percent_covered_display": "100", "missing_lines": 0, "excluded_lines": 0, "percent_statements_covered": 100.0, "percent_statements_covered_display": "100"}, "missing_lines": [], "excluded_lines": []}}, "classes": {"ServiceDiscoveryClient": {"executed_lines": [18, 19, 20, 24, 25, 29, 30, 31], "summary": {"covered_lines": 8, "num_statements": 46, "percent_covered": 17.391304347826086, "percent_covered_display": "17", "missing_lines": 38, "excluded_lines": 0, "percent_statements_covered": 17.391304347826086, "percent_statements_covered_display": "17"}, "missing_lines": [45, 46, 47, 49, 50, 52, 53, 55, 56, 58, 60, 61, 62, 74, 76, 77, 79, 80, 81, 83, 84, 86, 98, 99, 100, 101, 103, 104, 106, 107, 108, 112, 113, 114, 115, 116, 117, 118], "excluded_lines": []}, "": {"executed_lines": [1, 5, 6, 7, 8, 9, 11, 14, 15, 17, 22, 27, 33, 34, 64, 88, 110, 122], "summary": {"covered_lines": 16, "num_statements": 16, "percent_covered": 100.0, "percent_covered_display": "100", "missing_lines": 0, "excluded_lines": 0, "percent_statements_covered": 100.0, "percent_statements_covered_display": "100"}, "missing_lines": [], "excluded_lines": []}}}, "src\\core\\stream_proxy.py": {"executed_lines": [1, 5, 6, 7, 8, 9, 11, 13, 16, 17, 19, 20, 22, 28, 139], "summary": {"covered_lines": 13, "num_statements": 53, "percent_covered": 24.528301886792452, "percent_covered_display": "25", "missing_lines": 40, "excluded_lines": 0, "percent_statements_covered": 24.528301886792452, "percent_statements_covered_display": "25"}, "missing_lines": [24, 25, 26, 45, 47, 49, 51, 57, 58, 59, 61, 64, 65, 68, 69, 70, 73, 76, 77, 78, 80, 88, 90, 91, 92, 96, 97, 100, 101, 103, 104, 105, 106, 108, 120, 121, 122, 123, 124, 126], "excluded_lines": [], "functions": {"StreamProxy.__init__": {"executed_lines": [20], "summary": {"covered_lines": 1, "num_statements": 1, "percent_covered": 100.0, "percent_covered_display": "100", "missing_lines": 0, "excluded_lines": 0, "percent_statements_covered": 100.0, "percent_statements_covered_display": "100"}, "missing_lines": [], "excluded_lines": []}, "StreamProxy._get_client": {"executed_lines": [], "summary": {"covered_lines": 0, "num_statements": 3, "percent_covered": 0.0, "percent_covered_display": "0", "missing_lines": 3, "excluded_lines": 0, "percent_statements_covered": 0.0, "percent_statements_covered_display": "0"}, "missing_lines": [24, 25, 26], "excluded_lines": []}, "StreamProxy.proxy_stream": {"executed_lines": [], "summary": {"covered_lines": 0, "num_statements": 22, "percent_covered": 0.0, "percent_covered_display": "0", "missing_lines": 22, "excluded_lines": 0, "percent_statements_covered": 0.0, "percent_statements_covered_display": "0"}, "missing_lines": [45, 47, 49, 51, 57, 58, 59, 61, 64, 65, 68, 69, 70, 73, 76, 108, 120, 121, 122, 123, 124, 126], "excluded_lines": []}, "StreamProxy.proxy_stream.generate_stream": {"executed_lines": [], "summary": {"covered_lines": 0, "num_statements": 15, "percent_covered": 0.0, "percent_covered_display": "0", "missing_lines": 15, "excluded_lines": 0, "percent_statements_covered": 0.0, "percent_statements_covered_display": "0"}, "missing_lines": [77, 78, 80, 88, 90, 91, 92, 96, 97, 100, 101, 103, 104, 105, 106], "excluded_lines": []}, "": {"executed_lines": [1, 5, 6, 7, 8, 9, 11, 13, 16, 17, 19, 22, 28, 139], "summary": {"covered_lines": 12, "num_statements": 12, "percent_covered": 100.0, "percent_covered_display": "100", "missing_lines": 0, "excluded_lines": 0, "percent_statements_covered": 100.0, "percent_statements_covered_display": "100"}, "missing_lines": [], "excluded_lines": []}}, "classes": {"StreamProxy": {"executed_lines": [20], "summary": {"covered_lines": 1, "num_statements": 41, "percent_covered": 2.4390243902439024, "percent_covered_display": "2", "missing_lines": 40, "excluded_lines": 0, "percent_statements_covered": 2.4390243902439024, "percent_statements_covered_display": "2"}, "missing_lines": [24, 25, 26, 45, 47, 49, 51, 57, 58, 59, 61, 64, 65, 68, 69, 70, 73, 76, 77, 78, 80, 88, 90, 91, 92, 96, 97, 100, 101, 103, 104, 105, 106, 108, 120, 121, 122, 123, 124, 126], "excluded_lines": []}, "": {"executed_lines": [1, 5, 6, 7, 8, 9, 11, 13, 16, 17, 19, 22, 28, 139], "summary": {"covered_lines": 12, "num_statements": 12, "percent_covered": 100.0, "percent_covered_display": "100", "missing_lines": 0, "excluded_lines": 0, "percent_statements_covered": 100.0, "percent_statements_covered_display": "100"}, "missing_lines": [], "excluded_lines": []}}}, "src\\core\\websocket_proxy.py": {"executed_lines": [1, 5, 6, 7, 8, 9, 10, 12, 15, 16, 18, 19, 23, 109], "summary": {"covered_lines": 12, "num_statements": 61, "percent_covered": 19.672131147540984, "percent_covered_display": "20", "missing_lines": 49, "excluded_lines": 0, "percent_statements_covered": 19.672131147540984, "percent_statements_covered_display": "20"}, "missing_lines": [37, 38, 39, 40, 43, 45, 47, 49, 52, 53, 56, 58, 59, 60, 61, 62, 64, 65, 66, 67, 68, 70, 72, 73, 74, 75, 76, 77, 78, 79, 80, 81, 82, 85, 86, 91, 92, 94, 95, 96, 97, 98, 99, 100, 101, 102, 103, 104, 105], "excluded_lines": [], "functions": {"WebSocketProxy.__init__": {"executed_lines": [19], "summary": {"covered_lines": 1, "num_statements": 1, "percent_covered": 100.0, "percent_covered_display": "100", "missing_lines": 0, "excluded_lines": 0, "percent_statements_covered": 100.0, "percent_statements_covered_display": "100"}, "missing_lines": [], "excluded_lines": []}, "WebSocketProxy.proxy_websocket": {"executed_lines": [], "summary": {"covered_lines": 0, "num_statements": 28, "percent_covered": 0.0, "percent_covered_display": "0", "missing_lines": 28, "excluded_lines": 0, "percent_statements_covered": 0.0, "percent_statements_covered_display": "0"}, "missing_lines": [37, 38, 39, 40, 43, 45, 47, 49, 52, 53, 56, 70, 85, 86, 91, 92, 94, 95, 96, 97, 98, 99, 100, 101, 102, 103, 104, 105], "excluded_lines": []}, "WebSocketProxy.proxy_websocket.forward_to_client": {"executed_lines": [], "summary": {"covered_lines": 0, "num_statements": 10, "percent_covered": 0.0, "percent_covered_display": "0", "missing_lines": 10, "excluded_lines": 0, "percent_statements_covered": 0.0, "percent_statements_covered_display": "0"}, "missing_lines": [58, 59, 60, 61, 62, 64, 65, 66, 67, 68], "excluded_lines": []}, "WebSocketProxy.proxy_websocket.forward_to_server": {"executed_lines": [], "summary": {"covered_lines": 0, "num_statements": 11, "percent_covered": 0.0, "percent_covered_display": "0", "missing_lines": 11, "excluded_lines": 0, "percent_statements_covered": 0.0, "percent_statements_covered_display": "0"}, "missing_lines": [72, 73, 74, 75, 76, 77, 78, 79, 80, 81, 82], "excluded_lines": []}, "": {"executed_lines": [1, 5, 6, 7, 8, 9, 10, 12, 15, 16, 18, 23, 109], "summary": {"covered_lines": 11, "num_statements": 11, "percent_covered": 100.0, "percent_covered_display": "100", "missing_lines": 0, "excluded_lines": 0, "percent_statements_covered": 100.0, "percent_statements_covered_display": "100"}, "missing_lines": [], "excluded_lines": []}}, "classes": {"WebSocketProxy": {"executed_lines": [19], "summary": {"covered_lines": 1, "num_statements": 50, "percent_covered": 2.0, "percent_covered_display": "2", "missing_lines": 49, "excluded_lines": 0, "percent_statements_covered": 2.0, "percent_statements_covered_display": "2"}, "missing_lines": [37, 38, 39, 40, 43, 45, 47, 49, 52, 53, 56, 58, 59, 60, 61, 62, 64, 65, 66, 67, 68, 70, 72, 73, 74, 75, 76, 77, 78, 79, 80, 81, 82, 85, 86, 91, 92, 94, 95, 96, 97, 98, 99, 100, 101, 102, 103, 104, 105], "excluded_lines": []}, "": {"executed_lines": [1, 5, 6, 7, 8, 9, 10, 12, 15, 16, 18, 23, 109], "summary": {"covered_lines": 11, "num_statements": 11, "percent_covered": 100.0, "percent_covered_display": "100", "missing_lines": 0, "excluded_lines": 0, "percent_statements_covered": 100.0, "percent_statements_covered_display": "100"}, "missing_lines": [], "excluded_lines": []}}}, "src\\main.py": {"executed_lines": [1, 5, 6, 7, 8, 9, 10, 12, 13, 14, 15, 16, 17, 18, 19, 20, 23, 27, 30, 31, 33, 36, 39, 42, 44, 46, 49, 50, 51, 53, 55, 59, 67, 76, 77, 80, 83, 87, 88, 110, 111, 113, 115, 123, 124, 138, 139, 140, 151, 152, 153, 182, 183, 184, 194, 195, 196, 219, 220, 221, 231, 232, 233, 253, 254, 255, 256, 267, 268, 269, 270, 280, 281, 282, 283, 293, 294, 295, 296, 306, 307, 308, 309, 319, 320, 321, 322, 332, 333, 334, 335, 346, 347, 348, 358, 359, 360, 383, 384, 385, 395, 396, 397, 407, 408, 409, 420, 421, 422, 450, 451, 452, 496, 497, 498, 523, 524, 525, 526, 549, 550, 551, 552, 575, 576, 577, 600, 601, 602, 612, 613, 614, 624, 625, 626, 636, 637, 638, 648, 649, 650, 651, 652, 653, 654, 655, 656, 657, 660, 661, 662, 663, 668, 669, 670, 674, 675, 677, 694, 695], "summary": {"covered_lines": 159, "num_statements": 296, "percent_covered": 53.71621621621622, "percent_covered_display": "54", "missing_lines": 137, "excluded_lines": 0, "percent_statements_covered": 53.71621621621622, "percent_statements_covered_display": "54"}, "missing_lines": [54, 94, 95, 97, 98, 103, 104, 105, 106, 126, 127, 129, 142, 143, 144, 156, 157, 158, 159, 160, 161, 162, 163, 164, 168, 169, 171, 173, 174, 186, 199, 200, 201, 202, 203, 204, 205, 206, 207, 210, 211, 223, 236, 237, 238, 245, 258, 259, 260, 272, 273, 285, 286, 298, 299, 311, 312, 324, 325, 337, 338, 350, 363, 364, 365, 366, 367, 368, 369, 370, 371, 374, 375, 387, 399, 411, 427, 429, 430, 432, 434, 435, 436, 437, 438, 439, 440, 441, 443, 457, 459, 460, 463, 465, 467, 468, 469, 472, 473, 476, 481, 482, 484, 501, 502, 504, 506, 508, 515, 528, 529, 531, 536, 537, 538, 555, 556, 558, 560, 567, 580, 581, 583, 585, 592, 604, 616, 628, 640, 664, 665, 697, 698, 706, 707, 708, 709], "excluded_lines": [], "functions": {"lifespan": {"executed_lines": [33, 36, 39, 42, 44, 46, 49, 50, 51, 53, 55], "summary": {"covered_lines": 11, "num_statements": 12, "percent_covered": 91.66666666666667, "percent_covered_display": "92", "missing_lines": 1, "excluded_lines": 0, "percent_statements_covered": 91.66666666666667, "percent_statements_covered_display": "92"}, "missing_lines": [54], "excluded_lines": []}, "websocket_proxy_endpoint": {"executed_lines": [], "summary": {"covered_lines": 0, "num_statements": 8, "percent_covered": 0.0, "percent_covered_display": "0", "missing_lines": 8, "excluded_lines": 0, "percent_statements_covered": 0.0, "percent_statements_covered_display": "0"}, "missing_lines": [94, 95, 97, 98, 103, 104, 105, 106], "excluded_lines": []}, "health_check": {"executed_lines": [113, 115], "summary": {"covered_lines": 2, "num_statements": 2, "percent_covered": 100.0, "percent_covered_display": "100", "missing_lines": 0, "excluded_lines": 0, "percent_statements_covered": 100.0, "percent_statements_covered_display": "100"}, "missing_lines": [], "excluded_lines": []}, "metrics": {"executed_lines": [], "summary": {"covered_lines": 0, "num_statements": 3, "percent_covered": 0.0, "percent_covered_display": "0", "missing_lines": 3, "excluded_lines": 0, "percent_statements_covered": 0.0, "percent_statements_covered_display": "0"}, "missing_lines": [126, 127, 129], "excluded_lines": []}, "workflow_engine_proxy_root": {"executed_lines": [], "summary": {"covered_lines": 0, "num_statements": 3, "percent_covered": 0.0, "percent_covered_display": "0", "missing_lines": 3, "excluded_lines": 0, "percent_statements_covered": 0.0, "percent_statements_covered_display": "0"}, "missing_lines": [142, 143, 144], "excluded_lines": []}, "workflow_engine_proxy": {"executed_lines": [], "summary": {"covered_lines": 0, "num_statements": 14, "percent_covered": 0.0, "percent_covered_display": "0", "missing_lines": 14, "excluded_lines": 0, "percent_statements_covered": 0.0, "percent_statements_covered_display": "0"}, "missing_lines": [156, 157, 158, 159, 160, 161, 162, 163, 164, 168, 169, 171, 173, 174], "excluded_lines": []}, "mcp_gateway_proxy": {"executed_lines": [], "summary": {"covered_lines": 0, "num_statements": 1, "percent_covered": 0.0, "percent_covered_display": "0", "missing_lines": 1, "excluded_lines": 0, "percent_statements_covered": 0.0, "percent_statements_covered_display": "0"}, "missing_lines": [186], "excluded_lines": []}, "auth_service_proxy": {"executed_lines": [], "summary": {"covered_lines": 0, "num_statements": 11, "percent_covered": 0.0, "percent_covered_display": "0", "missing_lines": 11, "excluded_lines": 0, "percent_statements_covered": 0.0, "percent_statements_covered_display": "0"}, "missing_lines": [199, 200, 201, 202, 203, 204, 205, 206, 207, 210, 211], "excluded_lines": []}, "users_service_proxy": {"executed_lines": [], "summary": {"covered_lines": 0, "num_statements": 1, "percent_covered": 0.0, "percent_covered_display": "0", "missing_lines": 1, "excluded_lines": 0, "percent_statements_covered": 0.0, "percent_statements_covered_display": "0"}, "missing_lines": [223], "excluded_lines": []}, "admin_service_proxy": {"executed_lines": [], "summary": {"covered_lines": 0, "num_statements": 4, "percent_covered": 0.0, "percent_covered_display": "0", "missing_lines": 4, "excluded_lines": 0, "percent_statements_covered": 0.0, "percent_statements_covered_display": "0"}, "missing_lines": [236, 237, 238, 245], "excluded_lines": []}, "project_management_proxy": {"executed_lines": [], "summary": {"covered_lines": 0, "num_statements": 3, "percent_covered": 0.0, "percent_covered_display": "0", "missing_lines": 3, "excluded_lines": 0, "percent_statements_covered": 0.0, "percent_statements_covered_display": "0"}, "missing_lines": [258, 259, 260], "excluded_lines": []}, "tasks_proxy": {"executed_lines": [], "summary": {"covered_lines": 0, "num_statements": 2, "percent_covered": 0.0, "percent_covered_display": "0", "missing_lines": 2, "excluded_lines": 0, "percent_statements_covered": 0.0, "percent_statements_covered_display": "0"}, "missing_lines": [272, 273], "excluded_lines": []}, "milestones_proxy": {"executed_lines": [], "summary": {"covered_lines": 0, "num_statements": 2, "percent_covered": 0.0, "percent_covered_display": "0", "missing_lines": 2, "excluded_lines": 0, "percent_statements_covered": 0.0, "percent_statements_covered_display": "0"}, "missing_lines": [285, 286], "excluded_lines": []}, "weekly_reports_proxy": {"executed_lines": [], "summary": {"covered_lines": 0, "num_statements": 2, "percent_covered": 0.0, "percent_covered_display": "0", "missing_lines": 2, "excluded_lines": 0, "percent_statements_covered": 0.0, "percent_statements_covered_display": "0"}, "missing_lines": [298, 299], "excluded_lines": []}, "monthly_reports_proxy": {"executed_lines": [], "summary": {"covered_lines": 0, "num_statements": 2, "percent_covered": 0.0, "percent_covered_display": "0", "missing_lines": 2, "excluded_lines": 0, "percent_statements_covered": 0.0, "percent_statements_covered_display": "0"}, "missing_lines": [311, 312], "excluded_lines": []}, "risks_proxy": {"executed_lines": [], "summary": {"covered_lines": 0, "num_statements": 2, "percent_covered": 0.0, "percent_covered_display": "0", "missing_lines": 2, "excluded_lines": 0, "percent_statements_covered": 0.0, "percent_statements_covered_display": "0"}, "missing_lines": [324, 325], "excluded_lines": []}, "project_phases_proxy": {"executed_lines": [], "summary": {"covered_lines": 0, "num_statements": 2, "percent_covered": 0.0, "percent_covered_display": "0", "missing_lines": 2, "excluded_lines": 0, "percent_statements_covered": 0.0, "percent_statements_covered_display": "0"}, "missing_lines": [337, 338], "excluded_lines": []}, "config_center_proxy": {"executed_lines": [], "summary": {"covered_lines": 0, "num_statements": 1, "percent_covered": 0.0, "percent_covered_display": "0", "missing_lines": 1, "excluded_lines": 0, "percent_statements_covered": 0.0, "percent_statements_covered_display": "0"}, "missing_lines": [350], "excluded_lines": []}, "knowledge_base_proxy": {"executed_lines": [], "summary": {"covered_lines": 0, "num_statements": 11, "percent_covered": 0.0, "percent_covered_display": "0", "missing_lines": 11, "excluded_lines": 0, "percent_statements_covered": 0.0, "percent_statements_covered_display": "0"}, "missing_lines": [363, 364, 365, 366, 367, 368, 369, 370, 371, 374, 375], "excluded_lines": []}, "memory_service_proxy": {"executed_lines": [], "summary": {"covered_lines": 0, "num_statements": 1, "percent_covered": 0.0, "percent_covered_display": "0", "missing_lines": 1, "excluded_lines": 0, "percent_statements_covered": 0.0, "percent_statements_covered_display": "0"}, "missing_lines": [387], "excluded_lines": []}, "metadata_service_proxy": {"executed_lines": [], "summary": {"covered_lines": 0, "num_statements": 1, "percent_covered": 0.0, "percent_covered_display": "0", "missing_lines": 1, "excluded_lines": 0, "percent_statements_covered": 0.0, "percent_statements_covered_display": "0"}, "missing_lines": [399], "excluded_lines": []}, "dag_orchestrator_proxy": {"executed_lines": [], "summary": {"covered_lines": 0, "num_statements": 1, "percent_covered": 0.0, "percent_covered_display": "0", "missing_lines": 1, "excluded_lines": 0, "percent_statements_covered": 0.0, "percent_statements_covered_display": "0"}, "missing_lines": [411], "excluded_lines": []}, "intelligent_chat_stream_proxy": {"executed_lines": [], "summary": {"covered_lines": 0, "num_statements": 13, "percent_covered": 0.0, "percent_covered_display": "0", "missing_lines": 13, "excluded_lines": 0, "percent_statements_covered": 0.0, "percent_statements_covered_display": "0"}, "missing_lines": [427, 429, 430, 432, 434, 435, 436, 437, 438, 439, 440, 441, 443], "excluded_lines": []}, "intelligent_chat_proxy": {"executed_lines": [], "summary": {"covered_lines": 0, "num_statements": 14, "percent_covered": 0.0, "percent_covered_display": "0", "missing_lines": 14, "excluded_lines": 0, "percent_statements_covered": 0.0, "percent_statements_covered_display": "0"}, "missing_lines": [457, 459, 460, 463, 465, 467, 468, 469, 472, 473, 476, 481, 482, 484], "excluded_lines": []}, "dynamic_workflow_proxy": {"executed_lines": [], "summary": {"covered_lines": 0, "num_statements": 6, "percent_covered": 0.0, "percent_covered_display": "0", "missing_lines": 6, "excluded_lines": 0, "percent_statements_covered": 0.0, "percent_statements_covered_display": "0"}, "missing_lines": [501, 502, 504, 506, 508, 515], "excluded_lines": []}, "prompts_service_proxy": {"executed_lines": [], "summary": {"covered_lines": 0, "num_statements": 6, "percent_covered": 0.0, "percent_covered_display": "0", "missing_lines": 6, "excluded_lines": 0, "percent_statements_covered": 0.0, "percent_statements_covered_display": "0"}, "missing_lines": [528, 529, 531, 536, 537, 538], "excluded_lines": []}, "agent_service_v1_proxy": {"executed_lines": [], "summary": {"covered_lines": 0, "num_statements": 5, "percent_covered": 0.0, "percent_covered_display": "0", "missing_lines": 5, "excluded_lines": 0, "percent_statements_covered": 0.0, "percent_statements_covered_display": "0"}, "missing_lines": [555, 556, 558, 560, 567], "excluded_lines": []}, "agent_service_proxy": {"executed_lines": [], "summary": {"covered_lines": 0, "num_statements": 5, "percent_covered": 0.0, "percent_covered_display": "0", "missing_lines": 5, "excluded_lines": 0, "percent_statements_covered": 0.0, "percent_statements_covered_display": "0"}, "missing_lines": [580, 581, 583, 585, 592], "excluded_lines": []}, "agent_orchestrator_proxy": {"executed_lines": [], "summary": {"covered_lines": 0, "num_statements": 1, "percent_covered": 0.0, "percent_covered_display": "0", "missing_lines": 1, "excluded_lines": 0, "percent_statements_covered": 0.0, "percent_statements_covered_display": "0"}, "missing_lines": [604], "excluded_lines": []}, "agent_registry_proxy": {"executed_lines": [], "summary": {"covered_lines": 0, "num_statements": 1, "percent_covered": 0.0, "percent_covered_display": "0", "missing_lines": 1, "excluded_lines": 0, "percent_statements_covered": 0.0, "percent_statements_covered_display": "0"}, "missing_lines": [616], "excluded_lines": []}, "registry_service_proxy": {"executed_lines": [], "summary": {"covered_lines": 0, "num_statements": 1, "percent_covered": 0.0, "percent_covered_display": "0", "missing_lines": 1, "excluded_lines": 0, "percent_statements_covered": 0.0, "percent_statements_covered_display": "0"}, "missing_lines": [628], "excluded_lines": []}, "joyagent_adapter_proxy": {"executed_lines": [], "summary": {"covered_lines": 0, "num_statements": 1, "percent_covered": 0.0, "percent_covered_display": "0", "missing_lines": 1, "excluded_lines": 0, "percent_statements_covered": 0.0, "percent_statements_covered_display": "0"}, "missing_lines": [640], "excluded_lines": []}, "root": {"executed_lines": [677], "summary": {"covered_lines": 1, "num_statements": 1, "percent_covered": 100.0, "percent_covered_display": "100", "missing_lines": 0, "excluded_lines": 0, "percent_statements_covered": 100.0, "percent_statements_covered_display": "100"}, "missing_lines": [], "excluded_lines": []}, "global_exception_handler": {"executed_lines": [], "summary": {"covered_lines": 0, "num_statements": 6, "percent_covered": 0.0, "percent_covered_display": "0", "missing_lines": 6, "excluded_lines": 0, "percent_statements_covered": 0.0, "percent_statements_covered_display": "0"}, "missing_lines": [697, 698, 706, 707, 708, 709], "excluded_lines": []}, "": {"executed_lines": [1, 5, 6, 7, 8, 9, 10, 12, 13, 14, 15, 16, 17, 18, 19, 20, 23, 27, 30, 31, 59, 67, 76, 77, 80, 83, 87, 88, 110, 111, 123, 124, 138, 139, 140, 151, 152, 153, 182, 183, 184, 194, 195, 196, 219, 220, 221, 231, 232, 233, 253, 254, 255, 256, 267, 268, 269, 270, 280, 281, 282, 283, 293, 294, 295, 296, 306, 307, 308, 309, 319, 320, 321, 322, 332, 333, 334, 335, 346, 347, 348, 358, 359, 360, 383, 384, 385, 395, 396, 397, 407, 408, 409, 420, 421, 422, 450, 451, 452, 496, 497, 498, 523, 524, 525, 526, 549, 550, 551, 552, 575, 576, 577, 600, 601, 602, 612, 613, 614, 624, 625, 626, 636, 637, 638, 648, 649, 650, 651, 652, 653, 654, 655, 656, 657, 660, 661, 662, 663, 668, 669, 670, 674, 675, 694, 695], "summary": {"covered_lines": 145, "num_statements": 147, "percent_covered": 98.63945578231292, "percent_covered_display": "99", "missing_lines": 2, "excluded_lines": 0, "percent_statements_covered": 98.63945578231292, "percent_statements_covered_display": "99"}, "missing_lines": [664, 665], "excluded_lines": []}}, "classes": {"": {"executed_lines": [1, 5, 6, 7, 8, 9, 10, 12, 13, 14, 15, 16, 17, 18, 19, 20, 23, 27, 30, 31, 33, 36, 39, 42, 44, 46, 49, 50, 51, 53, 55, 59, 67, 76, 77, 80, 83, 87, 88, 110, 111, 113, 115, 123, 124, 138, 139, 140, 151, 152, 153, 182, 183, 184, 194, 195, 196, 219, 220, 221, 231, 232, 233, 253, 254, 255, 256, 267, 268, 269, 270, 280, 281, 282, 283, 293, 294, 295, 296, 306, 307, 308, 309, 319, 320, 321, 322, 332, 333, 334, 335, 346, 347, 348, 358, 359, 360, 383, 384, 385, 395, 396, 397, 407, 408, 409, 420, 421, 422, 450, 451, 452, 496, 497, 498, 523, 524, 525, 526, 549, 550, 551, 552, 575, 576, 577, 600, 601, 602, 612, 613, 614, 624, 625, 626, 636, 637, 638, 648, 649, 650, 651, 652, 653, 654, 655, 656, 657, 660, 661, 662, 663, 668, 669, 670, 674, 675, 677, 694, 695], "summary": {"covered_lines": 159, "num_statements": 296, "percent_covered": 53.71621621621622, "percent_covered_display": "54", "missing_lines": 137, "excluded_lines": 0, "percent_statements_covered": 53.71621621621622, "percent_statements_covered_display": "54"}, "missing_lines": [54, 94, 95, 97, 98, 103, 104, 105, 106, 126, 127, 129, 142, 143, 144, 156, 157, 158, 159, 160, 161, 162, 163, 164, 168, 169, 171, 173, 174, 186, 199, 200, 201, 202, 203, 204, 205, 206, 207, 210, 211, 223, 236, 237, 238, 245, 258, 259, 260, 272, 273, 285, 286, 298, 299, 311, 312, 324, 325, 337, 338, 350, 363, 364, 365, 366, 367, 368, 369, 370, 371, 374, 375, 387, 399, 411, 427, 429, 430, 432, 434, 435, 436, 437, 438, 439, 440, 441, 443, 457, 459, 460, 463, 465, 467, 468, 469, 472, 473, 476, 481, 482, 484, 501, 502, 504, 506, 508, 515, 528, 529, 531, 536, 537, 538, 555, 556, 558, 560, 567, 580, 581, 583, 585, 592, 604, 616, 628, 640, 664, 665, 697, 698, 706, 707, 708, 709], "excluded_lines": []}}}, "src\\middleware\\intelligent_routing.py": {"executed_lines": [1, 5, 6, 7, 8, 10, 11, 13, 16, 17, 24, 37], "summary": {"covered_lines": 10, "num_statements": 10, "percent_covered": 100.0, "percent_covered_display": "100", "missing_lines": 0, "excluded_lines": 0, "percent_statements_covered": 100.0, "percent_statements_covered_display": "100"}, "missing_lines": [], "excluded_lines": [], "functions": {"IntelligentRoutingMiddleware.dispatch": {"executed_lines": [37], "summary": {"covered_lines": 1, "num_statements": 1, "percent_covered": 100.0, "percent_covered_display": "100", "missing_lines": 0, "excluded_lines": 0, "percent_statements_covered": 100.0, "percent_statements_covered_display": "100"}, "missing_lines": [], "excluded_lines": []}, "": {"executed_lines": [1, 5, 6, 7, 8, 10, 11, 13, 16, 17, 24], "summary": {"covered_lines": 9, "num_statements": 9, "percent_covered": 100.0, "percent_covered_display": "100", "missing_lines": 0, "excluded_lines": 0, "percent_statements_covered": 100.0, "percent_statements_covered_display": "100"}, "missing_lines": [], "excluded_lines": []}}, "classes": {"IntelligentRoutingMiddleware": {"executed_lines": [37], "summary": {"covered_lines": 1, "num_statements": 1, "percent_covered": 100.0, "percent_covered_display": "100", "missing_lines": 0, "excluded_lines": 0, "percent_statements_covered": 100.0, "percent_statements_covered_display": "100"}, "missing_lines": [], "excluded_lines": []}, "": {"executed_lines": [1, 5, 6, 7, 8, 10, 11, 13, 16, 17, 24], "summary": {"covered_lines": 9, "num_statements": 9, "percent_covered": 100.0, "percent_covered_display": "100", "missing_lines": 0, "excluded_lines": 0, "percent_statements_covered": 100.0, "percent_statements_covered_display": "100"}, "missing_lines": [], "excluded_lines": []}}}, "src\\middleware\\metrics.py": {"executed_lines": [1, 5, 6, 7, 8, 11, 17, 23, 28, 35, 36, 38, 42, 45, 47, 49, 52, 59, 60, 65, 78], "summary": {"covered_lines": 19, "num_statements": 22, "percent_covered": 86.36363636363636, "percent_covered_display": "86", "missing_lines": 3, "excluded_lines": 0, "percent_statements_covered": 86.36363636363636, "percent_statements_covered_display": "86"}, "missing_lines": [67, 69, 74], "excluded_lines": [], "functions": {"MetricsMiddleware.dispatch": {"executed_lines": [42, 45, 47, 49, 52, 59, 60, 65, 78], "summary": {"covered_lines": 9, "num_statements": 12, "percent_covered": 75.0, "percent_covered_display": "75", "missing_lines": 3, "excluded_lines": 0, "percent_statements_covered": 75.0, "percent_statements_covered_display": "75"}, "missing_lines": [67, 69, 74], "excluded_lines": []}, "": {"executed_lines": [1, 5, 6, 7, 8, 11, 17, 23, 28, 35, 36, 38], "summary": {"covered_lines": 10, "num_statements": 10, "percent_covered": 100.0, "percent_covered_display": "100", "missing_lines": 0, "excluded_lines": 0, "percent_statements_covered": 100.0, "percent_statements_covered_display": "100"}, "missing_lines": [], "excluded_lines": []}}, "classes": {"MetricsMiddleware": {"executed_lines": [42, 45, 47, 49, 52, 59, 60, 65, 78], "summary": {"covered_lines": 9, "num_statements": 12, "percent_covered": 75.0, "percent_covered_display": "75", "missing_lines": 3, "excluded_lines": 0, "percent_statements_covered": 75.0, "percent_statements_covered_display": "75"}, "missing_lines": [67, 69, 74], "excluded_lines": []}, "": {"executed_lines": [1, 5, 6, 7, 8, 11, 17, 23, 28, 35, 36, 38], "summary": {"covered_lines": 10, "num_statements": 10, "percent_covered": 100.0, "percent_covered_display": "100", "missing_lines": 0, "excluded_lines": 0, "percent_statements_covered": 100.0, "percent_statements_covered_display": "100"}, "missing_lines": [], "excluded_lines": []}}}, "src\\middleware\\rate_limiter.py": {"executed_lines": [1, 5, 6, 7, 8, 9, 13, 19, 26, 27], "summary": {"covered_lines": 9, "num_statements": 11, "percent_covered": 81.81818181818181, "percent_covered_display": "82", "missing_lines": 2, "excluded_lines": 0, "percent_statements_covered": 81.81818181818181, "percent_statements_covered_display": "82"}, "missing_lines": [29, 30], "excluded_lines": [], "functions": {"setup_rate_limiting": {"executed_lines": [26, 27], "summary": {"covered_lines": 2, "num_statements": 4, "percent_covered": 50.0, "percent_covered_display": "50", "missing_lines": 2, "excluded_lines": 0, "percent_statements_covered": 50.0, "percent_statements_covered_display": "50"}, "missing_lines": [29, 30], "excluded_lines": []}, "": {"executed_lines": [1, 5, 6, 7, 8, 9, 13, 19], "summary": {"covered_lines": 7, "num_statements": 7, "percent_covered": 100.0, "percent_covered_display": "100", "missing_lines": 0, "excluded_lines": 0, "percent_statements_covered": 100.0, "percent_statements_covered_display": "100"}, "missing_lines": [], "excluded_lines": []}}, "classes": {"": {"executed_lines": [1, 5, 6, 7, 8, 9, 13, 19, 26, 27], "summary": {"covered_lines": 9, "num_statements": 11, "percent_covered": 81.81818181818181, "percent_covered_display": "82", "missing_lines": 2, "excluded_lines": 0, "percent_statements_covered": 81.81818181818181, "percent_statements_covered_display": "82"}, "missing_lines": [29, 30], "excluded_lines": []}}}, "src\\routes\\analytics.py": {"executed_lines": [1, 4, 5, 6, 7, 8, 10, 11, 14, 23, 32, 33, 76, 77, 113, 114], "summary": {"covered_lines": 15, "num_statements": 58, "percent_covered": 25.862068965517242, "percent_covered_display": "26", "missing_lines": 43, "excluded_lines": 0, "percent_statements_covered": 25.862068965517242, "percent_statements_covered_display": "26"}, "missing_lines": [16, 17, 18, 20, 25, 26, 27, 29, 38, 39, 40, 42, 44, 45, 46, 49, 50, 51, 54, 55, 56, 58, 65, 66, 67, 82, 83, 85, 87, 88, 89, 92, 93, 94, 99, 104, 105, 106, 118, 120, 121, 122, 123], "excluded_lines": [], "functions": {"get_knowledge_base_url": {"executed_lines": [], "summary": {"covered_lines": 0, "num_statements": 4, "percent_covered": 0.0, "percent_covered_display": "0", "missing_lines": 4, "excluded_lines": 0, "percent_statements_covered": 0.0, "percent_statements_covered_display": "0"}, "missing_lines": [16, 17, 18, 20], "excluded_lines": []}, "get_metadata_service_url": {"executed_lines": [], "summary": {"covered_lines": 0, "num_statements": 4, "percent_covered": 0.0, "percent_covered_display": "0", "missing_lines": 4, "excluded_lines": 0, "percent_statements_covered": 0.0, "percent_statements_covered_display": "0"}, "missing_lines": [25, 26, 27, 29], "excluded_lines": []}, "get_stats": {"executed_lines": [], "summary": {"covered_lines": 0, "num_statements": 17, "percent_covered": 0.0, "percent_covered_display": "0", "missing_lines": 17, "excluded_lines": 0, "percent_statements_covered": 0.0, "percent_statements_covered_display": "0"}, "missing_lines": [38, 39, 40, 42, 44, 45, 46, 49, 50, 51, 54, 55, 56, 58, 65, 66, 67], "excluded_lines": []}, "get_trends": {"executed_lines": [], "summary": {"covered_lines": 0, "num_statements": 13, "percent_covered": 0.0, "percent_covered_display": "0", "missing_lines": 13, "excluded_lines": 0, "percent_statements_covered": 0.0, "percent_statements_covered_display": "0"}, "missing_lines": [82, 83, 85, 87, 88, 89, 92, 93, 94, 99, 104, 105, 106], "excluded_lines": []}, "get_user_behavior": {"executed_lines": [], "summary": {"covered_lines": 0, "num_statements": 5, "percent_covered": 0.0, "percent_covered_display": "0", "missing_lines": 5, "excluded_lines": 0, "percent_statements_covered": 0.0, "percent_statements_covered_display": "0"}, "missing_lines": [118, 120, 121, 122, 123], "excluded_lines": []}, "": {"executed_lines": [1, 4, 5, 6, 7, 8, 10, 11, 14, 23, 32, 33, 76, 77, 113, 114], "summary": {"covered_lines": 15, "num_statements": 15, "percent_covered": 100.0, "percent_covered_display": "100", "missing_lines": 0, "excluded_lines": 0, "percent_statements_covered": 100.0, "percent_statements_covered_display": "100"}, "missing_lines": [], "excluded_lines": []}}, "classes": {"": {"executed_lines": [1, 4, 5, 6, 7, 8, 10, 11, 14, 23, 32, 33, 76, 77, 113, 114], "summary": {"covered_lines": 15, "num_statements": 58, "percent_covered": 25.862068965517242, "percent_covered_display": "26", "missing_lines": 43, "excluded_lines": 0, "percent_statements_covered": 25.862068965517242, "percent_statements_covered_display": "26"}, "missing_lines": [16, 17, 18, 20, 25, 26, 27, 29, 38, 39, 40, 42, 44, 45, 46, 49, 50, 51, 54, 55, 56, 58, 65, 66, 67, 82, 83, 85, 87, 88, 89, 92, 93, 94, 99, 104, 105, 106, 118, 120, 121, 122, 123], "excluded_lines": []}}}, "src\\routes\\assistant.py": {"executed_lines": [1, 4, 5, 6, 8, 9, 11, 12, 15, 16, 17, 18, 19, 22, 23, 24, 25, 28, 29, 55, 56], "summary": {"covered_lines": 18, "num_statements": 34, "percent_covered": 52.94117647058823, "percent_covered_display": "53", "missing_lines": 16, "excluded_lines": 0, "percent_statements_covered": 52.94117647058823, "percent_statements_covered_display": "53"}, "missing_lines": [37, 38, 39, 44, 46, 50, 51, 52, 62, 63, 64, 68, 70, 74, 75, 76], "excluded_lines": [], "functions": {"chat": {"executed_lines": [], "summary": {"covered_lines": 0, "num_statements": 8, "percent_covered": 0.0, "percent_covered_display": "0", "missing_lines": 8, "excluded_lines": 0, "percent_statements_covered": 0.0, "percent_statements_covered_display": "0"}, "missing_lines": [37, 38, 39, 44, 46, 50, 51, 52], "excluded_lines": []}, "answer_question": {"executed_lines": [], "summary": {"covered_lines": 0, "num_statements": 8, "percent_covered": 0.0, "percent_covered_display": "0", "missing_lines": 8, "excluded_lines": 0, "percent_statements_covered": 0.0, "percent_statements_covered_display": "0"}, "missing_lines": [62, 63, 64, 68, 70, 74, 75, 76], "excluded_lines": []}, "": {"executed_lines": [1, 4, 5, 6, 8, 9, 11, 12, 15, 16, 17, 18, 19, 22, 23, 24, 25, 28, 29, 55, 56], "summary": {"covered_lines": 18, "num_statements": 18, "percent_covered": 100.0, "percent_covered_display": "100", "missing_lines": 0, "excluded_lines": 0, "percent_statements_covered": 100.0, "percent_statements_covered_display": "100"}, "missing_lines": [], "excluded_lines": []}}, "classes": {"ChatRequest": {"executed_lines": [], "summary": {"covered_lines": 0, "num_statements": 0, "percent_covered": 100.0, "percent_covered_display": "100", "missing_lines": 0, "excluded_lines": 0, "percent_statements_covered": 100.0, "percent_statements_covered_display": "100"}, "missing_lines": [], "excluded_lines": []}, "QuestionRequest": {"executed_lines": [], "summary": {"covered_lines": 0, "num_statements": 0, "percent_covered": 100.0, "percent_covered_display": "100", "missing_lines": 0, "excluded_lines": 0, "percent_statements_covered": 100.0, "percent_statements_covered_display": "100"}, "missing_lines": [], "excluded_lines": []}, "": {"executed_lines": [1, 4, 5, 6, 8, 9, 11, 12, 15, 16, 17, 18, 19, 22, 23, 24, 25, 28, 29, 55, 56], "summary": {"covered_lines": 18, "num_statements": 34, "percent_covered": 52.94117647058823, "percent_covered_display": "53", "missing_lines": 16, "excluded_lines": 0, "percent_statements_covered": 52.94117647058823, "percent_statements_covered_display": "53"}, "missing_lines": [37, 38, 39, 44, 46, 50, 51, 52, 62, 63, 64, 68, 70, 74, 75, 76], "excluded_lines": []}}}, "src\\routes\\enterprise_architecture.py": {"executed_lines": [1, 4, 5, 6, 7, 8, 10, 11, 14, 23, 39, 40, 70, 71, 81, 82, 92, 93, 103, 104, 114, 115, 125, 126, 158, 159, 169, 170, 180, 181, 193, 194, 222, 223, 233, 234], "summary": {"covered_lines": 35, "num_statements": 149, "percent_covered": 23.48993288590604, "percent_covered_display": "23", "missing_lines": 114, "excluded_lines": 0, "percent_statements_covered": 23.48993288590604, "percent_statements_covered_display": "23"}, "missing_lines": [16, 17, 18, 20, 25, 26, 27, 28, 29, 30, 32, 33, 34, 35, 36, 45, 47, 48, 49, 52, 59, 60, 61, 73, 74, 75, 76, 77, 78, 84, 85, 86, 87, 88, 89, 95, 96, 97, 98, 99, 100, 106, 107, 108, 109, 110, 111, 117, 118, 119, 120, 121, 122, 128, 129, 130, 132, 133, 136, 137, 138, 142, 143, 145, 146, 151, 152, 153, 161, 162, 163, 164, 165, 166, 172, 173, 174, 175, 176, 177, 183, 184, 185, 186, 187, 188, 199, 200, 201, 202, 203, 204, 206, 207, 208, 212, 213, 215, 216, 217, 218, 219, 225, 226, 227, 228, 229, 230, 236, 237, 238, 239, 240, 241], "excluded_lines": [], "functions": {"get_metadata_service_url": {"executed_lines": [], "summary": {"covered_lines": 0, "num_statements": 4, "percent_covered": 0.0, "percent_covered_display": "0", "missing_lines": 4, "excluded_lines": 0, "percent_statements_covered": 0.0, "percent_statements_covered_display": "0"}, "missing_lines": [16, 17, 18, 20], "excluded_lines": []}, "call_metadata_service": {"executed_lines": [], "summary": {"covered_lines": 0, "num_statements": 11, "percent_covered": 0.0, "percent_covered_display": "0", "missing_lines": 11, "excluded_lines": 0, "percent_statements_covered": 0.0, "percent_statements_covered_display": "0"}, "missing_lines": [25, 26, 27, 28, 29, 30, 32, 33, 34, 35, 36], "excluded_lines": []}, "get_overview": {"executed_lines": [], "summary": {"covered_lines": 0, "num_statements": 8, "percent_covered": 0.0, "percent_covered_display": "0", "missing_lines": 8, "excluded_lines": 0, "percent_statements_covered": 0.0, "percent_statements_covered_display": "0"}, "missing_lines": [45, 47, 48, 49, 52, 59, 60, 61], "excluded_lines": []}, "get_business_architecture": {"executed_lines": [], "summary": {"covered_lines": 0, "num_statements": 6, "percent_covered": 0.0, "percent_covered_display": "0", "missing_lines": 6, "excluded_lines": 0, "percent_statements_covered": 0.0, "percent_statements_covered_display": "0"}, "missing_lines": [73, 74, 75, 76, 77, 78], "excluded_lines": []}, "get_application_architecture": {"executed_lines": [], "summary": {"covered_lines": 0, "num_statements": 6, "percent_covered": 0.0, "percent_covered_display": "0", "missing_lines": 6, "excluded_lines": 0, "percent_statements_covered": 0.0, "percent_statements_covered_display": "0"}, "missing_lines": [84, 85, 86, 87, 88, 89], "excluded_lines": []}, "get_data_architecture": {"executed_lines": [], "summary": {"covered_lines": 0, "num_statements": 6, "percent_covered": 0.0, "percent_covered_display": "0", "missing_lines": 6, "excluded_lines": 0, "percent_statements_covered": 0.0, "percent_statements_covered_display": "0"}, "missing_lines": [95, 96, 97, 98, 99, 100], "excluded_lines": []}, "get_technology_architecture": {"executed_lines": [], "summary": {"covered_lines": 0, "num_statements": 6, "percent_covered": 0.0, "percent_covered_display": "0", "missing_lines": 6, "excluded_lines": 0, "percent_statements_covered": 0.0, "percent_statements_covered_display": "0"}, "missing_lines": [106, 107, 108, 109, 110, 111], "excluded_lines": []}, "get_graph": {"executed_lines": [], "summary": {"covered_lines": 0, "num_statements": 6, "percent_covered": 0.0, "percent_covered_display": "0", "missing_lines": 6, "excluded_lines": 0, "percent_statements_covered": 0.0, "percent_statements_covered_display": "0"}, "missing_lines": [117, 118, 119, 120, 121, 122], "excluded_lines": []}, "analyze_impact": {"executed_lines": [], "summary": {"covered_lines": 0, "num_statements": 15, "percent_covered": 0.0, "percent_covered_display": "0", "missing_lines": 15, "excluded_lines": 0, "percent_statements_covered": 0.0, "percent_statements_covered_display": "0"}, "missing_lines": [128, 129, 130, 132, 133, 136, 137, 138, 142, 143, 145, 146, 151, 152, 153], "excluded_lines": []}, "get_organizations": {"executed_lines": [], "summary": {"covered_lines": 0, "num_statements": 6, "percent_covered": 0.0, "percent_covered_display": "0", "missing_lines": 6, "excluded_lines": 0, "percent_statements_covered": 0.0, "percent_statements_covered_display": "0"}, "missing_lines": [161, 162, 163, 164, 165, 166], "excluded_lines": []}, "get_organization_hierarchy": {"executed_lines": [], "summary": {"covered_lines": 0, "num_statements": 6, "percent_covered": 0.0, "percent_covered_display": "0", "missing_lines": 6, "excluded_lines": 0, "percent_statements_covered": 0.0, "percent_statements_covered_display": "0"}, "missing_lines": [172, 173, 174, 175, 176, 177], "excluded_lines": []}, "get_root_organizations": {"executed_lines": [], "summary": {"covered_lines": 0, "num_statements": 6, "percent_covered": 0.0, "percent_covered_display": "0", "missing_lines": 6, "excluded_lines": 0, "percent_statements_covered": 0.0, "percent_statements_covered_display": "0"}, "missing_lines": [183, 184, 185, 186, 187, 188], "excluded_lines": []}, "get_technology_instances": {"executed_lines": [], "summary": {"covered_lines": 0, "num_statements": 16, "percent_covered": 0.0, "percent_covered_display": "0", "missing_lines": 16, "excluded_lines": 0, "percent_statements_covered": 0.0, "percent_statements_covered_display": "0"}, "missing_lines": [199, 200, 201, 202, 203, 204, 206, 207, 208, 212, 213, 215, 216, 217, 218, 219], "excluded_lines": []}, "get_instances_by_system": {"executed_lines": [], "summary": {"covered_lines": 0, "num_statements": 6, "percent_covered": 0.0, "percent_covered_display": "0", "missing_lines": 6, "excluded_lines": 0, "percent_statements_covered": 0.0, "percent_statements_covered_display": "0"}, "missing_lines": [225, 226, 227, 228, 229, 230], "excluded_lines": []}, "get_technology_standardization": {"executed_lines": [], "summary": {"covered_lines": 0, "num_statements": 6, "percent_covered": 0.0, "percent_covered_display": "0", "missing_lines": 6, "excluded_lines": 0, "percent_statements_covered": 0.0, "percent_statements_covered_display": "0"}, "missing_lines": [236, 237, 238, 239, 240, 241], "excluded_lines": []}, "": {"executed_lines": [1, 4, 5, 6, 7, 8, 10, 11, 14, 23, 39, 40, 70, 71, 81, 82, 92, 93, 103, 104, 114, 115, 125, 126, 158, 159, 169, 170, 180, 181, 193, 194, 222, 223, 233, 234], "summary": {"covered_lines": 35, "num_statements": 35, "percent_covered": 100.0, "percent_covered_display": "100", "missing_lines": 0, "excluded_lines": 0, "percent_statements_covered": 100.0, "percent_statements_covered_display": "100"}, "missing_lines": [], "excluded_lines": []}}, "classes": {"": {"executed_lines": [1, 4, 5, 6, 7, 8, 10, 11, 14, 23, 39, 40, 70, 71, 81, 82, 92, 93, 103, 104, 114, 115, 125, 126, 158, 159, 169, 170, 180, 181, 193, 194, 222, 223, 233, 234], "summary": {"covered_lines": 35, "num_statements": 149, "percent_covered": 23.48993288590604, "percent_covered_display": "23", "missing_lines": 114, "excluded_lines": 0, "percent_statements_covered": 23.48993288590604, "percent_statements_covered_display": "23"}, "missing_lines": [16, 17, 18, 20, 25, 26, 27, 28, 29, 30, 32, 33, 34, 35, 36, 45, 47, 48, 49, 52, 59, 60, 61, 73, 74, 75, 76, 77, 78, 84, 85, 86, 87, 88, 89, 95, 96, 97, 98, 99, 100, 106, 107, 108, 109, 110, 111, 117, 118, 119, 120, 121, 122, 128, 129, 130, 132, 133, 136, 137, 138, 142, 143, 145, 146, 151, 152, 153, 161, 162, 163, 164, 165, 166, 172, 173, 174, 175, 176, 177, 183, 184, 185, 186, 187, 188, 199, 200, 201, 202, 203, 204, 206, 207, 208, 212, 213, 215, 216, 217, 218, 219, 225, 226, 227, 228, 229, 230, 236, 237, 238, 239, 240, 241], "excluded_lines": []}}}, "src\\routes\\feedback.py": {"executed_lines": [1, 4, 5, 6, 7, 10, 11, 12, 13, 14, 15, 17, 18, 19, 21, 26, 27, 29, 35, 36, 38, 39, 42, 43, 44, 45, 46, 47, 48, 51, 52, 53, 54, 55, 56, 57, 60, 61, 95, 96, 125, 126, 148, 149], "summary": {"covered_lines": 43, "num_statements": 79, "percent_covered": 54.43037974683544, "percent_covered_display": "54", "missing_lines": 36, "excluded_lines": 0, "percent_statements_covered": 54.43037974683544, "percent_statements_covered_display": "54"}, "missing_lines": [30, 31, 32, 34, 74, 75, 76, 78, 79, 87, 88, 89, 90, 91, 92, 109, 110, 111, 119, 120, 121, 122, 139, 140, 141, 142, 143, 144, 145, 162, 163, 164, 165, 166, 167, 168], "excluded_lines": [], "functions": {"submit_feedback": {"executed_lines": [], "summary": {"covered_lines": 0, "num_statements": 11, "percent_covered": 0.0, "percent_covered_display": "0", "missing_lines": 11, "excluded_lines": 0, "percent_statements_covered": 0.0, "percent_statements_covered_display": "0"}, "missing_lines": [74, 75, 76, 78, 79, 87, 88, 89, 90, 91, 92], "excluded_lines": []}, "log_query": {"executed_lines": [], "summary": {"covered_lines": 0, "num_statements": 7, "percent_covered": 0.0, "percent_covered_display": "0", "missing_lines": 7, "excluded_lines": 0, "percent_statements_covered": 0.0, "percent_statements_covered_display": "0"}, "missing_lines": [109, 110, 111, 119, 120, 121, 122], "excluded_lines": []}, "get_feedback_stats": {"executed_lines": [], "summary": {"covered_lines": 0, "num_statements": 7, "percent_covered": 0.0, "percent_covered_display": "0", "missing_lines": 7, "excluded_lines": 0, "percent_statements_covered": 0.0, "percent_statements_covered_display": "0"}, "missing_lines": [139, 140, 141, 142, 143, 144, 145], "excluded_lines": []}, "get_quality_stats": {"executed_lines": [], "summary": {"covered_lines": 0, "num_statements": 7, "percent_covered": 0.0, "percent_covered_display": "0", "missing_lines": 7, "excluded_lines": 0, "percent_statements_covered": 0.0, "percent_statements_covered_display": "0"}, "missing_lines": [162, 163, 164, 165, 166, 167, 168], "excluded_lines": []}, "": {"executed_lines": [1, 4, 5, 6, 7, 10, 11, 12, 13, 14, 15, 17, 18, 19, 21, 26, 27, 29, 35, 36, 38, 39, 42, 43, 44, 45, 46, 47, 48, 51, 52, 53, 54, 55, 56, 57, 60, 61, 95, 96, 125, 126, 148, 149], "summary": {"covered_lines": 43, "num_statements": 47, "percent_covered": 91.48936170212765, "percent_covered_display": "91", "missing_lines": 4, "excluded_lines": 0, "percent_statements_covered": 91.48936170212765, "percent_statements_covered_display": "91"}, "missing_lines": [30, 31, 32, 34], "excluded_lines": []}}, "classes": {"FeedbackRequest": {"executed_lines": [], "summary": {"covered_lines": 0, "num_statements": 0, "percent_covered": 100.0, "percent_covered_display": "100", "missing_lines": 0, "excluded_lines": 0, "percent_statements_covered": 100.0, "percent_statements_covered_display": "100"}, "missing_lines": [], "excluded_lines": []}, "QueryLogRequest": {"executed_lines": [], "summary": {"covered_lines": 0, "num_statements": 0, "percent_covered": 100.0, "percent_covered_display": "100", "missing_lines": 0, "excluded_lines": 0, "percent_statements_covered": 100.0, "percent_statements_covered_display": "100"}, "missing_lines": [], "excluded_lines": []}, "": {"executed_lines": [1, 4, 5, 6, 7, 10, 11, 12, 13, 14, 15, 17, 18, 19, 21, 26, 27, 29, 35, 36, 38, 39, 42, 43, 44, 45, 46, 47, 48, 51, 52, 53, 54, 55, 56, 57, 60, 61, 95, 96, 125, 126, 148, 149], "summary": {"covered_lines": 43, "num_statements": 79, "percent_covered": 54.43037974683544, "percent_covered_display": "54", "missing_lines": 36, "excluded_lines": 0, "percent_statements_covered": 54.43037974683544, "percent_statements_covered_display": "54"}, "missing_lines": [30, 31, 32, 34, 74, 75, 76, 78, 79, 87, 88, 89, 90, 91, 92, 109, 110, 111, 119, 120, 121, 122, 139, 140, 141, 142, 143, 144, 145, 162, 163, 164, 165, 166, 167, 168], "excluded_lines": []}}}, "src\\routes\\intelligent_monitoring.py": {"executed_lines": [1, 4, 5, 6, 8, 9, 11, 12, 15, 16, 17, 18, 21, 22, 23, 24, 27, 28, 51, 52], "summary": {"covered_lines": 17, "num_statements": 33, "percent_covered": 51.515151515151516, "percent_covered_display": "52", "missing_lines": 16, "excluded_lines": 0, "percent_statements_covered": 51.515151515151516, "percent_statements_covered_display": "52"}, "missing_lines": [34, 35, 36, 40, 42, 46, 47, 48, 58, 59, 60, 64, 66, 70, 71, 72], "excluded_lines": [], "functions": {"analyze_performance": {"executed_lines": [], "summary": {"covered_lines": 0, "num_statements": 8, "percent_covered": 0.0, "percent_covered_display": "0", "missing_lines": 8, "excluded_lines": 0, "percent_statements_covered": 0.0, "percent_statements_covered_display": "0"}, "missing_lines": [34, 35, 36, 40, 42, 46, 47, 48], "excluded_lines": []}, "predict_issues": {"executed_lines": [], "summary": {"covered_lines": 0, "num_statements": 8, "percent_covered": 0.0, "percent_covered_display": "0", "missing_lines": 8, "excluded_lines": 0, "percent_statements_covered": 0.0, "percent_statements_covered_display": "0"}, "missing_lines": [58, 59, 60, 64, 66, 70, 71, 72], "excluded_lines": []}, "": {"executed_lines": [1, 4, 5, 6, 8, 9, 11, 12, 15, 16, 17, 18, 21, 22, 23, 24, 27, 28, 51, 52], "summary": {"covered_lines": 17, "num_statements": 17, "percent_covered": 100.0, "percent_covered_display": "100", "missing_lines": 0, "excluded_lines": 0, "percent_statements_covered": 100.0, "percent_statements_covered_display": "100"}, "missing_lines": [], "excluded_lines": []}}, "classes": {"PerformanceAnalysisRequest": {"executed_lines": [], "summary": {"covered_lines": 0, "num_statements": 0, "percent_covered": 100.0, "percent_covered_display": "100", "missing_lines": 0, "excluded_lines": 0, "percent_statements_covered": 100.0, "percent_statements_covered_display": "100"}, "missing_lines": [], "excluded_lines": []}, "PredictionRequest": {"executed_lines": [], "summary": {"covered_lines": 0, "num_statements": 0, "percent_covered": 100.0, "percent_covered_display": "100", "missing_lines": 0, "excluded_lines": 0, "percent_statements_covered": 100.0, "percent_statements_covered_display": "100"}, "missing_lines": [], "excluded_lines": []}, "": {"executed_lines": [1, 4, 5, 6, 8, 9, 11, 12, 15, 16, 17, 18, 21, 22, 23, 24, 27, 28, 51, 52], "summary": {"covered_lines": 17, "num_statements": 33, "percent_covered": 51.515151515151516, "percent_covered_display": "52", "missing_lines": 16, "excluded_lines": 0, "percent_statements_covered": 51.515151515151516, "percent_statements_covered_display": "52"}, "missing_lines": [34, 35, 36, 40, 42, 46, 47, 48, 58, 59, 60, 64, 66, 70, 71, 72], "excluded_lines": []}}}, "src\\routes\\knowledge_graph.py": {"executed_lines": [1, 5, 6, 7, 8, 9, 11, 12, 15, 24, 25, 127, 128, 149, 150, 171, 172, 188, 189], "summary": {"covered_lines": 18, "num_statements": 98, "percent_covered": 18.367346938775512, "percent_covered_display": "18", "missing_lines": 80, "excluded_lines": 0, "percent_statements_covered": 18.367346938775512, "percent_statements_covered_display": "18"}, "missing_lines": [17, 18, 19, 21, 38, 39, 42, 43, 44, 48, 49, 52, 53, 54, 56, 57, 60, 61, 64, 75, 76, 77, 79, 80, 83, 85, 97, 100, 101, 102, 103, 105, 106, 113, 118, 119, 121, 133, 134, 135, 136, 137, 139, 140, 141, 142, 143, 144, 145, 146, 155, 156, 157, 158, 159, 161, 162, 163, 164, 165, 166, 167, 168, 174, 175, 176, 177, 178, 179, 180, 181, 182, 183, 184, 185, 198, 201, 205, 206, 207], "excluded_lines": [], "functions": {"get_metadata_service_url": {"executed_lines": [], "summary": {"covered_lines": 0, "num_statements": 4, "percent_covered": 0.0, "percent_covered_display": "0", "missing_lines": 4, "excluded_lines": 0, "percent_statements_covered": 0.0, "percent_statements_covered_display": "0"}, "missing_lines": [17, 18, 19, 21], "excluded_lines": []}, "get_graph": {"executed_lines": [], "summary": {"covered_lines": 0, "num_statements": 33, "percent_covered": 0.0, "percent_covered_display": "0", "missing_lines": 33, "excluded_lines": 0, "percent_statements_covered": 0.0, "percent_statements_covered_display": "0"}, "missing_lines": [38, 39, 42, 43, 44, 48, 49, 52, 53, 54, 56, 57, 60, 61, 64, 75, 76, 77, 79, 80, 83, 85, 97, 100, 101, 102, 103, 105, 106, 113, 118, 119, 121], "excluded_lines": []}, "get_entities": {"executed_lines": [], "summary": {"covered_lines": 0, "num_statements": 13, "percent_covered": 0.0, "percent_covered_display": "0", "missing_lines": 13, "excluded_lines": 0, "percent_statements_covered": 0.0, "percent_statements_covered_display": "0"}, "missing_lines": [133, 134, 135, 136, 137, 139, 140, 141, 142, 143, 144, 145, 146], "excluded_lines": []}, "get_relations": {"executed_lines": [], "summary": {"covered_lines": 0, "num_statements": 13, "percent_covered": 0.0, "percent_covered_display": "0", "missing_lines": 13, "excluded_lines": 0, "percent_statements_covered": 0.0, "percent_statements_covered_display": "0"}, "missing_lines": [155, 156, 157, 158, 159, 161, 162, 163, 164, 165, 166, 167, 168], "excluded_lines": []}, "get_entity": {"executed_lines": [], "summary": {"covered_lines": 0, "num_statements": 12, "percent_covered": 0.0, "percent_covered_display": "0", "missing_lines": 12, "excluded_lines": 0, "percent_statements_covered": 0.0, "percent_statements_covered_display": "0"}, "missing_lines": [174, 175, 176, 177, 178, 179, 180, 181, 182, 183, 184, 185], "excluded_lines": []}, "query_graph": {"executed_lines": [], "summary": {"covered_lines": 0, "num_statements": 5, "percent_covered": 0.0, "percent_covered_display": "0", "missing_lines": 5, "excluded_lines": 0, "percent_statements_covered": 0.0, "percent_statements_covered_display": "0"}, "missing_lines": [198, 201, 205, 206, 207], "excluded_lines": []}, "": {"executed_lines": [1, 5, 6, 7, 8, 9, 11, 12, 15, 24, 25, 127, 128, 149, 150, 171, 172, 188, 189], "summary": {"covered_lines": 18, "num_statements": 18, "percent_covered": 100.0, "percent_covered_display": "100", "missing_lines": 0, "excluded_lines": 0, "percent_statements_covered": 100.0, "percent_statements_covered_display": "100"}, "missing_lines": [], "excluded_lines": []}}, "classes": {"": {"executed_lines": [1, 5, 6, 7, 8, 9, 11, 12, 15, 24, 25, 127, 128, 149, 150, 171, 172, 188, 189], "summary": {"covered_lines": 18, "num_statements": 98, "percent_covered": 18.367346938775512, "percent_covered_display": "18", "missing_lines": 80, "excluded_lines": 0, "percent_statements_covered": 18.367346938775512, "percent_statements_covered_display": "18"}, "missing_lines": [17, 18, 19, 21, 38, 39, 42, 43, 44, 48, 49, 52, 53, 54, 56, 57, 60, 61, 64, 75, 76, 77, 79, 80, 83, 85, 97, 100, 101, 102, 103, 105, 106, 113, 118, 119, 121, 133, 134, 135, 136, 137, 139, 140, 141, 142, 143, 144, 145, 146, 155, 156, 157, 158, 159, 161, 162, 163, 164, 165, 166, 167, 168, 174, 175, 176, 177, 178, 179, 180, 181, 182, 183, 184, 185, 198, 201, 205, 206, 207], "excluded_lines": []}}}, "src\\routes\\knowledge_graph_monitor.py": {"executed_lines": [1, 4, 5, 6, 8, 9, 12, 13], "summary": {"covered_lines": 7, "num_statements": 15, "percent_covered": 46.666666666666664, "percent_covered_display": "47", "missing_lines": 8, "excluded_lines": 0, "percent_statements_covered": 46.666666666666664, "percent_statements_covered_display": "47"}, "missing_lines": [19, 20, 21, 22, 23, 24, 25, 26], "excluded_lines": [], "functions": {"get_knowledge_graph_stats": {"executed_lines": [], "summary": {"covered_lines": 0, "num_statements": 8, "percent_covered": 0.0, "percent_covered_display": "0", "missing_lines": 8, "excluded_lines": 0, "percent_statements_covered": 0.0, "percent_statements_covered_display": "0"}, "missing_lines": [19, 20, 21, 22, 23, 24, 25, 26], "excluded_lines": []}, "": {"executed_lines": [1, 4, 5, 6, 8, 9, 12, 13], "summary": {"covered_lines": 7, "num_statements": 7, "percent_covered": 100.0, "percent_covered_display": "100", "missing_lines": 0, "excluded_lines": 0, "percent_statements_covered": 100.0, "percent_statements_covered_display": "100"}, "missing_lines": [], "excluded_lines": []}}, "classes": {"": {"executed_lines": [1, 4, 5, 6, 8, 9, 12, 13], "summary": {"covered_lines": 7, "num_statements": 15, "percent_covered": 46.666666666666664, "percent_covered_display": "47", "missing_lines": 8, "excluded_lines": 0, "percent_statements_covered": 46.666666666666664, "percent_statements_covered_display": "47"}, "missing_lines": [19, 20, 21, 22, 23, 24, 25, 26], "excluded_lines": []}}}, "src\\routes\\neo4j_graph.py": {"executed_lines": [1, 5, 6, 7, 8, 10, 12, 15, 24, 25, 68, 69, 96, 97, 121, 122, 156, 157, 184, 185, 212, 213], "summary": {"covered_lines": 21, "num_statements": 124, "percent_covered": 16.93548387096774, "percent_covered_display": "17", "missing_lines": 103, "excluded_lines": 0, "percent_statements_covered": 16.93548387096774, "percent_statements_covered_display": "17"}, "missing_lines": [17, 18, 19, 21, 39, 40, 43, 44, 45, 46, 47, 49, 50, 52, 53, 55, 56, 60, 61, 62, 63, 64, 65, 74, 75, 77, 78, 79, 81, 82, 84, 85, 87, 91, 92, 93, 99, 100, 102, 103, 105, 106, 107, 108, 110, 114, 115, 116, 117, 118, 129, 130, 132, 133, 134, 136, 137, 142, 143, 145, 149, 150, 151, 152, 153, 162, 163, 165, 167, 168, 170, 171, 173, 177, 178, 179, 180, 181, 190, 191, 193, 194, 195, 197, 198, 200, 201, 203, 207, 208, 209, 223, 224, 226, 227, 229, 230, 232, 236, 237, 238, 239, 240], "excluded_lines": [], "functions": {"get_metadata_service_url": {"executed_lines": [], "summary": {"covered_lines": 0, "num_statements": 4, "percent_covered": 0.0, "percent_covered_display": "0", "missing_lines": 4, "excluded_lines": 0, "percent_statements_covered": 0.0, "percent_statements_covered_display": "0"}, "missing_lines": [17, 18, 19, 21], "excluded_lines": []}, "get_graph": {"executed_lines": [], "summary": {"covered_lines": 0, "num_statements": 19, "percent_covered": 0.0, "percent_covered_display": "0", "missing_lines": 19, "excluded_lines": 0, "percent_statements_covered": 0.0, "percent_statements_covered_display": "0"}, "missing_lines": [39, 40, 43, 44, 45, 46, 47, 49, 50, 52, 53, 55, 56, 60, 61, 62, 63, 64, 65], "excluded_lines": []}, "query_nodes": {"executed_lines": [], "summary": {"covered_lines": 0, "num_statements": 13, "percent_covered": 0.0, "percent_covered_display": "0", "missing_lines": 13, "excluded_lines": 0, "percent_statements_covered": 0.0, "percent_statements_covered_display": "0"}, "missing_lines": [74, 75, 77, 78, 79, 81, 82, 84, 85, 87, 91, 92, 93], "excluded_lines": []}, "get_node_details": {"executed_lines": [], "summary": {"covered_lines": 0, "num_statements": 14, "percent_covered": 0.0, "percent_covered_display": "0", "missing_lines": 14, "excluded_lines": 0, "percent_statements_covered": 0.0, "percent_statements_covered_display": "0"}, "missing_lines": [99, 100, 102, 103, 105, 106, 107, 108, 110, 114, 115, 116, 117, 118], "excluded_lines": []}, "get_node_neighbors": {"executed_lines": [], "summary": {"covered_lines": 0, "num_statements": 15, "percent_covered": 0.0, "percent_covered_display": "0", "missing_lines": 15, "excluded_lines": 0, "percent_statements_covered": 0.0, "percent_statements_covered_display": "0"}, "missing_lines": [129, 130, 132, 133, 134, 136, 137, 142, 143, 145, 149, 150, 151, 152, 153], "excluded_lines": []}, "search_nodes": {"executed_lines": [], "summary": {"covered_lines": 0, "num_statements": 13, "percent_covered": 0.0, "percent_covered_display": "0", "missing_lines": 13, "excluded_lines": 0, "percent_statements_covered": 0.0, "percent_statements_covered_display": "0"}, "missing_lines": [162, 163, 165, 167, 168, 170, 171, 173, 177, 178, 179, 180, 181], "excluded_lines": []}, "query_relationships": {"executed_lines": [], "summary": {"covered_lines": 0, "num_statements": 13, "percent_covered": 0.0, "percent_covered_display": "0", "missing_lines": 13, "excluded_lines": 0, "percent_statements_covered": 0.0, "percent_statements_covered_display": "0"}, "missing_lines": [190, 191, 193, 194, 195, 197, 198, 200, 201, 203, 207, 208, 209], "excluded_lines": []}, "execute_cypher": {"executed_lines": [], "summary": {"covered_lines": 0, "num_statements": 12, "percent_covered": 0.0, "percent_covered_display": "0", "missing_lines": 12, "excluded_lines": 0, "percent_statements_covered": 0.0, "percent_statements_covered_display": "0"}, "missing_lines": [223, 224, 226, 227, 229, 230, 232, 236, 237, 238, 239, 240], "excluded_lines": []}, "": {"executed_lines": [1, 5, 6, 7, 8, 10, 12, 15, 24, 25, 68, 69, 96, 97, 121, 122, 156, 157, 184, 185, 212, 213], "summary": {"covered_lines": 21, "num_statements": 21, "percent_covered": 100.0, "percent_covered_display": "100", "missing_lines": 0, "excluded_lines": 0, "percent_statements_covered": 100.0, "percent_statements_covered_display": "100"}, "missing_lines": [], "excluded_lines": []}}, "classes": {"": {"executed_lines": [1, 5, 6, 7, 8, 10, 12, 15, 24, 25, 68, 69, 96, 97, 121, 122, 156, 157, 184, 185, 212, 213], "summary": {"covered_lines": 21, "num_statements": 124, "percent_covered": 16.93548387096774, "percent_covered_display": "17", "missing_lines": 103, "excluded_lines": 0, "percent_statements_covered": 16.93548387096774, "percent_statements_covered_display": "17"}, "missing_lines": [17, 18, 19, 21, 39, 40, 43, 44, 45, 46, 47, 49, 50, 52, 53, 55, 56, 60, 61, 62, 63, 64, 65, 74, 75, 77, 78, 79, 81, 82, 84, 85, 87, 91, 92, 93, 99, 100, 102, 103, 105, 106, 107, 108, 110, 114, 115, 116, 117, 118, 129, 130, 132, 133, 134, 136, 137, 142, 143, 145, 149, 150, 151, 152, 153, 162, 163, 165, 167, 168, 170, 171, 173, 177, 178, 179, 180, 181, 190, 191, 193, 194, 195, 197, 198, 200, 201, 203, 207, 208, 209, 223, 224, 226, 227, 229, 230, 232, 236, 237, 238, 239, 240], "excluded_lines": []}}}, "src\\routes\\nl_query.py": {"executed_lines": [1, 4, 5, 6, 8, 9, 10, 12, 13, 16, 17, 18, 19, 22, 23, 78, 79], "summary": {"covered_lines": 15, "num_statements": 40, "percent_covered": 37.5, "percent_covered_display": "38", "missing_lines": 25, "excluded_lines": 0, "percent_statements_covered": 37.5, "percent_statements_covered_display": "38"}, "missing_lines": [35, 36, 39, 45, 46, 48, 51, 52, 57, 60, 62, 63, 64, 66, 73, 74, 75, 87, 88, 89, 93, 95, 100, 101, 102], "excluded_lines": [], "functions": {"execute_n
[...]
percent_statements_covered": 0.0, "percent_statements_covered_display": "0"}, "missing_lines": [108, 111, 112, 113, 114, 115, 118, 121, 122, 123, 124, 125, 126, 128, 129, 130, 131, 133], "excluded_lines": []}, "UnifiedSearchCache.set": {"executed_lines": [], "summary": {"covered_lines": 0, "num_statements": 18, "percent_covered": 0.0, "percent_covered_display": "0", "missing_lines": 18, "excluded_lines": 0, "percent_statements_covered": 0.0, "percent_statements_covered_display": "0"}, "missing_lines": [158, 159, 162, 164, 166, 170, 172, 177, 178, 179, 182, 183, 184, 185, 190, 191, 192, 194], "excluded_lines": []}, "UnifiedSearchCache.delete": {"executed_lines": [], "summary": {"covered_lines": 0, "num_statements": 19, "percent_covered": 0.0, "percent_covered_display": "0", "missing_lines": 19, "excluded_lines": 0, "percent_statements_covered": 0.0, "percent_statements_covered_display": "0"}, "missing_lines": [204, 206, 207, 208, 210, 211, 212, 213, 214, 217, 218, 219, 221, 222, 223, 224, 225, 226, 228], "excluded_lines": []}, "UnifiedSearchCache._is_expired": {"executed_lines": [], "summary": {"covered_lines": 0, "num_statements": 3, "percent_covered": 0.0, "percent_covered_display": "0", "missing_lines": 3, "excluded_lines": 0, "percent_statements_covered": 0.0, "percent_statements_covered_display": "0"}, "missing_lines": [232, 233, 234], "excluded_lines": []}, "UnifiedSearchCache.get_stats": {"executed_lines": [], "summary": {"covered_lines": 0, "num_statements": 8, "percent_covered": 0.0, "percent_covered_display": "0", "missing_lines": 8, "excluded_lines": 0, "percent_statements_covered": 0.0, "percent_statements_covered_display": "0"}, "missing_lines": [238, 250, 251, 252, 253, 254, 255, 257], "excluded_lines": []}, "": {"executed_lines": [1, 5, 6, 7, 8, 9, 11, 14, 15, 16, 22, 23, 25, 71, 89, 135, 196, 230, 236], "summary": {"covered_lines": 17, "num_statements": 20, "percent_covered": 85.0, "percent_covered_display": "85", "missing_lines": 3, "excluded_lines": 0, "percent_statements_covered": 85.0, "percent_statements_covered_display": "85"}, "missing_lines": [17, 18, 19], "excluded_lines": []}}, "classes": {"UnifiedSearchCache": {"executed_lines": [], "summary": {"covered_lines": 0, "num_statements": 85, "percent_covered": 0.0, "percent_covered_display": "0", "missing_lines": 85, "excluded_lines": 0, "percent_statements_covered": 0.0, "percent_statements_covered_display": "0"}, "missing_lines": [43, 44, 47, 50, 51, 53, 54, 55, 62, 63, 64, 65, 66, 67, 69, 79, 85, 86, 87, 108, 111, 112, 113, 114, 115, 118, 121, 122, 123, 124, 125, 126, 128, 129, 130, 131, 133, 158, 159, 162, 164, 166, 170, 172, 177, 178, 179, 182, 183, 184, 185, 190, 191, 192, 194, 204, 206, 207, 208, 210, 211, 212, 213, 214, 217, 218, 219, 221, 222, 223, 224, 225, 226, 228, 232, 233, 234, 238, 250, 251, 252, 253, 254, 255, 257], "excluded_lines": []}, "": {"executed_lines": [1, 5, 6, 7, 8, 9, 11, 14, 15, 16, 22, 23, 25, 71, 89, 135, 196, 230, 236], "summary": {"covered_lines": 17, "num_statements": 20, "percent_covered": 85.0, "percent_covered_display": "85", "missing_lines": 3, "excluded_lines": 0, "percent_statements_covered": 85.0, "percent_statements_covered_display": "85"}, "missing_lines": [17, 18, 19], "excluded_lines": []}}}, "src\\services\\unified_search_service.py": {"executed_lines": [1, 7, 8, 9, 10, 11, 12, 15, 16, 17, 22, 23, 24, 30, 31, 32, 37, 40, 41, 43, 97, 262, 285, 308, 335, 395, 421, 474, 482], "summary": {"covered_lines": 27, "num_statements": 211, "percent_covered": 12.796208530805687, "percent_covered_display": "13", "missing_lines": 184, "excluded_lines": 0, "percent_statements_covered": 12.796208530805687, "percent_statements_covered_display": "13"}, "missing_lines": [18, 19, 20, 25, 26, 27, 33, 34, 35, 50, 54, 60, 61, 64, 70, 71, 72, 73, 74, 75, 76, 77, 78, 81, 82, 83, 84, 85, 86, 87, 92, 93, 94, 95, 122, 123, 125, 128, 129, 130, 131, 133, 134, 135, 137, 146, 149, 150, 153, 154, 157, 159, 160, 161, 162, 163, 164, 165, 166, 167, 168, 169, 172, 178, 179, 180, 182, 184, 185, 186, 187, 188, 189, 190, 191, 197, 198, 199, 201, 202, 203, 204, 205, 207, 208, 216, 217, 218, 219, 220, 223, 224, 225, 226, 227, 231, 232, 233, 234, 235, 238, 241, 243, 257, 258, 260, 268, 269, 276, 277, 278, 279, 280, 281, 282, 283, 291, 292, 299, 300, 301, 302, 303, 304, 305, 306, 310, 311, 313, 314, 333, 337, 343, 344, 346, 348, 349, 350, 351, 371, 372, 373, 374, 375, 393, 401, 402, 404, 405, 408, 409, 410, 411, 412, 415, 416, 417, 419, 436, 439, 440, 441, 444, 445, 447, 457, 458, 459, 461, 462, 463, 464, 465, 467, 470, 472, 476, 477, 478, 479, 480, 484, 485, 486], "excluded_lines": [], "functions": {"UnifiedSearchService.__init__": {"executed_lines": [], "summary": {"covered_lines": 0, "num_statements": 25, "percent_covered": 0.0, "percent_covered_display": "0", "missing_lines": 25, "excluded_lines": 0, "percent_statements_covered": 0.0, "percent_statements_covered_display": "0"}, "missing_lines": [50, 54, 60, 61, 64, 70, 71, 72, 73, 74, 75, 76, 77, 78, 81, 82, 83, 84, 85, 86, 87, 92, 93, 94, 95], "excluded_lines": []}, "UnifiedSearchService.unified_search": {"executed_lines": [], "summary": {"covered_lines": 0, "num_statements": 62, "percent_covered": 0.0, "percent_covered_display": "0", "missing_lines": 62, "excluded_lines": 0, "percent_statements_covered": 0.0, "percent_statements_covered_display": "0"}, "missing_lines": [122, 123, 125, 128, 129, 130, 131, 133, 134, 135, 137, 146, 149, 150, 153, 154, 157, 159, 172, 178, 179, 180, 182, 184, 185, 186, 187, 188, 189, 190, 191, 197, 198, 199, 201, 202, 203, 204, 205, 207, 208, 216, 217, 218, 219, 220, 223, 224, 225, 226, 227, 231, 232, 233, 234, 235, 238, 241, 243, 257, 258, 260], "excluded_lines": []}, "UnifiedSearchService.unified_search.safe_search": {"executed_lines": [], "summary": {"covered_lines": 0, "num_statements": 10, "percent_covered": 0.0, "percent_covered_display": "0", "missing_lines": 10, "excluded_lines": 0, "percent_statements_covered": 0.0, "percent_statements_covered_display": "0"}, "missing_lines": [160, 161, 162, 163, 164, 165, 166, 167, 168, 169], "excluded_lines": []}, "UnifiedSearchService._search_knowledge_base": {"executed_lines": [], "summary": {"covered_lines": 0, "num_statements": 10, "percent_covered": 0.0, "percent_covered_display": "0", "missing_lines": 10, "excluded_lines": 0, "percent_statements_covered": 0.0, "percent_statements_covered_display": "0"}, "missing_lines": [268, 269, 276, 277, 278, 279, 280, 281, 282, 283], "excluded_lines": []}, "UnifiedSearchService._search_metadata_service": {"executed_lines": [], "summary": {"covered_lines": 0, "num_statements": 10, "percent_covered": 0.0, "percent_covered_display": "0", "missing_lines": 10, "excluded_lines": 0, "percent_statements_covered": 0.0, "percent_statements_covered_display": "0"}, "missing_lines": [291, 292, 299, 300, 301, 302, 303, 304, 305, 306], "excluded_lines": []}, "UnifiedSearchService._normalize_kb_results": {"executed_lines": [], "summary": {"covered_lines": 0, "num_statements": 5, "percent_covered": 0.0, "percent_covered_display": "0", "missing_lines": 5, "excluded_lines": 0, "percent_statements_covered": 0.0, "percent_statements_covered_display": "0"}, "missing_lines": [310, 311, 313, 314, 333], "excluded_lines": []}, "UnifiedSearchService._normalize_metadata_results": {"executed_lines": [], "summary": {"covered_lines": 0, "num_statements": 14, "percent_covered": 0.0, "percent_covered_display": "0", "missing_lines": 14, "excluded_lines": 0, "percent_statements_covered": 0.0, "percent_statements_covered_display": "0"}, "missing_lines": [337, 343, 344, 346, 348, 349, 350, 351, 371, 372, 373, 374, 375, 393], "excluded_lines": []}, "UnifiedSearchService._calculate_relevance_score": {"executed_lines": [], "summary": {"covered_lines": 0, "num_statements": 13, "percent_covered": 0.0, "percent_covered_display": "0", "missing_lines": 13, "excluded_lines": 0, "percent_statements_covered": 0.0, "percent_statements_covered_display": "0"}, "missing_lines": [401, 402, 404, 405, 408, 409, 410, 411, 412, 415, 416, 417, 419], "excluded_lines": []}, "UnifiedSearchService._merge_and_rank_results": {"executed_lines": [], "summary": {"covered_lines": 0, "num_statements": 18, "percent_covered": 0.0, "percent_covered_display": "0", "missing_lines": 18, "excluded_lines": 0, "percent_statements_covered": 0.0, "percent_statements_covered_display": "0"}, "missing_lines": [436, 439, 440, 441, 444, 445, 447, 457, 458, 459, 461, 462, 463, 464, 465, 467, 470, 472], "excluded_lines": []}, "UnifiedSearchService.close": {"executed_lines": [], "summary": {"covered_lines": 0, "num_statements": 5, "percent_covered": 0.0, "percent_covered_display": "0", "missing_lines": 5, "excluded_lines": 0, "percent_statements_covered": 0.0, "percent_statements_covered_display": "0"}, "missing_lines": [476, 477, 478, 479, 480], "excluded_lines": []}, "UnifiedSearchService.get_cache_stats": {"executed_lines": [], "summary": {"covered_lines": 0, "num_statements": 3, "percent_covered": 0.0, "percent_covered_display": "0", "missing_lines": 3, "excluded_lines": 0, "percent_statements_covered": 0.0, "percent_statements_covered_display": "0"}, "missing_lines": [484, 485, 486], "excluded_lines": []}, "": {"executed_lines": [1, 7, 8, 9, 10, 11, 12, 15, 16, 17, 22, 23, 24, 30, 31, 32, 37, 40, 41, 43, 97, 262, 285, 308, 335, 395, 421, 474, 482], "summary": {"covered_lines": 27, "num_statements": 36, "percent_covered": 75.0, "percent_covered_display": "75", "missing_lines": 9, "excluded_lines": 0, "percent_statements_covered": 75.0, "percent_statements_covered_display": "75"}, "missing_lines": [18, 19, 20, 25, 26, 27, 33, 34, 35], "excluded_lines": []}}, "classes": {"UnifiedSearchService": {"executed_lines": [], "summary": {"covered_lines": 0, "num_statements": 175, "percent_covered": 0.0, "percent_covered_display": "0", "missing_lines": 175, "excluded_lines": 0, "percent_statements_covered": 0.0, "percent_statements_covered_display": "0"}, "missing_lines": [50, 54, 60, 61, 64, 70, 71, 72, 73, 74, 75, 76, 77, 78, 81, 82, 83, 84, 85, 86, 87, 92, 93, 94, 95, 122, 123, 125, 128, 129, 130, 131, 133, 134, 135, 137, 146, 149, 150, 153, 154, 157, 159, 160, 161, 162, 163, 164, 165, 166, 167, 168, 169, 172, 178, 179, 180, 182, 184, 185, 186, 187, 188, 189, 190, 191, 197, 198, 199, 201, 202, 203, 204, 205, 207, 208, 216, 217, 218, 219, 220, 223, 224, 225, 226, 227, 231, 232, 233, 234, 235, 238, 241, 243, 257, 258, 260, 268, 269, 276, 277, 278, 279, 280, 281, 282, 283, 291, 292, 299, 300, 301, 302, 303, 304, 305, 306, 310, 311, 313, 314, 333, 337, 343, 344, 346, 348, 349, 350, 351, 371, 372, 373, 374, 375, 393, 401, 402, 404, 405, 408, 409, 410, 411, 412, 415, 416, 417, 419, 436, 439, 440, 441, 444, 445, 447, 457, 458, 459, 461, 462, 463, 464, 465, 467, 470, 472, 476, 477, 478, 479, 480, 484, 485, 486], "excluded_lines": []}, "": {"executed_lines": [1, 7, 8, 9, 10, 11, 12, 15, 16, 17, 22, 23, 24, 30, 31, 32, 37, 40, 41, 43, 97, 262, 285, 308, 335, 395, 421, 474, 482], "summary": {"covered_lines": 27, "num_statements": 36, "percent_covered": 75.0, "percent_covered_display": "75", "missing_lines": 9, "excluded_lines": 0, "percent_statements_covered": 75.0, "percent_statements_covered_display": "75"}, "missing_lines": [18, 19, 20, 25, 26, 27, 33, 34, 35], "excluded_lines": []}}}, "src\\services\\value_metrics_service.py": {"executed_lines": [1, 5, 6, 7, 8, 9, 10, 11, 13, 15, 18, 19, 20, 22, 23, 24, 25, 26, 27, 28, 29, 32, 33, 35, 38, 81, 124, 190], "summary": {"covered_lines": 25, "num_statements": 99, "percent_covered": 25.252525252525253, "percent_covered_display": "25", "missing_lines": 74, "excluded_lines": 0, "percent_statements_covered": 25.252525252525253, "percent_statements_covered_display": "25"}, "missing_lines": [36, 57, 58, 65, 66, 67, 69, 71, 76, 77, 78, 79, 100, 101, 108, 109, 110, 112, 114, 119, 120, 121, 122, 135, 137, 138, 139, 140, 141, 142, 144, 147, 148, 149, 150, 151, 153, 156, 157, 158, 160, 161, 162, 163, 168, 169, 170, 173, 174, 175, 177, 186, 187, 188, 201, 203, 204, 205, 206, 207, 208, 210, 213, 214, 215, 216, 217, 219, 222, 223, 225, 232, 233, 234], "excluded_lines": [], "functions": {"ValueMetricsService.__init__": {"executed_lines": [], "summary": {"covered_lines": 0, "num_statements": 1, "percent_covered": 0.0, "percent_covered_display": "0", "missing_lines": 1, "excluded_lines": 0, "percent_statements_covered": 0.0, "percent_statements_covered_display": "0"}, "missing_lines": [36], "excluded_lines": []}, "ValueMetricsService.record_operation_time": {"executed_lines": [], "summary": {"covered_lines": 0, "num_statements": 11, "percent_covered": 0.0, "percent_covered_display": "0", "missing_lines": 11, "excluded_lines": 0, "percent_statements_covered": 0.0, "percent_statements_covered_display": "0"}, "missing_lines": [57, 58, 65, 66, 67, 69, 71, 76, 77, 78, 79], "excluded_lines": []}, "ValueMetricsService.record_error_reduction": {"executed_lines": [], "summary": {"covered_lines": 0, "num_statements": 11, "percent_covered": 0.0, "percent_covered_display": "0", "missing_lines": 11, "excluded_lines": 0, "percent_statements_covered": 0.0, "percent_statements_covered_display": "0"}, "missing_lines": [100, 101, 108, 109, 110, 112, 114, 119, 120, 121, 122], "excluded_lines": []}, "ValueMetricsService.get_time_savings": {"executed_lines": [], "summary": {"covered_lines": 0, "num_statements": 31, "percent_covered": 0.0, "percent_covered_display": "0", "missing_lines": 31, "excluded_lines": 0, "percent_statements_covered": 0.0, "percent_statements_covered_display": "0"}, "missing_lines": [135, 137, 138, 139, 140, 141, 142, 144, 147, 148, 149, 150, 151, 153, 156, 157, 158, 160, 161, 162, 163, 168, 169, 170, 173, 174, 175, 177, 186, 187, 188], "excluded_lines": []}, "ValueMetricsService.get_error_reduction": {"executed_lines": [], "summary": {"covered_lines": 0, "num_statements": 20, "percent_covered": 0.0, "percent_covered_display": "0", "missing_lines": 20, "excluded_lines": 0, "percent_statements_covered": 0.0, "percent_statements_covered_display": "0"}, "missing_lines": [201, 203, 204, 205, 206, 207, 208, 210, 213, 214, 215, 216, 217, 219, 222, 223, 225, 232, 233, 234], "excluded_lines": []}, "": {"executed_lines": [1, 5, 6, 7, 8, 9, 10, 11, 13, 15, 18, 19, 20, 22, 23, 24, 25, 26, 27, 28, 29, 32, 33, 35, 38, 81, 124, 190], "summary": {"covered_lines": 25, "num_statements": 25, "percent_covered": 100.0, "percent_covered_display": "100", "missing_lines": 0, "excluded_lines": 0, "percent_statements_covered": 100.0, "percent_statements_covered_display": "100"}, "missing_lines": [], "excluded_lines": []}}, "classes": {"ValueMetric": {"executed_lines": [], "summary": {"covered_lines": 0, "num_statements": 0, "percent_covered": 100.0, "percent_covered_display": "100", "missing_lines": 0, "excluded_lines": 0, "percent_statements_covered": 100.0, "percent_statements_covered_display": "100"}, "missing_lines": [], "excluded_lines": []}, "ValueMetricsService": {"executed_lines": [], "summary": {"covered_lines": 0, "num_statements": 74, "percent_covered": 0.0, "percent_covered_display": "0", "missing_lines": 74, "excluded_lines": 0, "percent_statements_covered": 0.0, "percent_statements_covered_display": "0"}, "missing_lines": [36, 57, 58, 65, 66, 67, 69, 71, 76, 77, 78, 79, 100, 101, 108, 109, 110, 112, 114, 119, 120, 121, 122, 135, 137, 138, 139, 140, 141, 142, 144, 147, 148, 149, 150, 151, 153, 156, 157, 158, 160, 161, 162, 163, 168, 169, 170, 173, 174, 175, 177, 186, 187, 188, 201, 203, 204, 205, 206, 207, 208, 210, 213, 214, 215, 216, 217, 219, 222, 223, 225, 232, 233, 234], "excluded_lines": []}, "": {"executed_lines": [1, 5, 6, 7, 8, 9, 10, 11, 13, 15, 18, 19, 20, 22, 23, 24, 25, 26, 27, 28, 29, 32, 33, 35, 38, 81, 124, 190], "summary": {"covered_lines": 25, "num_statements": 25, "percent_covered": 100.0, "percent_covered_display": "100", "missing_lines": 0, "excluded_lines": 0, "percent_statements_covered": 100.0, "percent_statements_covered_display": "100"}, "missing_lines": [], "excluded_lines": []}}}, "src\\services\\vector_coordinator_client.py": {"executed_lines": [1, 5, 6, 7, 8, 10, 13, 14, 16, 26, 66, 104, 135], "summary": {"covered_lines": 11, "num_statements": 48, "percent_covered": 22.916666666666668, "percent_covered_display": "23", "missing_lines": 37, "excluded_lines": 0, "percent_statements_covered": 22.916666666666668, "percent_statements_covered_display": "23"}, "missing_lines": [17, 21, 45, 46, 50, 51, 52, 53, 55, 59, 60, 61, 62, 63, 64, 85, 86, 91, 92, 94, 98, 99, 100, 101, 102, 119, 120, 121, 122, 124, 128, 129, 130, 131, 132, 133, 137], "excluded_lines": [], "functions": {"VectorCoordinatorClient.__init__": {"executed_lines": [], "summary": {"covered_lines": 0, "num_statements": 2, "percent_covered": 0.0, "percent_covered_display": "0", "missing_lines": 2, "excluded_lines": 0, "percent_statements_covered": 0.0, "percent_statements_covered_display": "0"}, "missing_lines": [17, 21], "excluded_lines": []}, "VectorCoordinatorClient.find_similar_vectors": {"executed_lines": [], "summary": {"covered_lines": 0, "num_statements": 13, "percent_covered": 0.0, "percent_covered_display": "0", "missing_lines": 13, "excluded_lines": 0, "percent_statements_covered": 0.0, "percent_statements_covered_display": "0"}, "missing_lines": [45, 46, 50, 51, 52, 53, 55, 59, 60, 61, 62, 63, 64], "excluded_lines": []}, "VectorCoordinatorClient.register_vector": {"executed_lines": [], "summary": {"covered_lines": 0, "num_statements": 10, "percent_covered": 0.0, "percent_covered_display": "0", "missing_lines": 10, "excluded_lines": 0, "percent_statements_covered": 0.0, "percent_statements_covered_display": "0"}, "missing_lines": [85, 86, 91, 92, 94, 98, 99, 100, 101, 102], "excluded_lines": []}, "VectorCoordinatorClient.fuse_vectors": {"executed_lines": [], "summary": {"covered_lines": 0, "num_statements": 11, "percent_covered": 0.0, "percent_covered_display": "0", "missing_lines": 11, "excluded_lines": 0, "percent_statements_covered": 0.0, "percent_statements_covered_display": "0"}, "missing_lines": [119, 120, 121, 122, 124, 128, 129, 130, 131, 132, 133], "excluded_lines": []}, "VectorCoordinatorClient.close": {"executed_lines": [], "summary": {"covered_lines": 0, "num_statements": 1, "percent_covered": 0.0, "percent_covered_display": "0", "missing_lines": 1, "excluded_lines": 0, "percent_statements_covered": 0.0, "percent_statements_covered_display": "0"}, "missing_lines": [137], "excluded_lines": []}, "": {"executed_lines": [1, 5, 6, 7, 8, 10, 13, 14, 16, 26, 66, 104, 135], "summary": {"covered_lines": 11, "num_statements": 11, "percent_covered": 100.0, "percent_covered_display": "100", "missing_lines": 0, "excluded_lines": 0, "percent_statements_covered": 100.0, "percent_statements_covered_display": "100"}, "missing_lines": [], "excluded_lines": []}}, "classes": {"VectorCoordinatorClient": {"executed_lines": [], "summary": {"covered_lines": 0, "num_statements": 37, "percent_covered": 0.0, "percent_covered_display": "0", "missing_lines": 37, "excluded_lines": 0, "percent_statements_covered": 0.0, "percent_statements_covered_display": "0"}, "missing_lines": [17, 21, 45, 46, 50, 51, 52, 53, 55, 59, 60, 61, 62, 63, 64, 85, 86, 91, 92, 94, 98, 99, 100, 101, 102, 119, 120, 121, 122, 124, 128, 129, 130, 131, 132, 133, 137], "excluded_lines": []}, "": {"executed_lines": [1, 5, 6, 7, 8, 10, 13, 14, 16, 26, 66, 104, 135], "summary": {"covered_lines": 11, "num_statements": 11, "percent_covered": 100.0, "percent_covered_display": "100", "missing_lines": 0, "excluded_lines": 0, "percent_statements_covered": 100.0, "percent_statements_covered_display": "100"}, "missing_lines": [], "excluded_lines": []}}}}, "totals": {"covered_lines": 852, "num_statements": 2684, "percent_covered": 31.74366616989568, "percent_covered_display": "32", "missing_lines": 1832, "excluded_lines": 0, "percent_statements_covered": 31.74366616989568, "percent_statements_covered_display": "32"}}