<?xml version="1.0" encoding="utf-8"?><testsuites><testsuite name="pytest" errors="0" failures="0" skipped="13" tests="13" time="4.056" timestamp="2025-12-03T19:43:56.264477+08:00" hostname="VM-0-10-ubuntu"><testcase classname="tests.test_complete_real_world.TestRealSemanticEngine" name="test_engine_initialization" time="0.020"><skipped type="pytest.skip" message="数据库连接失败，跳过真实环境测试">/opt/enterprise-ai-platform/tests/test_complete_real_world.py:77: 数据库连接失败，跳过真实环境测试</skipped></testcase><testcase classname="tests.test_complete_real_world.TestRealSemanticEngine" name="test_query_intent_real" time="0.000"><skipped type="pytest.skip" message="数据库连接失败，跳过真实环境测试">/opt/enterprise-ai-platform/tests/test_complete_real_world.py:88: 数据库连接失败，跳过真实环境测试</skipped></testcase><testcase classname="tests.test_complete_real_world.TestRealSemanticEngine" name="test_get_activity_by_id" time="0.000"><skipped type="pytest.skip" message="数据库连接失败，跳过真实环境测试">/opt/enterprise-ai-platform/tests/test_complete_real_world.py:133: 数据库连接失败，跳过真实环境测试</skipped></testcase><testcase classname="tests.test_complete_real_world.TestRealSemanticEngine" name="test_get_activities_by_domain" time="0.000"><skipped type="pytest.skip" message="数据库连接失败，跳过真实环境测试">/opt/enterprise-ai-platform/tests/test_complete_real_world.py:147: 数据库连接失败，跳过真实环境测试</skipped></testcase><testcase classname="tests.test_complete_real_world.TestRealSemanticEngine" name="test_search_activities" time="0.000"><skipped type="pytest.skip" message="数据库连接失败，跳过真实环境测试">/opt/enterprise-ai-platform/tests/test_complete_real_world.py:161: 数据库连接失败，跳过真实环境测试</skipped></testcase><testcase classname="tests.test_complete_real_world.TestRealSemanticEngine" name="test_recommend_activities" time="0.000"><skipped type="pytest.skip" message="数据库连接失败，跳过真实环境测试">/opt/enterprise-ai-platform/tests/test_complete_real_world.py:183: 数据库连接失败，跳过真实环境测试</skipped></testcase><testcase classname="tests.test_complete_real_world.TestRealUnifiedIntentService" name="test_understand_intent_real" time="0.000"><skipped type="pytest.skip" message="数据库连接失败，跳过真实环境测试">/opt/enterprise-ai-platform/tests/test_complete_real_world.py:214: 数据库连接失败，跳过真实环境测试</skipped></testcase><testcase classname="tests.test_complete_real_world.TestRealUnifiedIntentService" name="test_execution_suggestions" time="0.000"><skipped type="pytest.skip" message="数据库连接失败，跳过真实环境测试">/opt/enterprise-ai-platform/tests/test_complete_real_world.py:255: 数据库连接失败，跳过真实环境测试</skipped></testcase><testcase classname="tests.test_complete_real_world.TestRealDataModels" name="test_business_activity_model" time="0.000"><skipped type="pytest.skip" message="数据库连接失败，跳过真实环境测试">/opt/enterprise-ai-platform/tests/test_complete_real_world.py:285: 数据库连接失败，跳过真实环境测试</skipped></testcase><testcase classname="tests.test_complete_real_world.TestRealDataModels" name="test_capability_unit_model" time="0.000"><skipped type="pytest.skip" message="数据库连接失败，跳过真实环境测试">/opt/enterprise-ai-platform/tests/test_complete_real_world.py:315: 数据库连接失败，跳过真实环境测试</skipped></testcase><testcase classname="tests.test_complete_real_world.TestRealDataModels" name="test_activity_capability_mapping" time="0.000"><skipped type="pytest.skip" message="数据库连接失败，跳过真实环境测试">/opt/enterprise-ai-platform/tests/test_complete_real_world.py:342: 数据库连接失败，跳过真实环境测试</skipped></testcase><testcase classname="tests.test_complete_real_world.TestRealEndToEndFlow" name="test_procurement_workflow_real" time="0.000"><skipped type="pytest.skip" message="数据库连接失败，跳过真实环境测试">/opt/enterprise-ai-platform/tests/test_complete_real_world.py:379: 数据库连接失败，跳过真实环境测试</skipped></testcase><testcase classname="tests.test_complete_real_world.TestRealEndToEndFlow" name="test_performance_real" time="0.000"><skipped type="pytest.skip" message="数据库连接失败，跳过真实环境测试">/opt/enterprise-ai-platform/tests/test_complete_real_world.py:444: 数据库连接失败，跳过真实环境测试</skipped></testcase></testsuite></testsuites>