<?xml version="1.0" encoding="utf-8"?><testsuites><testsuite name="pytest" errors="1" failures="0" skipped="0" tests="1" time="3.264" timestamp="2025-12-03T19:44:04.688354+08:00" hostname="VM-0-10-ubuntu"><testcase classname="" name="tests.test_enhanced_intelligent_router" time="0.000"><error message="collection failure">ImportError while importing test module '/opt/enterprise-ai-platform/tests/test_enhanced_intelligent_router.py'.
Hint: make sure your test modules/packages have valid Python names.
Traceback:
/home/ubuntu/.local/lib/python3.8/site-packages/_pytest/python.py:493: in importtestmodule
    mod = import_path(
/home/ubuntu/.local/lib/python3.8/site-packages/_pytest/pathlib.py:587: in import_path
    importlib.import_module(module_name)
/usr/lib/python3.8/importlib/__init__.py:127: in import_module
    return _bootstrap._gcd_import(name[level:], package, level)
&lt;frozen importlib._bootstrap&gt;:1014: in _gcd_import
    ???
&lt;frozen importlib._bootstrap&gt;:991: in _find_and_load
    ???
&lt;frozen importlib._bootstrap&gt;:975: in _find_and_load_unlocked
    ???
&lt;frozen importlib._bootstrap&gt;:671: in _load_unlocked
    ???
/home/ubuntu/.local/lib/python3.8/site-packages/_pytest/assertion/rewrite.py:185: in exec_module
    exec(co, module.__dict__)
tests/test_enhanced_intelligent_router.py:27: in &lt;module&gt;
    spec.loader.exec_module(enhanced_router_module)
&lt;frozen importlib._bootstrap_external&gt;:848: in exec_module
    ???
&lt;frozen importlib._bootstrap&gt;:219: in _call_with_frames_removed
    ???
api-gateway/src/core/enhanced_intelligent_router.py:18: in &lt;module&gt;
    from .intelligent_router import IntelligentRouter, RouteIntent, IntentAnalysis
E   ModuleNotFoundError: No module named 'api_gateway'</error></testcase></testsuite></testsuites>