<?xml version="1.0" encoding="utf-8"?><testsuites><testsuite name="pytest" errors="0" failures="0" skipped="5" tests="5" time="4.919" timestamp="2025-12-03T19:43:50.950367+08:00" hostname="VM-0-10-ubuntu"><testcase classname="tests.test_e2e_procurement.TestEndToEndProcurement" name="test_procurement_scenario_1_create_po" time="0.623"><skipped type="pytest.skip" message="数据库连接失败，跳过端到端测试">/opt/enterprise-ai-platform/tests/test_e2e_procurement.py:67: 数据库连接失败，跳过端到端测试</skipped></testcase><testcase classname="tests.test_e2e_procurement.TestEndToEndProcurement" name="test_procurement_scenario_2_query_po" time="0.000"><skipped type="pytest.skip" message="数据库连接失败，跳过端到端测试">/opt/enterprise-ai-platform/tests/test_e2e_procurement.py:107: 数据库连接失败，跳过端到端测试</skipped></testcase><testcase classname="tests.test_e2e_procurement.TestEndToEndProcurement" name="test_procurement_scenario_3_approve_po" time="0.000"><skipped type="pytest.skip" message="数据库连接失败，跳过端到端测试">/opt/enterprise-ai-platform/tests/test_e2e_procurement.py:132: 数据库连接失败，跳过端到端测试</skipped></testcase><testcase classname="tests.test_e2e_procurement.TestEndToEndProcurement" name="test_semantic_engine_integration" time="0.000"><skipped type="pytest.skip" message="数据库连接失败，跳过端到端测试">/opt/enterprise-ai-platform/tests/test_e2e_procurement.py:159: 数据库连接失败，跳过端到端测试</skipped></testcase><testcase classname="tests.test_e2e_procurement.TestEndToEndProcurement" name="test_performance_metrics" time="0.000"><skipped type="pytest.skip" message="数据库连接失败，跳过端到端测试">/opt/enterprise-ai-platform/tests/test_e2e_procurement.py:184: 数据库连接失败，跳过端到端测试</skipped></testcase></testsuite></testsuites>