<?xml version="1.0" encoding="utf-8"?><testsuites><testsuite name="pytest" errors="0" failures="0" skipped="20" tests="20" time="3.719" timestamp="2025-12-03T19:44:00.668344+08:00" hostname="VM-0-10-ubuntu"><testcase classname="tests.test_enterprise_semantic_engine_comprehensive.TestEnterpriseSemanticEngine" name="test_engine_initialization" time="0.020"><skipped type="pytest.skip" message="数据库连接失败，跳过测试">/opt/enterprise-ai-platform/tests/test_enterprise_semantic_engine_comprehensive.py:56: 数据库连接失败，跳过测试</skipped></testcase><testcase classname="tests.test_enterprise_semantic_engine_comprehensive.TestEnterpriseSemanticEngine" name="test_query_intent_basic" time="0.000"><skipped type="pytest.skip" message="数据库连接失败，跳过测试">/opt/enterprise-ai-platform/tests/test_enterprise_semantic_engine_comprehensive.py:69: 数据库连接失败，跳过测试</skipped></testcase><testcase classname="tests.test_enterprise_semantic_engine_comprehensive.TestEnterpriseSemanticEngine" name="test_query_intent_with_context" time="0.000"><skipped type="pytest.skip" message="数据库连接失败，跳过测试">/opt/enterprise-ai-platform/tests/test_enterprise_semantic_engine_comprehensive.py:89: 数据库连接失败，跳过测试</skipped></testcase><testcase classname="tests.test_enterprise_semantic_engine_comprehensive.TestEnterpriseSemanticEngine" name="test_query_intent_empty_result" time="0.000"><skipped type="pytest.skip" message="数据库连接失败，跳过测试">/opt/enterprise-ai-platform/tests/test_enterprise_semantic_engine_comprehensive.py:111: 数据库连接失败，跳过测试</skipped></testcase><testcase classname="tests.test_enterprise_semantic_engine_comprehensive.TestEnterpriseSemanticEngine" name="test_search_activities" time="0.000"><skipped type="pytest.skip" message="数据库连接失败，跳过测试">/opt/enterprise-ai-platform/tests/test_enterprise_semantic_engine_comprehensive.py:126: 数据库连接失败，跳过测试</skipped></testcase><testcase classname="tests.test_enterprise_semantic_engine_comprehensive.TestEnterpriseSemanticEngine" name="test_search_activities_all_domains" time="0.000"><skipped type="pytest.skip" message="数据库连接失败，跳过测试">/opt/enterprise-ai-platform/tests/test_enterprise_semantic_engine_comprehensive.py:147: 数据库连接失败，跳过测试</skipped></testcase><testcase classname="tests.test_enterprise_semantic_engine_comprehensive.TestEnterpriseSemanticEngine" name="test_recommend_activities" time="0.000"><skipped type="pytest.skip" message="数据库连接失败，跳过测试">/opt/enterprise-ai-platform/tests/test_enterprise_semantic_engine_comprehensive.py:163: 数据库连接失败，跳过测试</skipped></testcase><testcase classname="tests.test_enterprise_semantic_engine_comprehensive.TestEnterpriseSemanticEngine" name="test_recommend_activities_nonexistent" time="0.000"><skipped type="pytest.skip" message="数据库连接失败，跳过测试">/opt/enterprise-ai-platform/tests/test_enterprise_semantic_engine_comprehensive.py:193: 数据库连接失败，跳过测试</skipped></testcase><testcase classname="tests.test_enterprise_semantic_engine_comprehensive.TestEnterpriseSemanticEngine" name="test_get_activity_by_id" time="0.000"><skipped type="pytest.skip" message="数据库连接失败，跳过测试">/opt/enterprise-ai-platform/tests/test_enterprise_semantic_engine_comprehensive.py:203: 数据库连接失败，跳过测试</skipped></testcase><testcase classname="tests.test_enterprise_semantic_engine_comprehensive.TestEnterpriseSemanticEngine" name="test_get_activity_by_id_nonexistent" time="0.000"><skipped type="pytest.skip" message="数据库连接失败，跳过测试">/opt/enterprise-ai-platform/tests/test_enterprise_semantic_engine_comprehensive.py:217: 数据库连接失败，跳过测试</skipped></testcase><testcase classname="tests.test_enterprise_semantic_engine_comprehensive.TestEnterpriseSemanticEngine" name="test_get_activities_by_domain" time="0.000"><skipped type="pytest.skip" message="数据库连接失败，跳过测试">/opt/enterprise-ai-platform/tests/test_enterprise_semantic_engine_comprehensive.py:224: 数据库连接失败，跳过测试</skipped></testcase><testcase classname="tests.test_enterprise_semantic_engine_comprehensive.TestEnterpriseSemanticEngine" name="test_get_activities_by_domain_empty" time="0.000"><skipped type="pytest.skip" message="数据库连接失败，跳过测试">/opt/enterprise-ai-platform/tests/test_enterprise_semantic_engine_comprehensive.py:237: 数据库连接失败，跳过测试</skipped></testcase><testcase classname="tests.test_enterprise_semantic_engine_comprehensive.TestEnterpriseSemanticEngine" name="test_text_to_vector" time="0.000"><skipped type="pytest.skip" message="数据库连接失败，跳过测试">/opt/enterprise-ai-platform/tests/test_enterprise_semantic_engine_comprehensive.py:246: 数据库连接失败，跳过测试</skipped></testcase><testcase classname="tests.test_enterprise_semantic_engine_comprehensive.TestEnterpriseSemanticEngine" name="test_calculate_similarity" time="0.000"><skipped type="pytest.skip" message="数据库连接失败，跳过测试">/opt/enterprise-ai-platform/tests/test_enterprise_semantic_engine_comprehensive.py:266: 数据库连接失败，跳过测试</skipped></testcase><testcase classname="tests.test_enterprise_semantic_engine_comprehensive.TestEnterpriseSemanticEngine" name="test_calculate_activity_similarity" time="0.000"><skipped type="pytest.skip" message="数据库连接失败，跳过测试">/opt/enterprise-ai-platform/tests/test_enterprise_semantic_engine_comprehensive.py:291: 数据库连接失败，跳过测试</skipped></testcase><testcase classname="tests.test_enterprise_semantic_engine_comprehensive.TestEnterpriseSemanticEngine" name="test_text_similarity" time="0.000"><skipped type="pytest.skip" message="数据库连接失败，跳过测试">/opt/enterprise-ai-platform/tests/test_enterprise_semantic_engine_comprehensive.py:331: 数据库连接失败，跳过测试</skipped></testcase><testcase classname="tests.test_enterprise_semantic_engine_comprehensive.TestEnterpriseSemanticEngine" name="test_generate_recommendation_reason" time="0.000"><skipped type="pytest.skip" message="数据库连接失败，跳过测试">/opt/enterprise-ai-platform/tests/test_enterprise_semantic_engine_comprehensive.py:350: 数据库连接失败，跳过测试</skipped></testcase><testcase classname="tests.test_enterprise_semantic_engine_comprehensive.TestEnterpriseSemanticEngine" name="test_context_manager" time="0.000"><skipped type="pytest.skip" message="数据库连接失败，跳过测试">/opt/enterprise-ai-platform/tests/test_enterprise_semantic_engine_comprehensive.py:387: 数据库连接失败，跳过测试</skipped></testcase><testcase classname="tests.test_enterprise_semantic_engine_comprehensive.TestEnterpriseSemanticEngineIntegration" name="test_end_to_end_workflow" time="0.000"><skipped type="pytest.skip" message="数据库连接失败，跳过测试">/opt/enterprise-ai-platform/tests/test_enterprise_semantic_engine_comprehensive.py:413: 数据库连接失败，跳过测试</skipped></testcase><testcase classname="tests.test_enterprise_semantic_engine_comprehensive.TestEnterpriseSemanticEngineIntegration" name="test_performance_query_intent" time="0.000"><skipped type="pytest.skip" message="数据库连接失败，跳过测试">/opt/enterprise-ai-platform/tests/test_enterprise_semantic_engine_comprehensive.py:442: 数据库连接失败，跳过测试</skipped></testcase></testsuite></testsuites>