<?xml version="1.0" encoding="utf-8"?><testsuites><testsuite name="pytest" errors="0" failures="0" skipped="5" tests="5" time="3.587" timestamp="2025-12-03T19:43:47.089403+08:00" hostname="VM-0-10-ubuntu"><testcase classname="tests.test_collaborative_interface_api.TestCollaborativeAPI" name="test_health_check" time="0.001"><skipped type="pytest.skip" message="API不可用">/opt/enterprise-ai-platform/tests/test_collaborative_interface_api.py:59: API不可用</skipped></testcase><testcase classname="tests.test_collaborative_interface_api.TestCollaborativeAPI" name="test_intent_understanding_endpoint" time="0.000"><skipped type="pytest.skip" message="API不可用">/opt/enterprise-ai-platform/tests/test_collaborative_interface_api.py:69: API不可用</skipped></testcase><testcase classname="tests.test_collaborative_interface_api.TestCollaborativeAPI" name="test_execution_plan_assembly" time="0.000"><skipped type="pytest.skip" message="API不可用">/opt/enterprise-ai-platform/tests/test_collaborative_interface_api.py:96: API不可用</skipped></testcase><testcase classname="tests.test_collaborative_interface_api.TestCollaborativeAPI" name="test_execution_plan_validation" time="0.000"><skipped type="pytest.skip" message="API不可用">/opt/enterprise-ai-platform/tests/test_collaborative_interface_api.py:135: API不可用</skipped></testcase><testcase classname="tests.test_collaborative_interface_api.TestCollaborativeAPI" name="test_parameter_validation" time="0.000"><skipped type="pytest.skip" message="API不可用">/opt/enterprise-ai-platform/tests/test_collaborative_interface_api.py:161: API不可用</skipped></testcase></testsuite></testsuites>