<?xml version="1.0" encoding="utf-8"?><testsuites><testsuite name="pytest" errors="0" failures="0" skipped="5" tests="5" time="3.693" timestamp="2025-12-03T19:43:43.122028+08:00" hostname="VM-0-10-ubuntu"><testcase classname="tests.test_unified_intent_api.TestUnifiedIntentAPI" name="test_health_check" time="0.002"><skipped type="pytest.skip" message="API不可用">/opt/enterprise-ai-platform/tests/test_unified_intent_api.py:47: API不可用</skipped></testcase><testcase classname="tests.test_unified_intent_api.TestUnifiedIntentAPI" name="test_intent_understanding_endpoint" time="0.000"><skipped type="pytest.skip" message="API不可用">/opt/enterprise-ai-platform/tests/test_unified_intent_api.py:58: API不可用</skipped></testcase><testcase classname="tests.test_unified_intent_api.TestUnifiedIntentAPI" name="test_invalid_input_handling" time="0.000"><skipped type="pytest.skip" message="API不可用">/opt/enterprise-ai-platform/tests/test_unified_intent_api.py:110: API不可用</skipped></testcase><testcase classname="tests.test_unified_intent_api.TestUnifiedIntentAPI" name="test_activity_recommendation_endpoint" time="0.000"><skipped type="pytest.skip" message="API不可用">/opt/enterprise-ai-platform/tests/test_unified_intent_api.py:131: API不可用</skipped></testcase><testcase classname="tests.test_unified_intent_api.TestUnifiedIntentAPI" name="test_capability_query_endpoint" time="0.000"><skipped type="pytest.skip" message="API不可用">/opt/enterprise-ai-platform/tests/test_unified_intent_api.py:161: API不可用</skipped></testcase></testsuite></testsuites>