<?xml version="1.0" encoding="utf-8"?><testsuites><testsuite name="pytest" errors="0" failures="0" skipped="0" tests="11" time="3.131" timestamp="2025-12-03T19:43:31.851578+08:00" hostname="VM-0-10-ubuntu"><testcase classname="tests.test_semantic_engine_basic.TestSemanticEngineBasic" name="test_engine_initialization" time="0.001" /><testcase classname="tests.test_semantic_engine_basic.TestSemanticEngineBasic" name="test_query_intent_create_po" time="0.002" /><testcase classname="tests.test_semantic_engine_basic.TestSemanticEngineBasic" name="test_query_intent_query_po" time="0.001" /><testcase classname="tests.test_semantic_engine_basic.TestSemanticEngineBasic" name="test_get_capabilities_for_activity" time="0.001" /><testcase classname="tests.test_semantic_engine_basic.TestSemanticEngineBasic" name="test_unknown_intent_handling" time="0.001" /><testcase classname="tests.test_semantic_engine_basic.TestSemanticEngineBasic" name="test_activity_model_structure" time="0.001" /><testcase classname="tests.test_semantic_engine_basic.TestSemanticEngineBasic" name="test_capability_model_structure" time="0.001" /><testcase classname="tests.test_semantic_engine_basic.TestCollaborativeInterface" name="test_activity_selection_logic" time="0.001" /><testcase classname="tests.test_semantic_engine_basic.TestCollaborativeInterface" name="test_parameter_validation" time="0.001" /><testcase classname="tests.test_semantic_engine_basic.TestEndToEndFlow" name="test_procurement_workflow" time="0.001" /><testcase classname="tests.test_semantic_engine_basic.TestEndToEndFlow" name="test_performance_requirements" time="0.005" /></testsuite></testsuites>