<?xml version="1.0" encoding="utf-8"?><testsuites><testsuite name="pytest" errors="0" failures="1" skipped="0" tests="8" time="3.718" timestamp="2025-12-03T19:43:27.844459+08:00" hostname="VM-0-10-ubuntu"><testcase classname="tests.test-architecture.test_imports.TestImports" name="test_no_circular_imports" time="0.039" /><testcase classname="tests.test-architecture.test_imports.TestImports" name="test_service_independence" time="0.586" /><testcase classname="tests.test-architecture.test_imports.TestImports" name="test_shared_libs_usage" time="0.002" /><testcase classname="tests.test-architecture.test_project_structure.TestProjectStructure" name="test_project_root_exists" time="0.001" /><testcase classname="tests.test-architecture.test_project_structure.TestProjectStructure" name="test_required_directories_exist" time="0.001" /><testcase classname="tests.test-architecture.test_project_structure.TestProjectStructure" name="test_architecture_compliance" time="0.001"><failure message="AttributeError: 'dict' object has no attribute 'success'">tests/test-architecture/test_project_structure.py:50: in test_architecture_compliance
    assert result.success, f"架构不符合规范: {len(result.violations)} 个违规"
E   AttributeError: 'dict' object has no attribute 'success'</failure></testcase><testcase classname="tests.test-architecture.test_project_structure.TestProjectStructure" name="test_service_structure" time="0.001" /><testcase classname="tests.test-architecture.test_project_structure.TestProjectStructure" name="test_shared_libs_structure" time="0.001" /></testsuite></testsuites>