{"meta": {"format": 3, "version": "7.13.0", "timestamp": "2025-12-22T15:16:51.528197", "branch_coverage": false, "show_contexts": false}, "files": {"__init__.py": {"executed_lines": [], "summary": {"covered_lines": 0, "num_statements": 1, "percent_covered": 0.0, "percent_covered_display": "0", "missing_lines": 1, "excluded_lines": 0, "percent_statements_covered": 0.0, "percent_statements_covered_display": "0"}, "missing_lines": [6], "excluded_lines": [], "functions": {"": {"executed_lines": [], "summary": {"covered_lines": 0, "num_statements": 1, "percent_covered": 0.0, "percent_covered_display": "0", "missing_lines": 1, "excluded_lines": 0, "percent_statements_covered": 0.0, "percent_statements_covered_display": "0"}, "missing_lines": [6], "excluded_lines": []}}, "classes": {"": {"executed_lines": [], "summary": {"covered_lines": 0, "num_statements": 1, "percent_covered": 0.0, "percent_covered_display": "0", "missing_lines": 1, "excluded_lines": 0, "percent_statements_covered": 0.0, "percent_statements_covered_display": "0"}, "missing_lines": [6], "excluded_lines": []}}}, "src\\__init__.py": {"executed_lines": [1], "summary": {"covered_lines": 0, "num_statements": 0, "percent_covered": 100.0, "percent_covered_display": "100", "missing_lines": 0, "excluded_lines": 0, "percent_statements_covered": 100.0, "percent_statements_covered_display": "100"}, "missing_lines": [], "excluded_lines": [], "functions": {"": {"executed_lines": [1], "summary": {"covered_lines": 0, "num_statements": 0, "percent_covered": 100.0, "percent_covered_display": "100", "missing_lines": 0, "excluded_lines": 0, "percent_statements_covered": 100.0, "percent_statements_covered_display": "100"}, "missing_lines": [], "excluded_lines": []}}, "classes": {"": {"executed_lines": [1], "summary": {"covered_lines": 0, "num_statements": 0, "percent_covered": 100.0, "percent_covered_display": "100", "missing_lines": 0, "excluded_lines": 0, "percent_statements_covered": 100.0, "percent_statements_covered_display": "100"}, "missing_lines": [], "excluded_lines": []}}}, "src\\config.py": {"executed_lines": [1, 4, 5, 8, 9, 12, 13, 14, 17, 23, 24, 25, 28, 29, 30, 31, 34, 35, 36, 39, 40, 41, 44, 45, 46, 49, 55, 58, 61, 64, 66, 67, 68, 69, 72], "summary": {"covered_lines": 33, "num_statements": 33, "percent_covered": 100.0, "percent_covered_display": "100", "missing_lines": 0, "excluded_lines": 0, "percent_statements_covered": 100.0, "percent_statements_covered_display": "100"}, "missing_lines": [], "excluded_lines": [], "functions": {"": {"executed_lines": [1, 4, 5, 8, 9, 12, 13, 14, 17, 23, 24, 25, 28, 29, 30, 31, 34, 35, 36, 39, 40, 41, 44, 45, 46, 49, 55, 58, 61, 64, 66, 67, 68, 69, 72], "summary": {"covered_lines": 33, "num_statements": 33, "percent_covered": 100.0, "percent_covered_display": "100", "missing_lines": 0, "excluded_lines": 0, "percent_statements_covered": 100.0, "percent_statements_covered_display": "100"}, "missing_lines": [], "excluded_lines": []}}, "classes": {"Settings": {"executed_lines": [], "summary": {"covered_lines": 0, "num_statements": 0, "percent_covered": 100.0, "percent_covered_display": "100", "missing_lines": 0, "excluded_lines": 0, "percent_statements_covered": 100.0, "percent_statements_covered_display": "100"}, "missing_lines": [], "excluded_lines": []}, "Settings.Config": {"executed_lines": [], "summary": {"covered_lines": 0, "num_statements": 0, "percent_covered": 100.0, "percent_covered_display": "100", "missing_lines": 0, "excluded_lines": 0, "percent_statements_covered": 100.0, "percent_statements_covered_display": "100"}, "missing_lines": [], "excluded_lines": []}, "": {"executed_lines": [1, 4, 5, 8, 9, 12, 13, 14, 17, 23, 24, 25, 28, 29, 30, 31, 34, 35, 36, 39, 40, 41, 44, 45, 46, 49, 55, 58, 61, 64, 66, 67, 68, 69, 72], "summary": {"covered_lines": 33, "num_statements": 33, "percent_covered": 100.0, "percent_covered_display": "100", "missing_lines": 0, "excluded_lines": 0, "percent_statements_covered": 100.0, "percent_statements_covered_display": "100"}, "missing_lines": [], "excluded_lines": []}}}, "src\\core\\__init__.py": {"executed_lines": [1], "summary": {"covered_lines": 0, "num_statements": 0, "percent_covered": 100.0, "percent_covered_display": "100", "missing_lines": 0, "excluded_lines": 0, "percent_statements_covered": 100.0, "percent_statements_covered_display": "100"}, "missing_lines": [], "excluded_lines": [], "functions": {"": {"executed_lines": [1], "summary": {"covered_lines": 0, "num_statements": 0, "percent_covered": 100.0, "percent_covered_display": "100", "missing_lines": 0, "excluded_lines": 0, "percent_statements_covered": 100.0, "percent_statements_covered_display": "100"}, "missing_lines": [], "excluded_lines": []}}, "classes": {"": {"executed_lines": [1], "summary": {"covered_lines": 0, "num_statements": 0, "percent_covered": 100.0, "percent_covered_display": "100", "missing_lines": 0, "excluded_lines": 0, "percent_statements_covered": 100.0, "percent_statements_covered_display": "100"}, "missing_lines": [], "excluded_lines": []}}}, "src\\core\\auto_summarizer.py": {"executed_lines": [], "summary": {"covered_lines": 0, "num_statements": 94, "percent_covered": 0.0, "percent_covered_display": "0", "missing_lines": 94, "excluded_lines": 0, "percent_statements_covered": 0.0, "percent_statements_covered_display": "0"}, "missing_lines": [5, 6, 8, 11, 14, 21, 23, 40, 41, 48, 49, 51, 52, 53, 54, 56, 58, 60, 63, 64, 66, 67, 70, 71, 72, 75, 76, 77, 78, 81, 82, 83, 84, 85, 88, 90, 91, 92, 93, 95, 98, 101, 102, 103, 105, 106, 107, 108, 109, 111, 114, 115, 118, 119, 120, 121, 122, 123, 124, 125, 127, 135, 137, 140, 141, 143, 144, 147, 148, 149, 150, 152, 154, 162, 164, 167, 168, 169, 170, 172, 173, 174, 176, 178, 186, 201, 202, 205, 208, 211, 212, 214, 217, 219], "excluded_lines": [], "functions": {"AutoSummarizer.__init__": {"executed_lines": [], "summary": {"covered_lines": 0, "num_statements": 1, "percent_covered": 0.0, "percent_covered_display": "0", "missing_lines": 1, "excluded_lines": 0, "percent_statements_covered": 0.0, "percent_statements_covered_display": "0"}, "missing_lines": [21], "excluded_lines": []}, "AutoSummarizer.summarize": {"executed_lines": [], "summary": {"covered_lines": 0, "num_statements": 9, "percent_covered": 0.0, "percent_covered_display": "0", "missing_lines": 9, "excluded_lines": 0, "percent_statements_covered": 0.0, "percent_statements_covered_display": "0"}, "missing_lines": [40, 41, 48, 49, 51, 52, 53, 54, 56], "excluded_lines": []}, "AutoSummarizer._extractive_summary": {"executed_lines": [], "summary": {"covered_lines": 0, "num_statements": 44, "percent_covered": 0.0, "percent_covered_display": "0", "missing_lines": 44, "excluded_lines": 0, "percent_statements_covered": 0.0, "percent_statements_covered_display": "0"}, "missing_lines": [60, 63, 64, 66, 67, 70, 71, 72, 75, 76, 77, 78, 81, 82, 83, 84, 85, 88, 90, 91, 92, 93, 95, 98, 101, 102, 103, 105, 106, 107, 108, 109, 111, 114, 115, 118, 119, 120, 121, 122, 123, 124, 125, 127], "excluded_lines": []}, "AutoSummarizer._first_sentences_summary": {"executed_lines": [], "summary": {"covered_lines": 0, "num_statements": 11, "percent_covered": 0.0, "percent_covered_display": "0", "missing_lines": 11, "excluded_lines": 0, "percent_statements_covered": 0.0, "percent_statements_covered_display": "0"}, "missing_lines": [137, 140, 141, 143, 144, 147, 148, 149, 150, 152, 154], "excluded_lines": []}, "AutoSummarizer._simple_summary": {"executed_lines": [], "summary": {"covered_lines": 0, "num_statements": 10, "percent_covered": 0.0, "percent_covered_display": "0", "missing_lines": 10, "excluded_lines": 0, "percent_statements_covered": 0.0, "percent_statements_covered_display": "0"}, "missing_lines": [164, 167, 168, 169, 170, 172, 173, 174, 176, 178], "excluded_lines": []}, "AutoSummarizer.summarize_chunks": {"executed_lines": [], "summary": {"covered_lines": 0, "num_statements": 7, "percent_covered": 0.0, "percent_covered_display": "0", "missing_lines": 7, "excluded_lines": 0, "percent_statements_covered": 0.0, "percent_statements_covered_display": "0"}, "missing_lines": [201, 202, 205, 208, 211, 212, 214], "excluded_lines": []}, "get_auto_summarizer": {"executed_lines": [], "summary": {"covered_lines": 0, "num_statements": 1, "percent_covered": 0.0, "percent_covered_display": "0", "missing_lines": 1, "excluded_lines": 0, "percent_statements_covered": 0.0, "percent_statements_covered_display": "0"}, "missing_lines": [219], "excluded_lines": []}, "": {"executed_lines": [], "summary": {"covered_lines": 0, "num_statements": 11, "percent_covered": 0.0, "percent_covered_display": "0", "missing_lines": 11, "excluded_lines": 0, "percent_statements_covered": 0.0, "percent_statements_covered_display": "0"}, "missing_lines": [5, 6, 8, 11, 14, 23, 58, 135, 162, 186, 217], "excluded_lines": []}}, "classes": {"AutoSummarizer": {"executed_lines": [], "summary": {"covered_lines": 0, "num_statements": 82, "percent_covered": 0.0, "percent_covered_display": "0", "missing_lines": 82, "excluded_lines": 0, "percent_statements_covered": 0.0, "percent_statements_covered_display": "0"}, "missing_lines": [21, 40, 41, 48, 49, 51, 52, 53, 54, 56, 60, 63, 64, 66, 67, 70, 71, 72, 75, 76, 77, 78, 81, 82, 83, 84, 85, 88, 90, 91, 92, 93, 95, 98, 101, 102, 103, 105, 106, 107, 108, 109, 111, 114, 115, 118, 119, 120, 121, 122, 123, 124, 125, 127, 137, 140, 141, 143, 144, 147, 148, 149, 150, 152, 154, 164, 167, 168, 169, 170, 172, 173, 174, 176, 178, 201, 202, 205, 208, 211, 212, 214], "excluded_lines": []}, "": {"executed_lines": [], "summary": {"covered_lines": 0, "num_statements": 12, "percent_covered": 0.0, "percent_covered_display": "0", "missing_lines": 12, "excluded_lines": 0, "percent_statements_covered": 0.0, "percent_statements_covered_display": "0"}, "missing_lines": [5, 6, 8, 11, 14, 23, 58, 135, 162, 186, 217, 219], "excluded_lines": []}}}, "src\\core\\auto_tagger.py": {"executed_lines": [], "summary": {"covered_lines": 0, "num_statements": 56, "percent_covered": 0.0, "percent_covered_display": "0", "missing_lines": 56, "excluded_lines": 0, "percent_statements_covered": 0.0, "percent_statements_covered_display": "0"}, "missing_lines": [5, 6, 7, 9, 12, 15, 23, 24, 25, 28, 41, 58, 59, 61, 64, 65, 77, 80, 81, 82, 85, 88, 89, 90, 91, 93, 97, 102, 103, 105, 114, 115, 116, 122, 123, 126, 128, 130, 132, 134, 135, 136, 137, 138, 145, 147, 149, 157, 158, 159, 169, 171, 188, 189, 196, 198], "excluded_lines": [], "functions": {"AutoTagger.__init__": {"executed_lines": [], "summary": {"covered_lines": 0, "num_statements": 4, "percent_covered": 0.0, "percent_covered_display": "0", "missing_lines": 4, "excluded_lines": 0, "percent_statements_covered": 0.0, "percent_statements_covered_display": "0"}, "missing_lines": [23, 24, 25, 28], "excluded_lines": []}, "AutoTagger.generate_tags": {"executed_lines": [], "summary": {"covered_lines": 0, "num_statements": 25, "percent_covered": 0.0, "percent_covered_display": "0", "missing_lines": 25, "excluded_lines": 0, "percent_statements_covered": 0.0, "percent_statements_covered_display": "0"}, "missing_lines": [58, 59, 61, 64, 65, 77, 80, 81, 82, 85, 88, 89, 90, 91, 93, 97, 102, 103, 105, 114, 115, 116, 122, 123, 126], "excluded_lines": []}, "AutoTagger._match_categories": {"executed_lines": [], "summary": {"covered_lines": 0, "num_statements": 8, "percent_covered": 0.0, "percent_covered_display": "0", "missing_lines": 8, "excluded_lines": 0, "percent_statements_covered": 0.0, "percent_statements_covered_display": "0"}, "missing_lines": [130, 132, 134, 135, 136, 137, 138, 145], "excluded_lines": []}, "AutoTagger._infer_from_type": {"executed_lines": [], "summary": {"covered_lines": 0, "num_statements": 5, "percent_covered": 0.0, "percent_covered_display": "0", "missing_lines": 5, "excluded_lines": 0, "percent_statements_covered": 0.0, "percent_statements_covered_display": "0"}, "missing_lines": [149, 157, 158, 159, 169], "excluded_lines": []}, "AutoTagger.suggest_tags": {"executed_lines": [], "summary": {"covered_lines": 0, "num_statements": 2, "percent_covered": 0.0, "percent_covered_display": "0", "missing_lines": 2, "excluded_lines": 0, "percent_statements_covered": 0.0, "percent_statements_covered_display": "0"}, "missing_lines": [188, 189], "excluded_lines": []}, "get_auto_tagger": {"executed_lines": [], "summary": {"covered_lines": 0, "num_statements": 1, "percent_covered": 0.0, "percent_covered_display": "0", "missing_lines": 1, "excluded_lines": 0, "percent_statements_covered": 0.0, "percent_statements_covered_display": "0"}, "missing_lines": [198], "excluded_lines": []}, "": {"executed_lines": [], "summary": {"covered_lines": 0, "num_statements": 11, "percent_covered": 0.0, "percent_covered_display": "0", "missing_lines": 11, "excluded_lines": 0, "percent_statements_covered": 0.0, "percent_statements_covered_display": "0"}, "missing_lines": [5, 6, 7, 9, 12, 15, 41, 128, 147, 171, 196], "excluded_lines": []}}, "classes": {"AutoTagger": {"executed_lines": [], "summary": {"covered_lines": 0, "num_statements": 44, "percent_covered": 0.0, "percent_covered_display": "0", "missing_lines": 44, "excluded_lines": 0, "percent_statements_covered": 0.0, "percent_statements_covered_display": "0"}, "missing_lines": [23, 24, 25, 28, 58, 59, 61, 64, 65, 77, 80, 81, 82, 85, 88, 89, 90, 91, 93, 97, 102, 103, 105, 114, 115, 116, 122, 123, 126, 130, 132, 134, 135, 136, 137, 138, 145, 149, 157, 158, 159, 169, 188, 189], "excluded_lines": []}, "": {"executed_lines": [], "summary": {"covered_lines": 0, "num_statements": 12, "percent_covered": 0.0, "percent_covered_display": "0", "missing_lines": 12, "excluded_lines": 0, "percent_statements_covered": 0.0, "percent_statements_covered_display": "0"}, "missing_lines": [5, 6, 7, 9, 12, 15, 41, 128, 147, 171, 196, 198], "excluded_lines": []}}}, "src\\core\\batch_processor.py": {"executed_lines": [], "summary": {"covered_lines": 0, "num_statements": 105, "percent_covered": 0.0, "percent_covered_display": "0", "missing_lines": 105, "excluded_lines": 0, "percent_statements_covered": 0.0, "percent_statements_covered_display": "0"}, "missing_lines": [5, 6, 7, 8, 9, 10, 11, 13, 16, 18, 19, 20, 21, 24, 25, 31, 32, 33, 34, 35, 36, 37, 39, 41, 42, 43, 46, 49, 54, 55, 56, 57, 58, 59, 60, 62, 64, 65, 66, 68, 70, 72, 73, 74, 76, 97, 98, 99, 101, 102, 112, 113, 115, 116, 118, 120, 121, 122, 123, 124, 127, 130, 131, 133, 135, 136, 137, 139, 140, 141, 143, 145, 146, 147, 148, 149, 150, 151, 153, 154, 155, 157, 159, 170, 172, 174, 176, 177, 178, 179, 180, 183, 184, 185, 187, 188, 192, 194, 195, 197, 201, 204, 207, 208, 209], "excluded_lines": [], "functions": {"ProcessingTask.__lt__": {"executed_lines": [], "summary": {"covered_lines": 0, "num_statements": 3, "percent_covered": 0.0, "percent_covered_display": "0", "missing_lines": 3, "excluded_lines": 0, "percent_statements_covered": 0.0, "percent_statements_covered_display": "0"}, "missing_lines": [41, 42, 43], "excluded_lines": []}, "BatchProcessor.__init__": {"executed_lines": [], "summary": {"covered_lines": 0, "num_statements": 7, "percent_covered": 0.0, "percent_covered_display": "0", "missing_lines": 7, "excluded_lines": 0, "percent_statements_covered": 0.0, "percent_statements_covered_display": "0"}, "missing_lines": [54, 55, 56, 57, 58, 59, 60], "excluded_lines": []}, "BatchProcessor.start": {"executed_lines": [], "summary": {"covered_lines": 0, "num_statements": 3, "percent_covered": 0.0, "percent_covered_display": "0", "missing_lines": 3, "excluded_lines": 0, "percent_statements_covered": 0.0, "percent_statements_covered_display": "0"}, "missing_lines": [64, 65, 66], "excluded_lines": []}, "BatchProcessor.stop": {"executed_lines": [], "summary": {"covered_lines": 0, "num_statements": 4, "percent_covered": 0.0, "percent_covered_display": "0", "missing_lines": 4, "excluded_lines": 0, "percent_statements_covered": 0.0, "percent_statements_covered_display": "0"}, "missing_lines": [70, 72, 73, 74], "excluded_lines": []}, "BatchProcessor.add_task": {"executed_lines": [], "summary": {"covered_lines": 0, "num_statements": 9, "percent_covered": 0.0, "percent_covered_display": "0", "missing_lines": 9, "excluded_lines": 0, "percent_statements_covered": 0.0, "percent_statements_covered_display": "0"}, "missing_lines": [97, 98, 99, 101, 102, 112, 113, 115, 116], "excluded_lines": []}, "BatchProcessor._process_queue": {"executed_lines": [], "summary": {"covered_lines": 0, "num_statements": 8, "percent_covered": 0.0, "percent_covered_display": "0", "missing_lines": 8, "excluded_lines": 0, "percent_statements_covered": 0.0, "percent_statements_covered_display": "0"}, "missing_lines": [120, 121, 122, 123, 124, 127, 130, 131], "excluded_lines": []}, "BatchProcessor._execute_task": {"executed_lines": [], "summary": {"covered_lines": 0, "num_statements": 17, "percent_covered": 0.0, "percent_covered_display": "0", "missing_lines": 17, "excluded_lines": 0, "percent_statements_covered": 0.0, "percent_statements_covered_display": "0"}, "missing_lines": [135, 136, 137, 139, 140, 141, 143, 145, 146, 147, 148, 149, 150, 151, 153, 154, 155], "excluded_lines": []}, "BatchProcessor.get_queue_status": {"executed_lines": [], "summary": {"covered_lines": 0, "num_statements": 1, "percent_covered": 0.0, "percent_covered_display": "0", "missing_lines": 1, "excluded_lines": 0, "percent_statements_covered": 0.0, "percent_statements_covered_display": "0"}, "missing_lines": [159], "excluded_lines": []}, "BatchProcessor.wait_for_task": {"executed_lines": [], "summary": {"covered_lines": 0, "num_statements": 16, "percent_covered": 0.0, "percent_covered_display": "0", "missing_lines": 16, "excluded_lines": 0, "percent_statements_covered": 0.0, "percent_statements_covered_display": "0"}, "missing_lines": [172, 174, 176, 177, 178, 179, 180, 183, 184, 185, 187, 188, 192, 194, 195, 197], "excluded_lines": []}, "get_batch_processor": {"executed_lines": [], "summary": {"covered_lines": 0, "num_statements": 3, "percent_covered": 0.0, "percent_covered_display": "0", "missing_lines": 3, "excluded_lines": 0, "percent_statements_covered": 0.0, "percent_statements_covered_display": "0"}, "missing_lines": [207, 208, 209], "excluded_lines": []}, "": {"executed_lines": [], "summary": {"covered_lines": 0, "num_statements": 34, "percent_covered": 0.0, "percent_covered_display": "0", "missing_lines": 34, "excluded_lines": 0, "percent_statements_covered": 0.0, "percent_statements_covered_display": "0"}, "missing_lines": [5, 6, 7, 8, 9, 10, 11, 13, 16, 18, 19, 20, 21, 24, 25, 31, 32, 33, 34, 35, 36, 37, 39, 46, 49, 62, 68, 76, 118, 133, 157, 170, 201, 204], "excluded_lines": []}}, "classes": {"ProcessingPriority": {"executed_lines": [], "summary": {"covered_lines": 0, "num_statements": 0, "percent_covered": 100.0, "percent_covered_display": "100", "missing_lines": 0, "excluded_lines": 0, "percent_statements_covered": 100.0, "percent_statements_covered_display": "100"}, "missing_lines": [], "excluded_lines": []}, "ProcessingTask": {"executed_lines": [], "summary": {"covered_lines": 0, "num_statements": 3, "percent_covered": 0.0, "percent_covered_display": "0", "missing_lines": 3, "excluded_lines": 0, "percent_statements_covered": 0.0, "percent_statements_covered_display": "0"}, "missing_lines": [41, 42, 43], "excluded_lines": []}, "BatchProcessor": {"executed_lines": [], "summary": {"covered_lines": 0, "num_statements": 65, "percent_covered": 0.0, "percent_covered_display": "0", "missing_lines": 65, "excluded_lines": 0, "percent_statements_covered": 0.0, "percent_statements_covered_display": "0"}, "missing_lines": [54, 55, 56, 57, 58, 59, 60, 64, 65, 66, 70, 72, 73, 74, 97, 98, 99, 101, 102, 112, 113, 115, 116, 120, 121, 122, 123, 124, 127, 130, 131, 135, 136, 137, 139, 140, 141, 143, 145, 146, 147, 148, 149, 150, 151, 153, 154, 155, 159, 172, 174, 176, 177, 178, 179, 180, 183, 184, 185, 187, 188, 192, 194, 195, 197], "excluded_lines": []}, "": {"executed_lines": [], "summary": {"covered_lines": 0, "num_statements": 37, "percent_covered": 0.0, "percent_covered_display": "0", "missing_lines": 37, "excluded_lines": 0, "percent_statements_covered": 0.0, "percent_statements_covered_display": "0"}, "missing_lines": [5, 6, 7, 8, 9, 10, 11, 13, 16, 18, 19, 20, 21, 24, 25, 31, 32, 33, 34, 35, 36, 37, 39, 46, 49, 62, 68, 76, 118, 133, 157, 170, 201, 204, 207, 208, 209], "excluded_lines": []}}}, "src\\core\\category_classifier.py": {"executed_lines": [], "summary": {"covered_lines": 0, "num_statements": 63, "percent_covered": 0.0, "percent_covered_display": "0", "missing_lines": 63, "excluded_lines": 0, "percent_statements_covered": 0.0, "percent_statements_covered_display": "0"}, "missing_lines": [5, 6, 7, 9, 12, 15, 17, 20, 71, 88, 89, 96, 99, 101, 102, 103, 106, 108, 110, 111, 114, 115, 116, 117, 120, 121, 122, 123, 125, 126, 134, 135, 138, 139, 145, 147, 155, 157, 163, 164, 166, 169, 170, 171, 172, 173, 174, 177, 178, 179, 181, 183, 200, 202, 203, 206, 213, 214, 215, 216, 222, 225, 227], "excluded_lines": [], "functions": {"CategoryClassifier.__init__": {"executed_lines": [], "summary": {"covered_lines": 0, "num_statements": 2, "percent_covered": 0.0, "percent_covered_display": "0", "missing_lines": 2, "excluded_lines": 0, "percent_statements_covered": 0.0, "percent_statements_covered_display": "0"}, "missing_lines": [17, 20], "excluded_lines": []}, "CategoryClassifier.classify": {"executed_lines": [], "summary": {"covered_lines": 0, "num_statements": 27, "percent_covered": 0.0, "percent_covered_display": "0", "missing_lines": 27, "excluded_lines": 0, "percent_statements_covered": 0.0, "percent_statements_covered_display": "0"}, "missing_lines": [88, 89, 96, 99, 101, 102, 103, 106, 108, 110, 111, 114, 115, 116, 117, 120, 121, 122, 123, 125, 126, 134, 135, 138, 139, 145, 147], "excluded_lines": []}, "CategoryClassifier._infer_from_type": {"executed_lines": [], "summary": {"covered_lines": 0, "num_statements": 3, "percent_covered": 0.0, "percent_covered_display": "0", "missing_lines": 3, "excluded_lines": 0, "percent_statements_covered": 0.0, "percent_statements_covered_display": "0"}, "missing_lines": [157, 163, 164], "excluded_lines": []}, "CategoryClassifier._infer_from_metadata": {"executed_lines": [], "summary": {"covered_lines": 0, "num_statements": 10, "percent_covered": 0.0, "percent_covered_display": "0", "missing_lines": 10, "excluded_lines": 0, "percent_statements_covered": 0.0, "percent_statements_covered_display": "0"}, "missing_lines": [169, 170, 171, 172, 173, 174, 177, 178, 179, 181], "excluded_lines": []}, "CategoryClassifier.get_top_categories": {"executed_lines": [], "summary": {"covered_lines": 0, "num_statements": 9, "percent_covered": 0.0, "percent_covered_display": "0", "missing_lines": 9, "excluded_lines": 0, "percent_statements_covered": 0.0, "percent_statements_covered_display": "0"}, "missing_lines": [200, 202, 203, 206, 213, 214, 215, 216, 222], "excluded_lines": []}, "get_category_classifier": {"executed_lines": [], "summary": {"covered_lines": 0, "num_statements": 1, "percent_covered": 0.0, "percent_covered_display": "0", "missing_lines": 1, "excluded_lines": 0, "percent_statements_covered": 0.0, "percent_statements_covered_display": "0"}, "missing_lines": [227], "excluded_lines": []}, "": {"executed_lines": [], "summary": {"covered_lines": 0, "num_statements": 11, "percent_covered": 0.0, "percent_covered_display": "0", "missing_lines": 11, "excluded_lines": 0, "percent_statements_covered": 0.0, "percent_statements_covered_display": "0"}, "missing_lines": [5, 6, 7, 9, 12, 15, 71, 155, 166, 183, 225], "excluded_lines": []}}, "classes": {"CategoryClassifier": {"executed_lines": [], "summary": {"covered_lines": 0, "num_statements": 51, "percent_covered": 0.0, "percent_covered_display": "0", "missing_lines": 51, "excluded_lines": 0, "percent_statements_covered": 0.0, "percent_statements_covered_display": "0"}, "missing_lines": [17, 20, 88, 89, 96, 99, 101, 102, 103, 106, 108, 110, 111, 114, 115, 116, 117, 120, 121, 122, 123, 125, 126, 134, 135, 138, 139, 145, 147, 157, 163, 164, 169, 170, 171, 172, 173, 174, 177, 178, 179, 181, 200, 202, 203, 206, 213, 214, 215, 216, 222], "excluded_lines": []}, "": {"executed_lines": [], "summary": {"covered_lines": 0, "num_statements": 12, "percent_covered": 0.0, "percent_covered_display": "0", "missing_lines": 12, "excluded_lines": 0, "percent_statements_covered": 0.0, "percent_statements_covered_display": "0"}, "missing_lines": [5, 6, 7, 9, 12, 15, 71, 155, 166, 183, 225, 227], "excluded_lines": []}}}, "src\\core\\chunking_strategies.py": {"executed_lines": [], "summary": {"covered_lines": 0, "num_statements": 233, "percent_covered": 0.0, "percent_covered_display": "0", "missing_lines": 233, "excluded_lines": 0, "percent_statements_covered": 0.0, "percent_statements_covered_display": "0"}, "missing_lines": [5, 6, 7, 8, 10, 12, 15, 17, 18, 19, 20, 21, 22, 25, 28, 29, 44, 46, 47, 48, 49, 50, 51, 52, 53, 54, 55, 56, 57, 59, 62, 65, 66, 67, 69, 80, 83, 86, 88, 90, 91, 92, 94, 95, 98, 99, 100, 101, 102, 104, 106, 107, 119, 125, 126, 128, 130, 133, 136, 138, 140, 141, 144, 146, 147, 149, 150, 151, 152, 155, 157, 158, 170, 175, 176, 179, 180, 181, 183, 184, 186, 188, 189, 190, 193, 194, 195, 207, 212, 214, 217, 220, 222, 224, 225, 228, 229, 230, 232, 233, 234, 235, 236, 238, 239, 242, 243, 245, 246, 248, 250, 263, 268, 269, 272, 273, 275, 276, 277, 278, 280, 282, 295, 300, 301, 303, 305, 308, 311, 313, 315, 316, 317, 320, 322, 324, 325, 326, 328, 329, 330, 331, 332, 333, 334, 337, 338, 351, 356, 357, 359, 362, 363, 364, 365, 366, 367, 368, 369, 370, 371, 373, 376, 379, 381, 383, 384, 385, 388, 389, 391, 392, 393, 395, 397, 398, 401, 403, 405, 406, 407, 408, 409, 410, 411, 412, 413, 414, 417, 430, 435, 436, 438, 441, 442, 443, 444, 445, 446, 447, 448, 449, 450, 452, 454, 457, 458, 459, 460, 461, 462, 463, 464, 465, 468, 471, 474, 475, 476, 479, 481, 482, 484, 485, 487, 488, 490, 493, 495, 498, 499, 500, 502], "excluded_lines": [], "functions": {"ChunkingStrategyFactory.create_strategy": {"executed_lines": [], "summary": {"covered_lines": 0, "num_statements": 14, "percent_covered": 0.0, "percent_covered_display": "0", "missing_lines": 14, "excluded_lines": 0, "percent_statements_covered": 0.0, "percent_statements_covered_display": "0"}, "missing_lines": [44, 46, 47, 48, 49, 50, 51, 52, 53, 54, 55, 56, 57, 59], "excluded_lines": []}, "BaseChunkingStrategy.__init__": {"executed_lines": [], "summary": {"covered_lines": 0, "num_statements": 2, "percent_covered": 0.0, "percent_covered_display": "0", "missing_lines": 2, "excluded_lines": 0, "percent_statements_covered": 0.0, "percent_statements_covered_display": "0"}, "missing_lines": [66, 67], "excluded_lines": []}, "BaseChunkingStrategy.chunk": {"executed_lines": [], "summary": {"covered_lines": 0, "num_statements": 1, "percent_covered": 0.0, "percent_covered_display": "0", "missing_lines": 1, "excluded_lines": 0, "percent_statements_covered": 0.0, "percent_statements_covered_display": "0"}, "missing_lines": [80], "excluded_lines": []}, "FixedSizeChunking.chunk": {"executed_lines": [], "summary": {"covered_lines": 0, "num_statements": 19, "percent_covered": 0.0, "percent_covered_display": "0", "missing_lines": 19, "excluded_lines": 0, "percent_statements_covered": 0.0, "percent_statements_covered_display": "0"}, "missing_lines": [88, 90, 91, 92, 94, 95, 98, 99, 100, 101, 102, 104, 106, 107, 119, 125, 126, 128, 130], "excluded_lines": []}, "SemanticChunking.chunk": {"executed_lines": [], "summary": {"covered_lines": 0, "num_statements": 31, "percent_covered": 0.0, "percent_covered_display": "0", "missing_lines": 31, "excluded_lines": 0, "percent_statements_covered": 0.0, "percent_statements_covered_display": "0"}, "missing_lines": [138, 140, 141, 144, 146, 147, 149, 150, 151, 152, 155, 157, 158, 170, 175, 176, 179, 180, 181, 183, 184, 186, 188, 189, 190, 193, 194, 195, 207, 212, 214], "excluded_lines": []}, "HierarchicalChunking.chunk": {"executed_lines": [], "summary": {"covered_lines": 0, "num_statements": 35, "percent_covered": 0.0, "percent_covered_display": "0", "missing_lines": 35, "excluded_lines": 0, "percent_statements_covered": 0.0, "percent_statements_covered_display": "0"}, "missing_lines": [222, 224, 225, 228, 229, 230, 232, 233, 234, 235, 236, 238, 239, 242, 243, 245, 246, 248, 250, 263, 268, 269, 272, 273, 275, 276, 277, 278, 280, 282, 295, 300, 301, 303, 305], "excluded_lines": []}, "TableChunking.chunk": {"executed_lines": [], "summary": {"covered_lines": 0, "num_statements": 33, "percent_covered": 0.0, "percent_covered_display": "0", "missing_lines": 33, "excluded_lines": 0, "percent_statements_covered": 0.0, "percent_statements_covered_display": "0"}, "missing_lines": [313, 315, 316, 317, 320, 322, 324, 325, 326, 328, 329, 330, 331, 332, 333, 334, 337, 338, 351, 356, 357, 359, 362, 363, 364, 365, 366, 367, 368, 369, 370, 371, 373], "excluded_lines": []}, "CodeChunking.chunk": {"executed_lines": [], "summary": {"covered_lines": 0, "num_statements": 40, "percent_covered": 0.0, "percent_covered_display": "0", "missing_lines": 40, "excluded_lines": 0, "percent_statements_covered": 0.0, "percent_statements_covered_display": "0"}, "missing_lines": [381, 383, 384, 385, 388, 389, 391, 392, 393, 395, 397, 398, 401, 403, 405, 406, 407, 408, 409, 410, 411, 412, 413, 414, 417, 430, 435, 436, 438, 441, 442, 443, 444, 445, 446, 447, 448, 449, 450, 452], "excluded_lines": []}, "CodeChunking._detect_language": {"executed_lines": [], "summary": {"covered_lines": 0, "num_statements": 9, "percent_covered": 0.0, "percent_covered_display": "0", "missing_lines": 9, "excluded_lines": 0, "percent_statements_covered": 0.0, "percent_statements_covered_display": "0"}, "missing_lines": [457, 458, 459, 460, 461, 462, 463, 464, 465], "excluded_lines": []}, "SmartChunking.chunk": {"executed_lines": [], "summary": {"covered_lines": 0, "num_statements": 17, "percent_covered": 0.0, "percent_covered_display": "0", "missing_lines": 17, "excluded_lines": 0, "percent_statements_covered": 0.0, "percent_statements_covered_display": "0"}, "missing_lines": [474, 475, 476, 479, 481, 482, 484, 485, 487, 488, 490, 493, 495, 498, 499, 500, 502], "excluded_lines": []}, "": {"executed_lines": [], "summary": {"covered_lines": 0, "num_statements": 32, "percent_covered": 0.0, "percent_covered_display": "0", "missing_lines": 32, "excluded_lines": 0, "percent_statements_covered": 0.0, "percent_statements_covered_display": "0"}, "missing_lines": [5, 6, 7, 8, 10, 12, 15, 17, 18, 19, 20, 21, 22, 25, 28, 29, 62, 65, 69, 83, 86, 133, 136, 217, 220, 308, 311, 376, 379, 454, 468, 471], "excluded_lines": []}}, "classes": {"ChunkingStrategy": {"executed_lines": [], "summary": {"covered_lines": 0, "num_statements": 0, "percent_covered": 100.0, "percent_covered_display": "100", "missing_lines": 0, "excluded_lines": 0, "percent_statements_covered": 100.0, "percent_statements_covered_display": "100"}, "missing_lines": [], "excluded_lines": []}, "ChunkingStrategyFactory": {"executed_lines": [], "summary": {"covered_lines": 0, "num_statements": 14, "percent_covered": 0.0, "percent_covered_display": "0", "missing_lines": 14, "excluded_lines": 0, "percent_statements_covered": 0.0, "percent_statements_covered_display": "0"}, "missing_lines": [44, 46, 47, 48, 49, 50, 51, 52, 53, 54, 55, 56, 57, 59], "excluded_lines": []}, "BaseChunkingStrategy": {"executed_lines": [], "summary": {"covered_lines": 0, "num_statements": 3, "percent_covered": 0.0, "percent_covered_display": "0", "missing_lines": 3, "excluded_lines": 0, "percent_statements_covered": 0.0, "percent_statements_covered_display": "0"}, "missing_lines": [66, 67, 80], "excluded_lines": []}, "FixedSizeChunking": {"executed_lines": [], "summary": {"covered_lines": 0, "num_statements": 19, "percent_covered": 0.0, "percent_covered_display": "0", "missing_lines": 19, "excluded_lines": 0, "percent_statements_covered": 0.0, "percent_statements_covered_display": "0"}, "missing_lines": [88, 90, 91, 92, 94, 95, 98, 99, 100, 101, 102, 104, 106, 107, 119, 125, 126, 128, 130], "excluded_lines": []}, "SemanticChunking": {"executed_lines": [], "summary": {"covered_lines": 0, "num_statements": 31, "percent_covered": 0.0, "percent_covered_display": "0", "missing_lines": 31, "excluded_lines": 0, "percent_statements_covered": 0.0, "percent_statements_covered_display": "0"}, "missing_lines": [138, 140, 141, 144, 146, 147, 149, 150, 151, 152, 155, 157, 158, 170, 175, 176, 179, 180, 181, 183, 184, 186, 188, 189, 190, 193, 194, 195, 207, 212, 214], "excluded_lines": []}, "HierarchicalChunking": {"executed_lines": [], "summary": {"covered_lines": 0, "num_statements": 35, "percent_covered": 0.0, "percent_covered_display": "0", "missing_lines": 35, "excluded_lines": 0, "percent_statements_covered": 0.0, "percent_statements_covered_display": "0"}, "missing_lines": [222, 224, 225, 228, 229, 230, 232, 233, 234, 235, 236, 238, 239, 242, 243, 245, 246, 248, 250, 263, 268, 269, 272, 273, 275, 276, 277, 278, 280, 282, 295, 300, 301, 303, 305], "excluded_lines": []}, "TableChunking": {"executed_lines": [], "summary": {"covered_lines": 0, "num_statements": 33, "percent_covered": 0.0, "percent_covered_display": "0", "missing_lines": 33, "excluded_lines": 0, "percent_statements_covered": 0.0, "percent_statements_covered_display": "0"}, "missing_lines": [313, 315, 316, 317, 320, 322, 324, 325, 326, 328, 329, 330, 331, 332, 333, 334, 337, 338, 351, 356, 357, 359, 362, 363, 364, 365, 366, 367, 368, 369, 370, 371, 373], "excluded_lines": []}, "CodeChunking": {"executed_lines": [], "summary": {"covered_lines": 0, "num_statements": 49, "percent_covered": 0.0, "percent_covered_display": "0", "missing_lines": 49, "excluded_lines": 0, "percent_statements_covered": 0.0, "percent_statements_covered_display": "0"}, "missing_lines": [381, 383, 384, 385, 388, 389, 391, 392, 393, 395, 397, 398, 401, 403, 405, 406, 407, 408, 409, 410, 411, 412, 413, 414, 417, 430, 435, 436, 438, 441, 442, 443, 444, 445, 446, 447, 448, 449, 450, 452, 457, 458, 459, 460, 461, 462, 463, 464, 465], "excluded_lines": []}, "SmartChunking": {"executed_lines": [], "summary": {"covered_lines": 0, "num_statements": 17, "percent_covered": 0.0, "percent_covered_display": "0", "missing_lines": 17, "excluded_lines": 0, "percent_statements_covered": 0.0, "percent_statements_covered_display": "0"}, "missing_lines": [474, 475, 476, 479, 481, 482, 484, 485, 487, 488, 490, 493, 495, 498, 499, 500, 502], "excluded_lines": []}, "": {"executed_lines": [], "summary": {"covered_lines": 0, "num_statements": 32, "percent_covered": 0.0, "percent_covered_display": "0", "missing_lines": 32, "excluded_lines": 0, "percent_statements_covered": 0.0, "percent_statements_covered_display": "0"}, "missing_lines": [5, 6, 7, 8, 10, 12, 15, 17, 18, 19, 20, 21, 22, 25, 28, 29, 62, 65, 69, 83, 86, 133, 136, 217, 220, 308, 311, 376, 379, 454, 468, 471], "excluded_lines": []}}}, "src\\core\\database.py": {"executed_lines": [], "summary": {"covered_lines": 0, "num_statements": 30, "percent_covered": 0.0, "percent_covered_display": "0", "missing_lines": 30, "excluded_lines": 0, "percent_statements_covered": 0.0, "percent_statements_covered_display": "0"}, "missing_lines": [5, 6, 7, 8, 11, 12, 14, 19, 24, 27, 30, 38, 40, 43, 46, 49, 50, 51, 53, 54, 55, 56, 57, 60, 63, 64, 65, 66, 70, 72], "excluded_lines": [], "functions": {"init_database": {"executed_lines": [], "summary": {"covered_lines": 0, "num_statements": 12, "percent_covered": 0.0, "percent_covered_display": "0", "missing_lines": 12, "excluded_lines": 0, "percent_statements_covered": 0.0, "percent_statements_covered_display": "0"}, "missing_lines": [38, 40, 43, 46, 49, 50, 51, 53, 54, 55, 56, 57], "excluded_lines": []}, "close_database": {"executed_lines": [], "summary": {"covered_lines": 0, "num_statements": 4, "percent_covered": 0.0, "percent_covered_display": "0", "missing_lines": 4, "excluded_lines": 0, "percent_statements_covered": 0.0, "percent_statements_covered_display": "0"}, "missing_lines": [63, 64, 65, 66], "excluded_lines": []}, "get_database_engine": {"executed_lines": [], "summary": {"covered_lines": 0, "num_statements": 1, "percent_covered": 0.0, "percent_covered_display": "0", "missing_lines": 1, "excluded_lines": 0, "percent_statements_covered": 0.0, "percent_statements_covered_display": "0"}, "missing_lines": [72], "excluded_lines": []}, "": {"executed_lines": [], "summary": {"covered_lines": 0, "num_statements": 13, "percent_covered": 0.0, "percent_covered_display": "0", "missing_lines": 13, "excluded_lines": 0, "percent_statements_covered": 0.0, "percent_statements_covered_display": "0"}, "missing_lines": [5, 6, 7, 8, 11, 12, 14, 19, 24, 27, 30, 60, 70], "excluded_lines": []}}, "classes": {"": {"executed_lines": [], "summary": {"covered_lines": 0, "num_statements": 30, "percent_covered": 0.0, "percent_covered_display": "0", "missing_lines": 30, "excluded_lines": 0, "percent_statements_covered": 0.0, "percent_statements_covered_display": "0"}, "missing_lines": [5, 6, 7, 8, 11, 12, 14, 19, 24, 27, 30, 38, 40, 43, 46, 49, 50, 51, 53, 54, 55, 56, 57, 60, 63, 64, 65, 66, 70, 72], "excluded_lines": []}}}, "src\\core\\document_preprocessor.py": {"executed_lines": [1, 5, 6, 7, 8, 10, 13, 14, 16, 17, 18, 21, 22, 24, 25, 26, 29, 30, 31, 33, 34, 35, 36, 37, 40, 41, 43, 59, 117, 130, 150, 164, 183, 186], "summary": {"covered_lines": 31, "num_statements": 89, "percent_covered": 34.831460674157306, "percent_covered_display": "35", "missing_lines": 58, "excluded_lines": 0, "percent_statements_covered": 34.831460674157306, "percent_statements_covered_display": "35"}, "missing_lines": [15, 23, 45, 53, 82, 83, 84, 85, 86, 89, 90, 91, 94, 95, 96, 99, 100, 101, 104, 105, 106, 108, 119, 122, 123, 126, 128, 132, 135, 138, 139, 142, 143, 146, 148, 152, 153, 155, 156, 157, 158, 159, 160, 162, 166, 167, 169, 171, 172, 173, 175, 176, 177, 178, 179, 189, 190, 191], "excluded_lines": [], "functions": {"DocumentPreprocessor.__init__": {"executed_lines": [], "summary": {"covered_lines": 0, "num_statements": 2, "percent_covered": 0.0, "percent_covered_display": "0", "missing_lines": 2, "excluded_lines": 0, "percent_statements_covered": 0.0, "percent_statements_covered_display": "0"}, "missing_lines": [45, 53], "excluded_lines": []}, "DocumentPreprocessor.preprocess": {"executed_lines": [], "summary": {"covered_lines": 0, "num_statements": 18, "percent_covered": 0.0, "percent_covered_display": "0", "missing_lines": 18, "excluded_lines": 0, "percent_statements_covered": 0.0, "percent_statements_covered_display": "0"}, "missing_lines": [82, 83, 84, 85, 86, 89, 90, 91, 94, 95, 96, 99, 100, 101, 104, 105, 106, 108], "excluded_lines": []}, "DocumentPreprocessor._clean_text": {"executed_lines": [], "summary": {"covered_lines": 0, "num_statements": 5, "percent_covered": 0.0, "percent_covered_display": "0", "missing_lines": 5, "excluded_lines": 0, "percent_statements_covered": 0.0, "percent_statements_covered_display": "0"}, "missing_lines": [119, 122, 123, 126, 128], "excluded_lines": []}, "DocumentPreprocessor._normalize_format": {"executed_lines": [], "summary": {"covered_lines": 0, "num_statements": 8, "percent_covered": 0.0, "percent_covered_display": "0", "missing_lines": 8, "excluded_lines": 0, "percent_statements_covered": 0.0, "percent_statements_covered_display": "0"}, "missing_lines": [132, 135, 138, 139, 142, 143, 146, 148], "excluded_lines": []}, "DocumentPreprocessor._detect_encoding": {"executed_lines": [], "summary": {"covered_lines": 0, "num_statements": 9, "percent_covered": 0.0, "percent_covered_display": "0", "missing_lines": 9, "excluded_lines": 0, "percent_statements_covered": 0.0, "percent_statements_covered_display": "0"}, "missing_lines": [152, 153, 155, 156, 157, 158, 159, 160, 162], "excluded_lines": []}, "DocumentPreprocessor._detect_language": {"executed_lines": [], "summary": {"covered_lines": 0, "num_statements": 11, "percent_covered": 0.0, "percent_covered_display": "0", "missing_lines": 11, "excluded_lines": 0, "percent_statements_covered": 0.0, "percent_statements_covered_display": "0"}, "missing_lines": [166, 167, 169, 171, 172, 173, 175, 176, 177, 178, 179], "excluded_lines": []}, "get_preprocessor": {"executed_lines": [], "summary": {"covered_lines": 0, "num_statements": 3, "percent_covered": 0.0, "percent_covered_display": "0", "missing_lines": 3, "excluded_lines": 0, "percent_statements_covered": 0.0, "percent_statements_covered_display": "0"}, "missing_lines": [189, 190, 191], "excluded_lines": []}, "": {"executed_lines": [1, 5, 6, 7, 8, 10, 13, 14, 16, 17, 18, 21, 22, 24, 25, 26, 29, 30, 31, 33, 34, 35, 36, 37, 40, 41, 43, 59, 117, 130, 150, 164, 183, 186], "summary": {"covered_lines": 31, "num_statements": 33, "percent_covered": 93.93939393939394, "percent_covered_display": "94", "missing_lines": 2, "excluded_lines": 0, "percent_statements_covered": 93.93939393939394, "percent_statements_covered_display": "94"}, "missing_lines": [15, 23], "excluded_lines": []}}, "classes": {"PreprocessingResult": {"executed_lines": [], "summary": {"covered_lines": 0, "num_statements": 0, "percent_covered": 100.0, "percent_covered_display": "100", "missing_lines": 0, "excluded_lines": 0, "percent_statements_covered": 100.0, "percent_statements_covered_display": "100"}, "missing_lines": [], "excluded_lines": []}, "DocumentPreprocessor": {"executed_lines": [], "summary": {"covered_lines": 0, "num_statements": 53, "percent_covered": 0.0, "percent_covered_display": "0", "missing_lines": 53, "excluded_lines": 0, "percent_statements_covered": 0.0, "percent_statements_covered_display": "0"}, "missing_lines": [45, 53, 82, 83, 84, 85, 86, 89, 90, 91, 94, 95, 96, 99, 100, 101, 104, 105, 106, 108, 119, 122, 123, 126, 128, 132, 135, 138, 139, 142, 143, 146, 148, 152, 153, 155, 156, 157, 158, 159, 160, 162, 166, 167, 169, 171, 172, 173, 175, 176, 177, 178, 179], "excluded_lines": []}, "": {"executed_lines": [1, 5, 6, 7, 8, 10, 13, 14, 16, 17, 18, 21, 22, 24, 25, 26, 29, 30, 31, 33, 34, 35, 36, 37, 40, 41, 43, 59, 117, 130, 150, 164, 183, 186], "summary": {"covered_lines": 31, "num_statements": 36, "percent_covered": 86.11111111111111, "percent_covered_display": "86", "missing_lines": 5, "excluded_lines": 0, "percent_statements_covered": 86.11111111111111, "percent_statements_covered_display": "86"}, "missing_lines": [15, 23, 189, 190, 191], "excluded_lines": []}}}, "src\\core\\document_processor.py": {"executed_lines": [1, 5, 6, 7, 8, 9, 11, 14, 16, 19, 20, 22, 23, 24, 26, 27, 29, 30, 31, 33, 34, 36, 37, 38, 41, 42, 44, 55, 80, 113, 143, 167, 188, 197, 225, 247, 250], "summary": {"covered_lines": 35, "num_statements": 122, "percent_covered": 28.688524590163933, "percent_covered_display": "29", "missing_lines": 87, "excluded_lines": 0, "percent_statements_covered": 28.688524590163933, "percent_statements_covered_display": "29"}, "missing_lines": [21, 28, 35, 52, 53, 65, 67, 78, 91, 92, 94, 96, 97, 98, 99, 100, 101, 102, 103, 104, 105, 106, 108, 109, 110, 111, 115, 116, 118, 120, 121, 122, 124, 125, 126, 129, 130, 131, 132, 133, 134, 135, 136, 138, 139, 141, 145, 146, 148, 151, 152, 155, 156, 157, 158, 159, 160, 161, 163, 165, 169, 170, 172, 174, 175, 176, 177, 178, 179, 180, 181, 183, 184, 186, 190, 191, 193, 195, 214, 217, 223, 240, 241, 243, 254, 255, 257], "excluded_lines": [], "functions": {"DocumentProcessor.__init__": {"executed_lines": [], "summary": {"covered_lines": 0, "num_statements": 2, "percent_covered": 0.0, "percent_covered_display": "0", "missing_lines": 2, "excluded_lines": 0, "percent_statements_covered": 0.0, "percent_statements_covered_display": "0"}, "missing_lines": [52, 53], "excluded_lines": []}, "DocumentProcessor.detect_file_type": {"executed_lines": [], "summary": {"covered_lines": 0, "num_statements": 3, "percent_covered": 0.0, "percent_covered_display": "0", "missing_lines": 3, "excluded_lines": 0, "percent_statements_covered": 0.0, "percent_statements_covered_display": "0"}, "missing_lines": [65, 67, 78], "excluded_lines": []}, "DocumentProcessor.extract_text": {"executed_lines": [], "summary": {"covered_lines": 0, "num_statements": 18, "percent_covered": 0.0, "percent_covered_display": "0", "missing_lines": 18, "excluded_lines": 0, "percent_statements_covered": 0.0, "percent_statements_covered_display": "0"}, "missing_lines": [91, 92, 94, 96, 97, 98, 99, 100, 101, 102, 103, 104, 105, 106, 108, 109, 110, 111], "excluded_lines": []}, "DocumentProcessor._extract_from_pdf": {"executed_lines": [], "summary": {"covered_lines": 0, "num_statements": 20, "percent_covered": 0.0, "percent_covered_display": "0", "missing_lines": 20, "excluded_lines": 0, "percent_statements_covered": 0.0, "percent_statements_covered_display": "0"}, "missing_lines": [115, 116, 118, 120, 121, 122, 124, 125, 126, 129, 130, 131, 132, 133, 134, 135, 136, 138, 139, 141], "excluded_lines": []}, "DocumentProcessor._extract_from_word": {"executed_lines": [], "summary": {"covered_lines": 0, "num_statements": 14, "percent_covered": 0.0, "percent_covered_display": "0", "missing_lines": 14, "excluded_lines": 0, "percent_statements_covered": 0.0, "percent_statements_covered_display": "0"}, "missing_lines": [145, 146, 148, 151, 152, 155, 156, 157, 158, 159, 160, 161, 163, 165], "excluded_lines": []}, "DocumentProcessor._extract_from_excel": {"executed_lines": [], "summary": {"covered_lines": 0, "num_statements": 14, "percent_covered": 0.0, "percent_covered_display": "0", "missing_lines": 14, "excluded_lines": 0, "percent_statements_covered": 0.0, "percent_statements_covered_display": "0"}, "missing_lines": [169, 170, 172, 174, 175, 176, 177, 178, 179, 180, 181, 183, 184, 186], "excluded_lines": []}, "DocumentProcessor._extract_from_text": {"executed_lines": [], "summary": {"covered_lines": 0, "num_statements": 4, "percent_covered": 0.0, "percent_covered_display": "0", "missing_lines": 4, "excluded_lines": 0, "percent_statements_covered": 0.0, "percent_statements_covered_display": "0"}, "missing_lines": [190, 191, 193, 195], "excluded_lines": []}, "DocumentProcessor.chunk_text": {"executed_lines": [], "summary": {"covered_lines": 0, "num_statements": 3, "percent_covered": 0.0, "percent_covered_display": "0", "missing_lines": 3, "excluded_lines": 0, "percent_statements_covered": 0.0, "percent_statements_covered_display": "0"}, "missing_lines": [214, 217, 223], "excluded_lines": []}, "DocumentProcessor.process_document": {"executed_lines": [], "summary": {"covered_lines": 0, "num_statements": 3, "percent_covered": 0.0, "percent_covered_display": "0", "missing_lines": 3, "excluded_lines": 0, "percent_statements_covered": 0.0, "percent_statements_covered_display": "0"}, "missing_lines": [240, 241, 243], "excluded_lines": []}, "get_document_processor": {"executed_lines": [], "summary": {"covered_lines": 0, "num_statements": 3, "percent_covered": 0.0, "percent_covered_display": "0", "missing_lines": 3, "excluded_lines": 0, "percent_statements_covered": 0.0, "percent_statements_covered_display": "0"}, "missing_lines": [254, 255, 257], "excluded_lines": []}, "": {"executed_lines": [1, 5, 6, 7, 8, 9, 11, 14, 16, 19, 20, 22, 23, 24, 26, 27, 29, 30, 31, 33, 34, 36, 37, 38, 41, 42, 44, 55, 80, 113, 143, 167, 188, 197, 225, 247, 250], "summary": {"covered_lines": 35, "num_statements": 38, "percent_covered": 92.10526315789474, "percent_covered_display": "92", "missing_lines": 3, "excluded_lines": 0, "percent_statements_covered": 92.10526315789474, "percent_statements_covered_display": "92"}, "missing_lines": [21, 28, 35], "excluded_lines": []}}, "classes": {"DocumentProcessor": {"executed_lines": [], "summary": {"covered_lines": 0, "num_statements": 81, "percent_covered": 0.0, "percent_covered_display": "0", "missing_lines": 81, "excluded_lines": 0, "percent_statements_covered": 0.0, "percent_statements_covered_display": "0"}, "missing_lines": [52, 53, 65, 67, 78, 91, 92, 94, 96, 97, 98, 99, 100, 101, 102, 103, 104, 105, 106, 108, 109, 110, 111, 115, 116, 118, 120, 121, 122, 124, 125, 126, 129, 130, 131, 132, 133, 134, 135, 136, 138, 139, 141, 145, 146, 148, 151, 152, 155, 156, 157, 158, 159, 160, 161, 163, 165, 169, 170, 172, 174, 175, 176, 177, 178, 179, 180, 181, 183, 184, 186, 190, 191, 193, 195, 214, 217, 223, 240, 241, 243], "excluded_lines": []}, "": {"executed_lines": [1, 5, 6, 7, 8, 9, 11, 14, 16, 19, 20, 22, 23, 24, 26, 27, 29, 30, 31, 33, 34, 36, 37, 38, 41, 42, 44, 55, 80, 113, 143, 167, 188, 197, 225, 247, 250], "summary": {"covered_lines": 35, "num_statements": 41, "percent_covered": 85.36585365853658, "percent_covered_display": "85", "missing_lines": 6, "excluded_lines": 0, "percent_statements_covered": 85.36585365853658, "percent_statements_covered_display": "85"}, "missing_lines": [21, 28, 35, 254, 255, 257], "excluded_lines": []}}}, "src\\core\\document_quality.py": {"executed_lines": [1, 5, 6, 7, 8, 9, 11, 14, 15, 16, 22, 25, 26, 28, 31, 75, 106, 140, 146, 161, 167, 201, 229, 236, 239], "summary": {"covered_lines": 22, "num_statements": 108, "percent_covered": 20.37037037037037, "percent_covered_display": "20", "missing_lines": 86, "excluded_lines": 0, "percent_statements_covered": 20.37037037037037, "percent_statements_covered_display": "20"}, "missing_lines": [29, 48, 49, 50, 51, 54, 61, 77, 80, 81, 82, 83, 85, 88, 89, 90, 91, 92, 95, 96, 97, 98, 99, 100, 101, 102, 104, 108, 109, 111, 114, 115, 116, 117, 118, 121, 122, 123, 124, 125, 126, 128, 131, 132, 133, 134, 135, 136, 138, 144, 149, 152, 153, 156, 157, 159, 165, 169, 170, 173, 174, 175, 176, 179, 180, 181, 182, 183, 186, 187, 189, 190, 191, 192, 194, 216, 217, 220, 221, 222, 227, 231, 232, 242, 243, 244], "excluded_lines": [], "functions": {"DocumentQualityAssessor.__init__": {"executed_lines": [], "summary": {"covered_lines": 0, "num_statements": 1, "percent_covered": 0.0, "percent_covered_display": "0", "missing_lines": 1, "excluded_lines": 0, "percent_statements_covered": 0.0, "percent_statements_covered_display": "0"}, "missing_lines": [29], "excluded_lines": []}, "DocumentQualityAssessor.assess_quality": {"executed_lines": [], "summary": {"covered_lines": 0, "num_statements": 6, "percent_covered": 0.0, "percent_covered_display": "0", "missing_lines": 6, "excluded_lines": 0, "percent_statements_covered": 0.0, "percent_statements_covered_display": "0"}, "missing_lines": [48, 49, 50, 51, 54, 61], "excluded_lines": []}, "DocumentQualityAssessor._assess_completeness": {"executed_lines": [], "summary": {"covered_lines": 0, "num_statements": 20, "percent_covered": 0.0, "percent_covered_display": "0", "missing_lines": 20, "excluded_lines": 0, "percent_statements_covered": 0.0, "percent_statements_covered_display": "0"}, "missing_lines": [77, 80, 81, 82, 83, 85, 88, 89, 90, 91, 92, 95, 96, 97, 98, 99, 100, 101, 102, 104], "excluded_lines": []}, "DocumentQualityAssessor._assess_readability": {"executed_lines": [], "summary": {"covered_lines": 0, "num_statements": 22, "percent_covered": 0.0, "percent_covered_display": "0", "missing_lines": 22, "excluded_lines": 0, "percent_statements_covered": 0.0, "percent_statements_covered_display": "0"}, "missing_lines": [108, 109, 111, 114, 115, 116, 117, 118, 121, 122, 123, 124, 125, 126, 128, 131, 132, 133, 134, 135, 136, 138], "excluded_lines": []}, "DocumentQualityAssessor._assess_relevance": {"executed_lines": [], "summary": {"covered_lines": 0, "num_statements": 1, "percent_covered": 0.0, "percent_covered_display": "0", "missing_lines": 1, "excluded_lines": 0, "percent_statements_covered": 0.0, "percent_statements_covered_display": "0"}, "missing_lines": [144], "excluded_lines": []}, "DocumentQualityAssessor._assess_uniqueness": {"executed_lines": [], "summary": {"covered_lines": 0, "num_statements": 6, "percent_covered": 0.0, "percent_covered_display": "0", "missing_lines": 6, "excluded_lines": 0, "percent_statements_covered": 0.0, "percent_statements_covered_display": "0"}, "missing_lines": [149, 152, 153, 156, 157, 159], "excluded_lines": []}, "DocumentQualityAssessor._calculate_similarity": {"executed_lines": [], "summary": {"covered_lines": 0, "num_statements": 1, "percent_covered": 0.0, "percent_covered_display": "0", "missing_lines": 1, "excluded_lines": 0, "percent_statements_covered": 0.0, "percent_statements_covered_display": "0"}, "missing_lines": [165], "excluded_lines": []}, "DocumentQualityAssessor.check_completeness": {"executed_lines": [], "summary": {"covered_lines": 0, "num_statements": 18, "percent_covered": 0.0, "percent_covered_display": "0", "missing_lines": 18, "excluded_lines": 0, "percent_statements_covered": 0.0, "percent_statements_covered_display": "0"}, "missing_lines": [169, 170, 173, 174, 175, 176, 179, 180, 181, 182, 183, 186, 187, 189, 190, 191, 192, 194], "excluded_lines": []}, "DocumentQualityAssessor.detect_duplicates": {"executed_lines": [], "summary": {"covered_lines": 0, "num_statements": 6, "percent_covered": 0.0, "percent_covered_display": "0", "missing_lines": 6, "excluded_lines": 0, "percent_statements_covered": 0.0, "percent_statements_covered_display": "0"}, "missing_lines": [216, 217, 220, 221, 222, 227], "excluded_lines": []}, "DocumentQualityAssessor.register_document": {"executed_lines": [], "summary": {"covered_lines": 0, "num_statements": 2, "percent_covered": 0.0, "percent_covered_display": "0", "missing_lines": 2, "excluded_lines": 0, "percent_statements_covered": 0.0, "percent_statements_covered_display": "0"}, "missing_lines": [231, 232], "excluded_lines": []}, "get_quality_assessor": {"executed_lines": [], "summary": {"covered_lines": 0, "num_statements": 3, "percent_covered": 0.0, "percent_covered_display": "0", "missing_lines": 3, "excluded_lines": 0, "percent_statements_covered": 0.0, "percent_statements_covered_display": "0"}, "missing_lines": [242, 243, 244], "excluded_lines": []}, "": {"executed_lines": [1, 5, 6, 7, 8, 9, 11, 14, 15, 16, 22, 25, 26, 28, 31, 75, 106, 140, 146, 161, 167, 201, 229, 236, 239], "summary": {"covered_lines": 22, "num_statements": 22, "percent_covered": 100.0, "percent_covered_display": "100", "missing_lines": 0, "excluded_lines": 0, "percent_statements_covered": 100.0, "percent_statements_covered_display": "100"}, "missing_lines": [], "excluded_lines": []}}, "classes": {"QualityScore": {"executed_lines": [], "summary": {"covered_lines": 0, "num_statements": 0, "percent_covered": 100.0, "percent_covered_display": "100", "missing_lines": 0, "excluded_lines": 0, "percent_statements_covered": 100.0, "percent_statements_covered_display": "100"}, "missing_lines": [], "excluded_lines": []}, "DocumentQualityAssessor": {"executed_lines": [], "summary": {"covered_lines": 0, "num_statements": 83, "percent_covered": 0.0, "percent_covered_display": "0", "missing_lines": 83, "excluded_lines": 0, "percent_statements_covered": 0.0, "percent_statements_covered_display": "0"}, "missing_lines": [29, 48, 49, 50, 51, 54, 61, 77, 80, 81, 82, 83, 85, 88, 89, 90, 91, 92, 95, 96, 97, 98, 99, 100, 101, 102, 104, 108, 109, 111, 114, 115, 116, 117, 118, 121, 122, 123, 124, 125, 126, 128, 131, 132, 133, 134, 135, 136, 138, 144, 149, 152, 153, 156, 157, 159, 165, 169, 170, 173, 174, 175, 176, 179, 180, 181, 182, 183, 186, 187, 189, 190, 191, 192, 194, 216, 217, 220, 221, 222, 227, 231, 232], "excluded_lines": []}, "": {"executed_lines": [1, 5, 6, 7, 8, 9, 11, 14, 15, 16, 22, 25, 26, 28, 31, 75, 106, 140, 146, 161, 167, 201, 229, 236, 239], "summary": {"covered_lines": 22, "num_statements": 25, "percent_covered": 88.0, "percent_covered_display": "88", "missing_lines": 3, "excluded_lines": 0, "percent_statements_covered": 88.0, "percent_statements_covered_display": "88"}, "missing_lines": [242, 243, 244], "excluded_lines": []}}}, "src\\core\\duplicate_detector.py": {"executed_lines": [], "summary": {"covered_lines": 0, "num_statements": 147, "percent_covered": 0.0, "percent_covered_display": "0", "missing_lines": 147, "excluded_lines": 0, "percent_statements_covered": 0.0, "percent_statements_covered_display": "0"}, "missing_lines": [5, 6, 7, 9, 12, 15, 22, 23, 25, 27, 28, 29, 30, 31, 32, 34, 49, 50, 52, 53, 54, 55, 57, 59, 61, 63, 64, 65, 67, 69, 70, 71, 72, 74, 75, 76, 79, 80, 82, 83, 84, 85, 87, 88, 90, 91, 92, 94, 95, 97, 98, 99, 101, 102, 107, 109, 111, 112, 113, 115, 117, 120, 121, 122, 123, 125, 126, 128, 129, 130, 133, 134, 135, 136, 142, 144, 146, 147, 149, 150, 151, 153, 154, 155, 157, 159, 160, 161, 163, 164, 165, 167, 169, 170, 171, 173, 174, 179, 181, 183, 186, 187, 189, 190, 193, 194, 196, 198, 200, 201, 203, 205, 206, 207, 209, 210, 212, 214, 231, 232, 234, 236, 237, 238, 240, 242, 244, 245, 247, 248, 249, 250, 251, 253, 258, 259, 261, 263, 265, 266, 267, 268, 270, 277, 278, 281, 283], "excluded_lines": [], "functions": {"DuplicateDetector.__init__": {"executed_lines": [], "summary": {"covered_lines": 0, "num_statements": 2, "percent_covered": 0.0, "percent_covered_display": "0", "missing_lines": 2, "excluded_lines": 0, "percent_statements_covered": 0.0, "percent_statements_covered_display": "0"}, "missing_lines": [22, 23], "excluded_lines": []}, "DuplicateDetector._get_embedding_manager": {"executed_lines": [], "summary": {"covered_lines": 0, "num_statements": 6, "percent_covered": 0.0, "percent_covered_display": "0", "missing_lines": 6, "excluded_lines": 0, "percent_statements_covered": 0.0, "percent_statements_covered_display": "0"}, "missing_lines": [27, 28, 29, 30, 31, 32], "excluded_lines": []}, "DuplicateDetector.detect_duplicates": {"executed_lines": [], "summary": {"covered_lines": 0, "num_statements": 7, "percent_covered": 0.0, "percent_covered_display": "0", "missing_lines": 7, "excluded_lines": 0, "percent_statements_covered": 0.0, "percent_statements_covered_display": "0"}, "missing_lines": [49, 50, 52, 53, 54, 55, 57], "excluded_lines": []}, "DuplicateDetector._detect_by_embedding": {"executed_lines": [], "summary": {"covered_lines": 0, "num_statements": 35, "percent_covered": 0.0, "percent_covered_display": "0", "missing_lines": 35, "excluded_lines": 0, "percent_statements_covered": 0.0, "percent_statements_covered_display": "0"}, "missing_lines": [61, 63, 64, 65, 67, 69, 70, 71, 72, 74, 75, 76, 79, 80, 82, 83, 84, 85, 87, 88, 90, 91, 92, 94, 95, 97, 98, 99, 101, 102, 107, 109, 111, 112, 113], "excluded_lines": []}, "DuplicateDetector._detect_by_hash": {"executed_lines": [], "summary": {"covered_lines": 0, "num_statements": 15, "percent_covered": 0.0, "percent_covered_display": "0", "missing_lines": 15, "excluded_lines": 0, "percent_statements_covered": 0.0, "percent_statements_covered_display": "0"}, "missing_lines": [117, 120, 121, 122, 123, 125, 126, 128, 129, 130, 133, 134, 135, 136, 142], "excluded_lines": []}, "DuplicateDetector._detect_by_content": {"executed_lines": [], "summary": {"covered_lines": 0, "num_statements": 23, "percent_covered": 0.0, "percent_covered_display": "0", "missing_lines": 23, "excluded_lines": 0, "percent_statements_covered": 0.0, "percent_statements_covered_display": "0"}, "missing_lines": [146, 147, 149, 150, 151, 153, 154, 155, 157, 159, 160, 161, 163, 164, 165, 167, 169, 170, 171, 173, 174, 179, 181], "excluded_lines": []}, "DuplicateDetector._content_similarity": {"executed_lines": [], "summary": {"covered_lines": 0, "num_statements": 7, "percent_covered": 0.0, "percent_covered_display": "0", "missing_lines": 7, "excluded_lines": 0, "percent_statements_covered": 0.0, "percent_statements_covered_display": "0"}, "missing_lines": [186, 187, 189, 190, 193, 194, 196], "excluded_lines": []}, "DuplicateDetector._cosine_similarity": {"executed_lines": [], "summary": {"covered_lines": 0, "num_statements": 9, "percent_covered": 0.0, "percent_covered_display": "0", "missing_lines": 9, "excluded_lines": 0, "percent_statements_covered": 0.0, "percent_statements_covered_display": "0"}, "missing_lines": [200, 201, 203, 205, 206, 207, 209, 210, 212], "excluded_lines": []}, "DuplicateDetector.find_similar": {"executed_lines": [], "summary": {"covered_lines": 0, "num_statements": 27, "percent_covered": 0.0, "percent_covered_display": "0", "missing_lines": 27, "excluded_lines": 0, "percent_statements_covered": 0.0, "percent_statements_covered_display": "0"}, "missing_lines": [231, 232, 234, 236, 237, 238, 240, 242, 244, 245, 247, 248, 249, 250, 251, 253, 258, 259, 261, 263, 265, 266, 267, 268, 270, 277, 278], "excluded_lines": []}, "get_duplicate_detector": {"executed_lines": [], "summary": {"covered_lines": 0, "num_statements": 1, "percent_covered": 0.0, "percent_covered_display": "0", "missing_lines": 1, "excluded_lines": 0, "percent_statements_covered": 0.0, "percent_statements_covered_display": "0"}, "missing_lines": [283], "excluded_lines": []}, "": {"executed_lines": [], "summary": {"covered_lines": 0, "num_statements": 15, "percent_covered": 0.0, "percent_covered_display": "0", "missing_lines": 15, "excluded_lines": 0, "percent_statements_covered": 0.0, "percent_statements_covered_display": "0"}, "missing_lines": [5, 6, 7, 9, 12, 15, 25, 34, 59, 115, 144, 183, 198, 214, 281], "excluded_lines": []}}, "classes": {"DuplicateDetector": {"executed_lines": [], "summary": {"covered_lines": 0, "num_statements": 131, "percent_covered": 0.0, "percent_covered_display": "0", "missing_lines": 131, "excluded_lines": 0, "percent_statements_covered": 0.0, "percent_statements_covered_display": "0"}, "missing_lines": [22, 23, 27, 28, 29, 30, 31, 32, 49, 50, 52, 53, 54, 55, 57, 61, 63, 64, 65, 67, 69, 70, 71, 72, 74, 75, 76, 79, 80, 82, 83, 84, 85, 87, 88, 90, 91, 92, 94, 95, 97, 98, 99, 101, 102, 107, 109, 111, 112, 113, 117, 120, 121, 122, 123, 125, 126, 128, 129, 130, 133, 134, 135, 136, 142, 146, 147, 149, 150, 151, 153, 154, 155, 157, 159, 160, 161, 163, 164, 165, 167, 169, 170, 171, 173, 174, 179, 181, 186, 187, 189, 190, 193, 194, 196, 200, 201, 203, 205, 206, 207, 209, 210, 212, 231, 232, 234, 236, 237, 238, 240, 242, 244, 245, 247, 248, 249, 250, 251, 253, 258, 259, 261, 263, 265, 266, 267, 268, 270, 277, 278], "excluded_lines": []}, "": {"executed_lines": [], "summary": {"covered_lines": 0, "num_statements": 16, "percent_covered": 0.0, "percent_covered_display": "0", "missing_lines": 16, "excluded_lines": 0, "percent_statements_covered": 0.0, "percent_statements_covered_display": "0"}, "missing_lines": [5, 6, 7, 9, 12, 15, 25, 34, 59, 115, 144, 183, 198, 214, 281, 283], "excluded_lines": []}}}, "src\\core\\embedding_manager.py": {"executed_lines": [1, 5, 6, 7, 9, 12, 13, 15, 16, 17, 18, 21, 22, 24, 25, 28, 29, 31, 45, 82, 112, 124, 151, 155, 161, 164], "summary": {"covered_lines": 24, "num_statements": 89, "percent_covered": 26.96629213483146, "percent_covered_display": "27", "missing_lines": 65, "excluded_lines": 0, "percent_statements_covered": 26.96629213483146, "percent_statements_covered_display": "27"}, "missing_lines": [14, 23, 39, 40, 41, 42, 43, 47, 48, 49, 51, 52, 53, 54, 55, 58, 60, 61, 62, 63, 65, 66, 67, 68, 69, 70, 71, 72, 74, 76, 77, 78, 79, 80, 93, 94, 96, 97, 98, 104, 107, 108, 109, 110, 122, 135, 136, 137, 139, 140, 141, 143, 145, 146, 147, 148, 149, 153, 157, 177, 178, 179, 183, 185, 190], "excluded_lines": [], "functions": {"EmbeddingManager.__init__": {"executed_lines": [], "summary": {"covered_lines": 0, "num_statements": 5, "percent_covered": 0.0, "percent_covered_display": "0", "missing_lines": 5, "excluded_lines": 0, "percent_statements_covered": 0.0, "percent_statements_covered_display": "0"}, "missing_lines": [39, 40, 41, 42, 43], "excluded_lines": []}, "EmbeddingManager._initialize_model": {"executed_lines": [], "summary": {"covered_lines": 0, "num_statements": 27, "percent_covered": 0.0, "percent_covered_display": "0", "missing_lines": 27, "excluded_lines": 0, "percent_statements_covered": 0.0, "percent_statements_covered_display": "0"}, "missing_lines": [47, 48, 49, 51, 52, 53, 54, 55, 58, 60, 61, 62, 63, 65, 66, 67, 68, 69, 70, 71, 72, 74, 76, 77, 78, 79, 80], "excluded_lines": []}, "EmbeddingManager.encode": {"executed_lines": [], "summary": {"covered_lines": 0, "num_statements": 10, "percent_covered": 0.0, "percent_covered_display": "0", "missing_lines": 10, "excluded_lines": 0, "percent_statements_covered": 0.0, "percent_statements_covered_display": "0"}, "missing_lines": [93, 94, 96, 97, 98, 104, 107, 108, 109, 110], "excluded_lines": []}, "EmbeddingManager.encode_single": {"executed_lines": [], "summary": {"covered_lines": 0, "num_statements": 1, "percent_covered": 0.0, "percent_covered_display": "0", "missing_lines": 1, "excluded_lines": 0, "percent_statements_covered": 0.0, "percent_statements_covered_display": "0"}, "missing_lines": [122], "excluded_lines": []}, "EmbeddingManager._generate_mock_embeddings": {"executed_lines": [], "summary": {"covered_lines": 0, "num_statements": 12, "percent_covered": 0.0, "percent_covered_display": "0", "missing_lines": 12, "excluded_lines": 0, "percent_statements_covered": 0.0, "percent_statements_covered_display": "0"}, "missing_lines": [135, 136, 137, 139, 140, 141, 143, 145, 146, 147, 148, 149], "excluded_lines": []}, "EmbeddingManager.get_dimension": {"executed_lines": [], "summary": {"covered_lines": 0, "num_statements": 1, "percent_covered": 0.0, "percent_covered_display": "0", "missing_lines": 1, "excluded_lines": 0, "percent_statements_covered": 0.0, "percent_statements_covered_display": "0"}, "missing_lines": [153], "excluded_lines": []}, "EmbeddingManager.is_available": {"executed_lines": [], "summary": {"covered_lines": 0, "num_statements": 1, "percent_covered": 0.0, "percent_covered_display": "0", "missing_lines": 1, "excluded_lines": 0, "percent_statements_covered": 0.0, "percent_statements_covered_display": "0"}, "missing_lines": [157], "excluded_lines": []}, "get_embedding_manager": {"executed_lines": [], "summary": {"covered_lines": 0, "num_statements": 6, "percent_covered": 0.0, "percent_covered_display": "0", "missing_lines": 6, "excluded_lines": 0, "percent_statements_covered": 0.0, "percent_statements_covered_display": "0"}, "missing_lines": [177, 178, 179, 183, 185, 190], "excluded_lines": []}, "": {"executed_lines": [1, 5, 6, 7, 9, 12, 13, 15, 16, 17, 18, 21, 22, 24, 25, 28, 29, 31, 45, 82, 112, 124, 151, 155, 161, 164], "summary": {"covered_lines": 24, "num_statements": 26, "percent_covered": 92.3076923076923, "percent_covered_display": "92", "missing_lines": 2, "excluded_lines": 0, "percent_statements_covered": 92.3076923076923, "percent_statements_covered_display": "92"}, "missing_lines": [14, 23], "excluded_lines": []}}, "classes": {"EmbeddingManager": {"executed_lines": [], "summary": {"covered_lines": 0, "num_statements": 57, "percent_covered": 0.0, "percent_covered_display": "0", "missing_lines": 57, "excluded_lines": 0, "percent_statements_covered": 0.0, "percent_statements_covered_display": "0"}, "missing_lines": [39, 40, 41, 42, 43, 47, 48, 49, 51, 52, 53, 54, 55, 58, 60, 61, 62, 63, 65, 66, 67, 68, 69, 70, 71, 72, 74, 76, 77, 78, 79, 80, 93, 94, 96, 97, 98, 104, 107, 108, 109, 110, 122, 135, 136, 137, 139, 140, 141, 143, 145, 146, 147, 148, 149, 153, 157], "excluded_lines": []}, "": {"executed_lines": [1, 5, 6, 7, 9, 12, 13, 15, 16, 17, 18, 21, 22, 24, 25, 28, 29, 31, 45, 82, 112, 124, 151, 155, 161, 164], "summary": {"covered_lines": 24, "num_statements": 32, "percent_covered": 75.0, "percent_covered_display": "75", "missing_lines": 8, "excluded_lines": 0, "percent_statements_covered": 75.0, "percent_statements_covered_display": "75"}, "missing_lines": [14, 23, 177, 178, 179, 183, 185, 190], "excluded_lines": []}}}, "src\\core\\error_handler.py": {"executed_lines": [], "summary": {"covered_lines": 0, "num_statements": 90, "percent_covered": 0.0, "percent_covered_display": "0", "missing_lines": 90, "excluded_lines": 0, "percent_statements_covered": 0.0, "percent_statements_covered_display": "0"}, "missing_lines": [5, 6, 7, 8, 9, 10, 11, 13, 16, 18, 19, 20, 21, 22, 23, 26, 27, 31, 32, 33, 34, 35, 38, 39, 41, 42, 43, 44, 45, 53, 56, 57, 59, 78, 79, 81, 82, 83, 84, 86, 87, 88, 89, 90, 93, 94, 95, 97, 98, 102, 103, 105, 108, 110, 112, 113, 115, 116, 118, 119, 121, 123, 130, 132, 134, 147, 149, 150, 153, 154, 155, 156, 157, 158, 159, 160, 161, 162, 163, 164, 166, 168, 170, 171, 174, 177, 178, 194, 195, 197], "excluded_lines": [], "functions": {"RetryHandler.__init__": {"executed_lines": [], "summary": {"covered_lines": 0, "num_statements": 1, "percent_covered": 0.0, "percent_covered_display": "0", "missing_lines": 1, "excluded_lines": 0, "percent_statements_covered": 0.0, "percent_statements_covered_display": "0"}, "missing_lines": [57], "excluded_lines": []}, "RetryHandler.execute_with_retry": {"executed_lines": [], "summary": {"covered_lines": 0, "num_statements": 20, "percent_covered": 0.0, "percent_covered_display": "0", "missing_lines": 20, "excluded_lines": 0, "percent_statements_covered": 0.0, "percent_statements_covered_display": "0"}, "missing_lines": [78, 79, 81, 82, 83, 84, 86, 87, 88, 89, 90, 93, 94, 95, 97, 98, 102, 103, 105, 108], "excluded_lines": []}, "RetryHandler._should_retry": {"executed_lines": [], "summary": {"covered_lines": 0, "num_statements": 7, "percent_covered": 0.0, "percent_covered_display": "0", "missing_lines": 7, "excluded_lines": 0, "percent_statements_covered": 0.0, "percent_statements_covered_display": "0"}, "missing_lines": [112, 113, 115, 116, 118, 119, 121], "excluded_lines": []}, "RetryHandler._create_error_detail": {"executed_lines": [], "summary": {"covered_lines": 0, "num_statements": 3, "percent_covered": 0.0, "percent_covered_display": "0", "missing_lines": 3, "excluded_lines": 0, "percent_statements_covered": 0.0, "percent_statements_covered_display": "0"}, "missing_lines": [130, 132, 134], "excluded_lines": []}, "RetryHandler._classify_error": {"executed_lines": [], "summary": {"covered_lines": 0, "num_statements": 15, "percent_covered": 0.0, "percent_covered_display": "0", "missing_lines": 15, "excluded_lines": 0, "percent_statements_covered": 0.0, "percent_statements_covered_display": "0"}, "missing_lines": [149, 150, 153, 154, 155, 156, 157, 158, 159, 160, 161, 162, 163, 164, 166], "excluded_lines": []}, "RetryHandler._is_retryable_error": {"executed_lines": [], "summary": {"covered_lines": 0, "num_statements": 2, "percent_covered": 0.0, "percent_covered_display": "0", "missing_lines": 2, "excluded_lines": 0, "percent_statements_covered": 0.0, "percent_statements_covered_display": "0"}, "missing_lines": [170, 171], "excluded_lines": []}, "PartialSuccessHandler.handle_partial_success": {"executed_lines": [], "summary": {"covered_lines": 0, "num_statements": 3, "percent_covered": 0.0, "percent_covered_display": "0", "missing_lines": 3, "excluded_lines": 0, "percent_statements_covered": 0.0, "percent_statements_covered_display": "0"}, "missing_lines": [194, 195, 197], "excluded_lines": []}, "": {"executed_lines": [], "summary": {"covered_lines": 0, "num_statements": 39, "percent_covered": 0.0, "percent_covered_display": "0", "missing_lines": 39, "excluded_lines": 0, "percent_statements_covered": 0.0, "percent_statements_covered_display": "0"}, "missing_lines": [5, 6, 7, 8, 9, 10, 11, 13, 16, 18, 19, 20, 21, 22, 23, 26, 27, 31, 32, 33, 34, 35, 38, 39, 41, 42, 43, 44, 45, 53, 56, 59, 110, 123, 147, 168, 174, 177, 178], "excluded_lines": []}}, "classes": {"ErrorType": {"executed_lines": [], "summary": {"covered_lines": 0, "num_statements": 0, "percent_covered": 100.0, "percent_covered_display": "100", "missing_lines": 0, "excluded_lines": 0, "percent_statements_covered": 100.0, "percent_statements_covered_display": "100"}, "missing_lines": [], "excluded_lines": []}, "ErrorDetail": {"executed_lines": [], "summary": {"covered_lines": 0, "num_statements": 0, "percent_covered": 100.0, "percent_covered_display": "100", "missing_lines": 0, "excluded_lines": 0, "percent_statements_covered": 100.0, "percent_statements_covered_display": "100"}, "missing_lines": [], "excluded_lines": []}, "RetryConfig": {"executed_lines": [], "summary": {"covered_lines": 0, "num_statements": 0, "percent_covered": 100.0, "percent_covered_display": "100", "missing_lines": 0, "excluded_lines": 0, "percent_statements_covered": 100.0, "percent_statements_covered_display": "100"}, "missing_lines": [], "excluded_lines": []}, "RetryHandler": {"executed_lines": [], "summary": {"covered_lines": 0, "num_statements": 48, "percent_covered": 0.0, "percent_covered_display": "0", "missing_lines": 48, "excluded_lines": 0, "percent_statements_covered": 0.0, "percent_statements_covered_display": "0"}, "missing_lines": [57, 78, 79, 81, 82, 83, 84, 86, 87, 88, 89, 90, 93, 94, 95, 97, 98, 102, 103, 105, 108, 112, 113, 115, 116, 118, 119, 121, 130, 132, 134, 149, 150, 153, 154, 155, 156, 157, 158, 159, 160, 161, 162, 163, 164, 166, 170, 171], "excluded_lines": []}, "PartialSuccessHandler": {"executed_lines": [], "summary": {"covered_lines": 0, "num_statements": 3, "percent_covered": 0.0, "percent_covered_display": "0", "missing_lines": 3, "excluded_lines": 0, "percent_statements_covered": 0.0, "percent_statements_covered_display": "0"}, "missing_lines": [194, 195, 197], "excluded_lines": []}, "": {"executed_lines": [], "summary": {"covered_lines": 0, "num_statements": 39, "percent_covered": 0.0, "percent_covered_display": "0", "missing_lines": 39, "excluded_lines": 0, "percent_statements_covered": 0.0, "percent_statements_covered_display": "0"}, "missing_lines": [5, 6, 7, 8, 9, 10, 11, 13, 16, 18, 19, 20, 21, 22, 23, 26, 27, 31, 32, 33, 34, 35, 38, 39, 41, 42, 43, 44, 45, 53, 56, 59, 110, 123, 147, 168, 174, 177, 178], "excluded_lines": []}}}, "src\\core\\incremental_update.py": {"executed_lines": [], "summary": {"covered_lines": 0, "num_statements": 77, "percent_covered": 0.0, "percent_covered_display": "0", "missing_lines": 77, "excluded_lines": 0, "percent_statements_covered": 0.0, "percent_statements_covered_display": "0"}, "missing_lines": [5, 6, 7, 8, 9, 10, 12, 15, 17, 18, 19, 20, 23, 24, 27, 28, 29, 30, 31, 34, 35, 40, 43, 46, 47, 49, 51, 53, 68, 71, 72, 74, 75, 77, 78, 81, 83, 84, 85, 93, 100, 102, 103, 104, 112, 121, 129, 131, 148, 151, 152, 154, 155, 157, 164, 166, 168, 170, 171, 173, 174, 176, 178, 180, 195, 196, 197, 200, 203, 204, 208, 212, 216, 219, 222, 223, 224], "excluded_lines": [], "functions": {"IncrementalUpdater.__init__": {"executed_lines": [], "summary": {"covered_lines": 0, "num_statements": 1, "percent_covered": 0.0, "percent_covered_display": "0", "missing_lines": 1, "excluded_lines": 0, "percent_statements_covered": 0.0, "percent_statements_covered_display": "0"}, "missing_lines": [47], "excluded_lines": []}, "IncrementalUpdater.calculate_content_hash": {"executed_lines": [], "summary": {"covered_lines": 0, "num_statements": 1, "percent_covered": 0.0, "percent_covered_display": "0", "missing_lines": 1, "excluded_lines": 0, "percent_statements_covered": 0.0, "percent_statements_covered_display": "0"}, "missing_lines": [51], "excluded_lines": []}, "IncrementalUpdater.detect_changes": {"executed_lines": [], "summary": {"covered_lines": 0, "num_statements": 19, "percent_covered": 0.0, "percent_covered_display": "0", "missing_lines": 19, "excluded_lines": 0, "percent_statements_covered": 0.0, "percent_statements_covered_display": "0"}, "missing_lines": [68, 71, 72, 74, 75, 77, 78, 81, 83, 84, 85, 93, 100, 102, 103, 104, 112, 121, 129], "excluded_lines": []}, "IncrementalUpdater.create_version": {"executed_lines": [], "summary": {"covered_lines": 0, "num_statements": 8, "percent_covered": 0.0, "percent_covered_display": "0", "missing_lines": 8, "excluded_lines": 0, "percent_statements_covered": 0.0, "percent_statements_covered_display": "0"}, "missing_lines": [148, 151, 152, 154, 155, 157, 164, 166], "excluded_lines": []}, "IncrementalUpdater.get_latest_version": {"executed_lines": [], "summary": {"covered_lines": 0, "num_statements": 4, "percent_covered": 0.0, "percent_covered_display": "0", "missing_lines": 4, "excluded_lines": 0, "percent_statements_covered": 0.0, "percent_statements_covered_display": "0"}, "missing_lines": [170, 171, 173, 174], "excluded_lines": []}, "IncrementalUpdater.get_version_history": {"executed_lines": [], "summary": {"covered_lines": 0, "num_statements": 1, "percent_covered": 0.0, "percent_covered_display": "0", "missing_lines": 1, "excluded_lines": 0, "percent_statements_covered": 0.0, "percent_statements_covered_display": "0"}, "missing_lines": [178], "excluded_lines": []}, "IncrementalUpdater.should_incremental_update": {"executed_lines": [], "summary": {"covered_lines": 0, "num_statements": 8, "percent_covered": 0.0, "percent_covered_display": "0", "missing_lines": 8, "excluded_lines": 0, "percent_statements_covered": 0.0, "percent_statements_covered_display": "0"}, "missing_lines": [195, 196, 197, 200, 203, 204, 208, 212], "excluded_lines": []}, "get_incremental_updater": {"executed_lines": [], "summary": {"covered_lines": 0, "num_statements": 3, "percent_covered": 0.0, "percent_covered_display": "0", "missing_lines": 3, "excluded_lines": 0, "percent_statements_covered": 0.0, "percent_statements_covered_display": "0"}, "missing_lines": [222, 223, 224], "excluded_lines": []}, "": {"executed_lines": [], "summary": {"covered_lines": 0, "num_statements": 32, "percent_covered": 0.0, "percent_covered_display": "0", "missing_lines": 32, "excluded_lines": 0, "percent_statements_covered": 0.0, "percent_statements_covered_display": "0"}, "missing_lines": [5, 6, 7, 8, 9, 10, 12, 15, 17, 18, 19, 20, 23, 24, 27, 28, 29, 30, 31, 34, 35, 40, 43, 46, 49, 53, 131, 168, 176, 180, 216, 219], "excluded_lines": []}}, "classes": {"ChangeType": {"executed_lines": [], "summary": {"covered_lines": 0, "num_statements": 0, "percent_covered": 100.0, "percent_covered_display": "100", "missing_lines": 0, "excluded_lines": 0, "percent_statements_covered": 100.0, "percent_statements_covered_display": "100"}, "missing_lines": [], "excluded_lines": []}, "DocumentChange": {"executed_lines": [], "summary": {"covered_lines": 0, "num_statements": 0, "percent_covered": 100.0, "percent_covered_display": "100", "missing_lines": 0, "excluded_lines": 0, "percent_statements_covered": 100.0, "percent_statements_covered_display": "100"}, "missing_lines": [], "excluded_lines": []}, "DocumentVersion": {"executed_lines": [], "summary": {"covered_lines": 0, "num_statements": 0, "percent_covered": 100.0, "percent_covered_display": "100", "missing_lines": 0, "excluded_lines": 0, "percent_statements_covered": 100.0, "percent_statements_covered_display": "100"}, "missing_lines": [], "excluded_lines": []}, "IncrementalUpdater": {"executed_lines": [], "summary": {"covered_lines": 0, "num_statements": 42, "percent_covered": 0.0, "percent_covered_display": "0", "missing_lines": 42, "excluded_lines": 0, "percent_statements_covered": 0.0, "percent_statements_covered_display": "0"}, "missing_lines": [47, 51, 68, 71, 72, 74, 75, 77, 78, 81, 83, 84, 85, 93, 100, 102, 103, 104, 112, 121, 129, 148, 151, 152, 154, 155, 157, 164, 166, 170, 171, 173, 174, 178, 195, 196, 197, 200, 203, 204, 208, 212], "excluded_lines": []}, "": {"executed_lines": [], "summary": {"covered_lines": 0, "num_statements": 35, "percent_covered": 0.0, "percent_covered_display": "0", "missing_lines": 35, "excluded_lines": 0, "percent_statements_covered": 0.0, "percent_statements_covered_display": "0"}, "missing_lines": [5, 6, 7, 8, 9, 10, 12, 15, 17, 18, 19, 20, 23, 24, 27, 28, 29, 30, 31, 34, 35, 40, 43, 46, 49, 53, 131, 168, 176, 180, 216, 219, 222, 223, 224], "excluded_lines": []}}}, "src\\core\\keyword_extractor.py": {"executed_lines": [], "summary": {"covered_lines": 0, "num_statements": 127, "percent_covered": 0.0, "percent_covered_display": "0", "missing_lines": 127, "excluded_lines": 0, "percent_statements_covered": 0.0, "percent_statements_covered_display": "0"}, "missing_lines": [5, 6, 7, 8, 10, 13, 14, 15, 16, 17, 19, 20, 21, 22, 23, 25, 26, 27, 28, 29, 31, 32, 33, 34, 35, 36, 37, 38, 39, 40, 41, 42, 43, 44, 45, 46, 49, 52, 60, 61, 62, 64, 66, 68, 69, 70, 71, 72, 75, 80, 82, 84, 95, 96, 98, 100, 101, 102, 103, 105, 107, 109, 111, 112, 113, 116, 125, 128, 12
[...]
missing_lines": [167], "excluded_lines": []}, "_patch_core_and_repos._DummyMemOpt.force_gc": {"executed_lines": [], "summary": {"covered_lines": 0, "num_statements": 1, "percent_covered": 0.0, "percent_covered_display": "0", "missing_lines": 1, "excluded_lines": 0, "percent_statements_covered": 0.0, "percent_statements_covered_display": "0"}, "missing_lines": [169], "excluded_lines": []}, "_patch_core_and_repos._DummyMemOpt.check_memory_threshold": {"executed_lines": [], "summary": {"covered_lines": 0, "num_statements": 1, "percent_covered": 0.0, "percent_covered_display": "0", "missing_lines": 1, "excluded_lines": 0, "percent_statements_covered": 0.0, "percent_statements_covered_display": "0"}, "missing_lines": [171], "excluded_lines": []}, "_patch_core_and_repos._DummyDoc.__init__": {"executed_lines": [], "summary": {"covered_lines": 0, "num_statements": 16, "percent_covered": 0.0, "percent_covered_display": "0", "missing_lines": 16, "excluded_lines": 0, "percent_statements_covered": 0.0, "percent_statements_covered_display": "0"}, "missing_lines": [182, 183, 184, 185, 186, 187, 188, 189, 190, 191, 192, 193, 194, 195, 196, 197], "excluded_lines": []}, "": {"executed_lines": [1, 2, 3, 4, 5, 6, 7, 8, 11, 12, 13, 14, 18, 19, 22, 23, 24, 28, 29, 30, 31, 32, 34, 38, 39, 40, 41, 44, 45, 53, 54, 61, 62, 66, 67, 72, 73, 79, 80, 87, 88], "summary": {"covered_lines": 41, "num_statements": 43, "percent_covered": 95.34883720930233, "percent_covered_display": "95", "missing_lines": 2, "excluded_lines": 0, "percent_statements_covered": 95.34883720930233, "percent_statements_covered_display": "95"}, "missing_lines": [25, 26], "excluded_lines": []}}, "classes": {"_ChunkMeta": {"executed_lines": [], "summary": {"covered_lines": 0, "num_statements": 5, "percent_covered": 0.0, "percent_covered_display": "0", "missing_lines": 5, "excluded_lines": 0, "percent_statements_covered": 0.0, "percent_statements_covered_display": "0"}, "missing_lines": [55, 56, 57, 58, 59], "excluded_lines": []}, "_Chunk": {"executed_lines": [], "summary": {"covered_lines": 0, "num_statements": 2, "percent_covered": 0.0, "percent_covered_display": "0", "missing_lines": 2, "excluded_lines": 0, "percent_statements_covered": 0.0, "percent_statements_covered_display": "0"}, "missing_lines": [63, 64], "excluded_lines": []}, "_PreprocessResult": {"executed_lines": [], "summary": {"covered_lines": 0, "num_statements": 3, "percent_covered": 0.0, "percent_covered_display": "0", "missing_lines": 3, "excluded_lines": 0, "percent_statements_covered": 0.0, "percent_statements_covered_display": "0"}, "missing_lines": [68, 69, 70], "excluded_lines": []}, "_QualityScore": {"executed_lines": [], "summary": {"covered_lines": 0, "num_statements": 4, "percent_covered": 0.0, "percent_covered_display": "0", "missing_lines": 4, "excluded_lines": 0, "percent_statements_covered": 0.0, "percent_statements_covered_display": "0"}, "missing_lines": [74, 75, 76, 77], "excluded_lines": []}, "_EnhancedMetadata": {"executed_lines": [], "summary": {"covered_lines": 0, "num_statements": 3, "percent_covered": 0.0, "percent_covered_display": "0", "missing_lines": 3, "excluded_lines": 0, "percent_statements_covered": 0.0, "percent_statements_covered_display": "0"}, "missing_lines": [81, 82, 83], "excluded_lines": []}, "_patch_core_and_repos._DummyVectorStore": {"executed_lines": [], "summary": {"covered_lines": 0, "num_statements": 3, "percent_covered": 0.0, "percent_covered_display": "0", "missing_lines": 3, "excluded_lines": 0, "percent_statements_covered": 0.0, "percent_statements_covered_display": "0"}, "missing_lines": [111, 113, 115], "excluded_lines": []}, "_patch_core_and_repos._DummyProgress": {"executed_lines": [], "summary": {"covered_lines": 0, "num_statements": 4, "percent_covered": 0.0, "percent_covered_display": "0", "missing_lines": 4, "excluded_lines": 0, "percent_statements_covered": 0.0, "percent_statements_covered_display": "0"}, "missing_lines": [126, 128, 130, 132], "excluded_lines": []}, "_patch_core_and_repos._DummyMemOpt": {"executed_lines": [], "summary": {"covered_lines": 0, "num_statements": 5, "percent_covered": 0.0, "percent_covered_display": "0", "missing_lines": 5, "excluded_lines": 0, "percent_statements_covered": 0.0, "percent_statements_covered_display": "0"}, "missing_lines": [162, 164, 167, 169, 171], "excluded_lines": []}, "_patch_core_and_repos._DummyDoc": {"executed_lines": [], "summary": {"covered_lines": 0, "num_statements": 16, "percent_covered": 0.0, "percent_covered_display": "0", "missing_lines": 16, "excluded_lines": 0, "percent_statements_covered": 0.0, "percent_statements_covered_display": "0"}, "missing_lines": [182, 183, 184, 185, 186, 187, 188, 189, 190, 191, 192, 193, 194, 195, 196, 197], "excluded_lines": []}, "": {"executed_lines": [1, 2, 3, 4, 5, 6, 7, 8, 11, 12, 13, 14, 18, 19, 22, 23, 24, 28, 29, 30, 31, 32, 34, 38, 39, 40, 41, 44, 45, 53, 54, 61, 62, 66, 67, 72, 73, 79, 80, 87, 88, 92, 93, 94, 95, 96, 101, 102, 103, 104, 109, 110, 112, 114, 117, 118, 119, 124, 125, 127, 129, 131, 134, 135, 136, 141, 142, 143, 147, 148, 149, 153, 154, 155, 160, 161, 163, 165, 166, 168, 170, 173, 174, 175, 180, 181, 199, 200, 201, 202, 203, 204, 205, 206, 210, 211, 212, 213, 214, 215, 219, 220, 221], "summary": {"covered_lines": 103, "num_statements": 130, "percent_covered": 79.23076923076923, "percent_covered_display": "79", "missing_lines": 27, "excluded_lines": 0, "percent_statements_covered": 79.23076923076923, "percent_statements_covered_display": "79"}, "missing_lines": [25, 26, 35, 36, 49, 97, 98, 105, 106, 120, 121, 137, 138, 144, 145, 150, 151, 156, 157, 176, 177, 207, 208, 216, 217, 222, 223], "excluded_lines": []}}}, "tests\\integration\\__init__.py": {"executed_lines": [1], "summary": {"covered_lines": 0, "num_statements": 0, "percent_covered": 100.0, "percent_covered_display": "100", "missing_lines": 0, "excluded_lines": 0, "percent_statements_covered": 100.0, "percent_statements_covered_display": "100"}, "missing_lines": [], "excluded_lines": [], "functions": {"": {"executed_lines": [1], "summary": {"covered_lines": 0, "num_statements": 0, "percent_covered": 100.0, "percent_covered_display": "100", "missing_lines": 0, "excluded_lines": 0, "percent_statements_covered": 100.0, "percent_statements_covered_display": "100"}, "missing_lines": [], "excluded_lines": []}}, "classes": {"": {"executed_lines": [1], "summary": {"covered_lines": 0, "num_statements": 0, "percent_covered": 100.0, "percent_covered_display": "100", "missing_lines": 0, "excluded_lines": 0, "percent_statements_covered": 100.0, "percent_statements_covered_display": "100"}, "missing_lines": [], "excluded_lines": []}}}, "tests\\integration\\test_api.py": {"executed_lines": [1, 4, 5, 6, 8, 11, 12, 13, 15, 16, 18, 19, 20, 21, 22, 23, 25, 27, 28, 30, 32, 33, 35, 37, 41], "summary": {"covered_lines": 23, "num_statements": 23, "percent_covered": 100.0, "percent_covered_display": "100", "missing_lines": 0, "excluded_lines": 0, "percent_statements_covered": 100.0, "percent_statements_covered_display": "100"}, "missing_lines": [], "excluded_lines": [], "functions": {"TestKnowledgeBaseAPI.client": {"executed_lines": [18, 19, 21, 23], "summary": {"covered_lines": 4, "num_statements": 4, "percent_covered": 100.0, "percent_covered_display": "100", "missing_lines": 0, "excluded_lines": 0, "percent_statements_covered": 100.0, "percent_statements_covered_display": "100"}, "missing_lines": [], "excluded_lines": []}, "TestKnowledgeBaseAPI.client.HttpClient.get": {"executed_lines": [20], "summary": {"covered_lines": 1, "num_statements": 1, "percent_covered": 100.0, "percent_covered_display": "100", "missing_lines": 0, "excluded_lines": 0, "percent_statements_covered": 100.0, "percent_statements_covered_display": "100"}, "missing_lines": [], "excluded_lines": []}, "TestKnowledgeBaseAPI.client.HttpClient.post": {"executed_lines": [22], "summary": {"covered_lines": 1, "num_statements": 1, "percent_covered": 100.0, "percent_covered_display": "100", "missing_lines": 0, "excluded_lines": 0, "percent_statements_covered": 100.0, "percent_statements_covered_display": "100"}, "missing_lines": [], "excluded_lines": []}, "TestKnowledgeBaseAPI.test_health_endpoint": {"executed_lines": [27, 28], "summary": {"covered_lines": 2, "num_statements": 2, "percent_covered": 100.0, "percent_covered_display": "100", "missing_lines": 0, "excluded_lines": 0, "percent_statements_covered": 100.0, "percent_statements_covered_display": "100"}, "missing_lines": [], "excluded_lines": []}, "TestKnowledgeBaseAPI.test_list_documents": {"executed_lines": [32, 33], "summary": {"covered_lines": 2, "num_statements": 2, "percent_covered": 100.0, "percent_covered_display": "100", "missing_lines": 0, "excluded_lines": 0, "percent_statements_covered": 100.0, "percent_statements_covered_display": "100"}, "missing_lines": [], "excluded_lines": []}, "TestKnowledgeBaseAPI.test_search_documents": {"executed_lines": [37, 41], "summary": {"covered_lines": 2, "num_statements": 2, "percent_covered": 100.0, "percent_covered_display": "100", "missing_lines": 0, "excluded_lines": 0, "percent_statements_covered": 100.0, "percent_statements_covered_display": "100"}, "missing_lines": [], "excluded_lines": []}, "": {"executed_lines": [1, 4, 5, 6, 8, 11, 12, 13, 15, 16, 25, 30, 35], "summary": {"covered_lines": 11, "num_statements": 11, "percent_covered": 100.0, "percent_covered_display": "100", "missing_lines": 0, "excluded_lines": 0, "percent_statements_covered": 100.0, "percent_statements_covered_display": "100"}, "missing_lines": [], "excluded_lines": []}}, "classes": {"TestKnowledgeBaseAPI": {"executed_lines": [18, 19, 21, 23, 27, 28, 32, 33, 37, 41], "summary": {"covered_lines": 10, "num_statements": 10, "percent_covered": 100.0, "percent_covered_display": "100", "missing_lines": 0, "excluded_lines": 0, "percent_statements_covered": 100.0, "percent_statements_covered_display": "100"}, "missing_lines": [], "excluded_lines": []}, "TestKnowledgeBaseAPI.client.HttpClient": {"executed_lines": [20, 22], "summary": {"covered_lines": 2, "num_statements": 2, "percent_covered": 100.0, "percent_covered_display": "100", "missing_lines": 0, "excluded_lines": 0, "percent_statements_covered": 100.0, "percent_statements_covered_display": "100"}, "missing_lines": [], "excluded_lines": []}, "": {"executed_lines": [1, 4, 5, 6, 8, 11, 12, 13, 15, 16, 25, 30, 35], "summary": {"covered_lines": 11, "num_statements": 11, "percent_covered": 100.0, "percent_covered_display": "100", "missing_lines": 0, "excluded_lines": 0, "percent_statements_covered": 100.0, "percent_statements_covered_display": "100"}, "missing_lines": [], "excluded_lines": []}}}, "tests\\integration\\test_document_processing.py": {"executed_lines": [1, 4, 5, 6, 8, 11, 12, 13, 15, 16, 18, 19, 20, 21, 22, 23, 25, 27, 30, 32, 34, 37, 38, 41, 43, 45, 48, 51, 53, 60, 62, 65, 67, 72, 75, 76, 77, 78], "summary": {"covered_lines": 36, "num_statements": 46, "percent_covered": 78.26086956521739, "percent_covered_display": "78", "missing_lines": 10, "excluded_lines": 0, "percent_statements_covered": 78.26086956521739, "percent_statements_covered_display": "78"}, "missing_lines": [54, 55, 57, 58, 68, 70, 79, 80, 82, 83], "excluded_lines": [], "functions": {"TestDocumentProcessing.client": {"executed_lines": [18, 19, 21, 23], "summary": {"covered_lines": 4, "num_statements": 4, "percent_covered": 100.0, "percent_covered_display": "100", "missing_lines": 0, "excluded_lines": 0, "percent_statements_covered": 100.0, "percent_statements_covered_display": "100"}, "missing_lines": [], "excluded_lines": []}, "TestDocumentProcessing.client.HttpClient.get": {"executed_lines": [20], "summary": {"covered_lines": 1, "num_statements": 1, "percent_covered": 100.0, "percent_covered_display": "100", "missing_lines": 0, "excluded_lines": 0, "percent_statements_covered": 100.0, "percent_statements_covered_display": "100"}, "missing_lines": [], "excluded_lines": []}, "TestDocumentProcessing.client.HttpClient.post": {"executed_lines": [22], "summary": {"covered_lines": 1, "num_statements": 1, "percent_covered": 100.0, "percent_covered_display": "100", "missing_lines": 0, "excluded_lines": 0, "percent_statements_covered": 100.0, "percent_statements_covered_display": "100"}, "missing_lines": [], "excluded_lines": []}, "TestDocumentProcessing.test_upload_text_document": {"executed_lines": [27, 30, 32], "summary": {"covered_lines": 3, "num_statements": 3, "percent_covered": 100.0, "percent_covered_display": "100", "missing_lines": 0, "excluded_lines": 0, "percent_statements_covered": 100.0, "percent_statements_covered_display": "100"}, "missing_lines": [], "excluded_lines": []}, "TestDocumentProcessing.test_upload_pdf_document": {"executed_lines": [37, 38, 41, 43], "summary": {"covered_lines": 4, "num_statements": 4, "percent_covered": 100.0, "percent_covered_display": "100", "missing_lines": 0, "excluded_lines": 0, "percent_statements_covered": 100.0, "percent_statements_covered_display": "100"}, "missing_lines": [], "excluded_lines": []}, "TestDocumentProcessing.test_document_chunking": {"executed_lines": [48, 51, 53], "summary": {"covered_lines": 3, "num_statements": 7, "percent_covered": 42.857142857142854, "percent_covered_display": "43", "missing_lines": 4, "excluded_lines": 0, "percent_statements_covered": 42.857142857142854, "percent_statements_covered_display": "43"}, "missing_lines": [54, 55, 57, 58], "excluded_lines": []}, "TestDocumentProcessing.test_document_metadata_extraction": {"executed_lines": [62, 65, 67], "summary": {"covered_lines": 3, "num_statements": 5, "percent_covered": 60.0, "percent_covered_display": "60", "missing_lines": 2, "excluded_lines": 0, "percent_statements_covered": 60.0, "percent_statements_covered_display": "60"}, "missing_lines": [68, 70], "excluded_lines": []}, "TestDocumentProcessing.test_document_processing_status": {"executed_lines": [75, 76, 77, 78], "summary": {"covered_lines": 4, "num_statements": 8, "percent_covered": 50.0, "percent_covered_display": "50", "missing_lines": 4, "excluded_lines": 0, "percent_statements_covered": 50.0, "percent_statements_covered_display": "50"}, "missing_lines": [79, 80, 82, 83], "excluded_lines": []}, "": {"executed_lines": [1, 4, 5, 6, 8, 11, 12, 13, 15, 16, 25, 34, 45, 60, 72], "summary": {"covered_lines": 13, "num_statements": 13, "percent_covered": 100.0, "percent_covered_display": "100", "missing_lines": 0, "excluded_lines": 0, "percent_statements_covered": 100.0, "percent_statements_covered_display": "100"}, "missing_lines": [], "excluded_lines": []}}, "classes": {"TestDocumentProcessing": {"executed_lines": [18, 19, 21, 23, 27, 30, 32, 37, 38, 41, 43, 48, 51, 53, 62, 65, 67, 75, 76, 77, 78], "summary": {"covered_lines": 21, "num_statements": 31, "percent_covered": 67.74193548387096, "percent_covered_display": "68", "missing_lines": 10, "excluded_lines": 0, "percent_statements_covered": 67.74193548387096, "percent_statements_covered_display": "68"}, "missing_lines": [54, 55, 57, 58, 68, 70, 79, 80, 82, 83], "excluded_lines": []}, "TestDocumentProcessing.client.HttpClient": {"executed_lines": [20, 22], "summary": {"covered_lines": 2, "num_statements": 2, "percent_covered": 100.0, "percent_covered_display": "100", "missing_lines": 0, "excluded_lines": 0, "percent_statements_covered": 100.0, "percent_statements_covered_display": "100"}, "missing_lines": [], "excluded_lines": []}, "": {"executed_lines": [1, 4, 5, 6, 8, 11, 12, 13, 15, 16, 25, 34, 45, 60, 72], "summary": {"covered_lines": 13, "num_statements": 13, "percent_covered": 100.0, "percent_covered_display": "100", "missing_lines": 0, "excluded_lines": 0, "percent_statements_covered": 100.0, "percent_statements_covered_display": "100"}, "missing_lines": [], "excluded_lines": []}}}, "tests\\integration\\test_search.py": {"executed_lines": [1, 4, 5, 6, 8, 11, 12, 13, 15, 16, 18, 19, 21, 22, 23, 25, 27, 35, 37, 39, 46, 48, 50, 57], "summary": {"covered_lines": 22, "num_statements": 23, "percent_covered": 95.65217391304348, "percent_covered_display": "96", "missing_lines": 1, "excluded_lines": 0, "percent_statements_covered": 95.65217391304348, "percent_statements_covered_display": "96"}, "missing_lines": [20], "excluded_lines": [], "functions": {"TestSearch.client": {"executed_lines": [18, 19, 21, 23], "summary": {"covered_lines": 4, "num_statements": 4, "percent_covered": 100.0, "percent_covered_display": "100", "missing_lines": 0, "excluded_lines": 0, "percent_statements_covered": 100.0, "percent_statements_covered_display": "100"}, "missing_lines": [], "excluded_lines": []}, "TestSearch.client.HttpClient.get": {"executed_lines": [], "summary": {"covered_lines": 0, "num_statements": 1, "percent_covered": 0.0, "percent_covered_display": "0", "missing_lines": 1, "excluded_lines": 0, "percent_statements_covered": 0.0, "percent_statements_covered_display": "0"}, "missing_lines": [20], "excluded_lines": []}, "TestSearch.client.HttpClient.post": {"executed_lines": [22], "summary": {"covered_lines": 1, "num_statements": 1, "percent_covered": 100.0, "percent_covered_display": "100", "missing_lines": 0, "excluded_lines": 0, "percent_statements_covered": 100.0, "percent_statements_covered_display": "100"}, "missing_lines": [], "excluded_lines": []}, "TestSearch.test_semantic_search": {"executed_lines": [27, 35], "summary": {"covered_lines": 2, "num_statements": 2, "percent_covered": 100.0, "percent_covered_display": "100", "missing_lines": 0, "excluded_lines": 0, "percent_statements_covered": 100.0, "percent_statements_covered_display": "100"}, "missing_lines": [], "excluded_lines": []}, "TestSearch.test_keyword_search": {"executed_lines": [39, 46], "summary": {"covered_lines": 2, "num_statements": 2, "percent_covered": 100.0, "percent_covered_display": "100", "missing_lines": 0, "excluded_lines": 0, "percent_statements_covered": 100.0, "percent_statements_covered_display": "100"}, "missing_lines": [], "excluded_lines": []}, "TestSearch.test_hybrid_search": {"executed_lines": [50, 57], "summary": {"covered_lines": 2, "num_statements": 2, "percent_covered": 100.0, "percent_covered_display": "100", "missing_lines": 0, "excluded_lines": 0, "percent_statements_covered": 100.0, "percent_statements_covered_display": "100"}, "missing_lines": [], "excluded_lines": []}, "": {"executed_lines": [1, 4, 5, 6, 8, 11, 12, 13, 15, 16, 25, 37, 48], "summary": {"covered_lines": 11, "num_statements": 11, "percent_covered": 100.0, "percent_covered_display": "100", "missing_lines": 0, "excluded_lines": 0, "percent_statements_covered": 100.0, "percent_statements_covered_display": "100"}, "missing_lines": [], "excluded_lines": []}}, "classes": {"TestSearch": {"executed_lines": [18, 19, 21, 23, 27, 35, 39, 46, 50, 57], "summary": {"covered_lines": 10, "num_statements": 10, "percent_covered": 100.0, "percent_covered_display": "100", "missing_lines": 0, "excluded_lines": 0, "percent_statements_covered": 100.0, "percent_statements_covered_display": "100"}, "missing_lines": [], "excluded_lines": []}, "TestSearch.client.HttpClient": {"executed_lines": [22], "summary": {"covered_lines": 1, "num_statements": 2, "percent_covered": 50.0, "percent_covered_display": "50", "missing_lines": 1, "excluded_lines": 0, "percent_statements_covered": 50.0, "percent_statements_covered_display": "50"}, "missing_lines": [20], "excluded_lines": []}, "": {"executed_lines": [1, 4, 5, 6, 8, 11, 12, 13, 15, 16, 25, 37, 48], "summary": {"covered_lines": 11, "num_statements": 11, "percent_covered": 100.0, "percent_covered_display": "100", "missing_lines": 0, "excluded_lines": 0, "percent_statements_covered": 100.0, "percent_statements_covered_display": "100"}, "missing_lines": [], "excluded_lines": []}}}}, "totals": {"covered_lines": 731, "num_statements": 5434, "percent_covered": 13.452337136547662, "percent_covered_display": "13", "missing_lines": 4703, "excluded_lines": 0, "percent_statements_covered": 13.452337136547662, "percent_statements_covered_display": "13"}}