{"meta": {"format": 3, "version": "7.12.0", "timestamp": "2026-02-05T16:14:51.490790", "branch_coverage": false, "show_contexts": false}, "files": {"__init__.py": {"executed_lines": [], "summary": {"covered_lines": 0, "num_statements": 1, "percent_covered": 0.0, "percent_covered_display": "0.00", "missing_lines": 1, "excluded_lines": 0, "percent_statements_covered": 0.0, "percent_statements_covered_display": "0.00"}, "missing_lines": [6], "excluded_lines": [], "functions": {"": {"executed_lines": [], "summary": {"covered_lines": 0, "num_statements": 1, "percent_covered": 0.0, "percent_covered_display": "0.00", "missing_lines": 1, "excluded_lines": 0, "percent_statements_covered": 0.0, "percent_statements_covered_display": "0.00"}, "missing_lines": [6], "excluded_lines": []}}, "classes": {"": {"executed_lines": [], "summary": {"covered_lines": 0, "num_statements": 1, "percent_covered": 0.0, "percent_covered_display": "0.00", "missing_lines": 1, "excluded_lines": 0, "percent_statements_covered": 0.0, "percent_statements_covered_display": "0.00"}, "missing_lines": [6], "excluded_lines": []}}}, "src\\__init__.py": {"executed_lines": [0], "summary": {"covered_lines": 0, "num_statements": 0, "percent_covered": 100.0, "percent_covered_display": "100.00", "missing_lines": 0, "excluded_lines": 0, "percent_statements_covered": 100.0, "percent_statements_covered_display": "100.00"}, "missing_lines": [], "excluded_lines": [], "functions": {"": {"executed_lines": [], "summary": {"covered_lines": 0, "num_statements": 0, "percent_covered": 100.0, "percent_covered_display": "100.00", "missing_lines": 0, "excluded_lines": 0, "percent_statements_covered": 100.0, "percent_statements_covered_display": "100.00"}, "missing_lines": [], "excluded_lines": []}}, "classes": {"": {"executed_lines": [], "summary": {"covered_lines": 0, "num_statements": 0, "percent_covered": 100.0, "percent_covered_display": "100.00", "missing_lines": 0, "excluded_lines": 0, "percent_statements_covered": 100.0, "percent_statements_covered_display": "100.00"}, "missing_lines": [], "excluded_lines": []}}}, "src\\main.py": {"executed_lines": [1, 5, 6, 7, 8, 9, 10, 11, 14, 16, 17, 18, 20, 23, 24, 27, 30, 33, 42, 52, 53, 63, 64, 66, 67, 77, 78, 89, 90, 92, 100, 101, 104, 105, 111, 112, 117], "summary": {"covered_lines": 35, "num_statements": 44, "percent_covered": 79.54545454545455, "percent_covered_display": "79.55", "missing_lines": 9, "excluded_lines": 3, "percent_statements_covered": 79.54545454545455, "percent_statements_covered_display": "79.55"}, "missing_lines": [19, 21, 55, 56, 80, 81, 107, 108, 114], "excluded_lines": [117, 118, 119], "functions": {"app_error_handler": {"executed_lines": [], "summary": {"covered_lines": 0, "num_statements": 2, "percent_covered": 0.0, "percent_covered_display": "0.00", "missing_lines": 2, "excluded_lines": 0, "percent_statements_covered": 0.0, "percent_statements_covered_display": "0.00"}, "missing_lines": [55, 56], "excluded_lines": []}, "validation_exception_handler": {"executed_lines": [66, 67], "summary": {"covered_lines": 2, "num_statements": 2, "percent_covered": 100.0, "percent_covered_display": "100.00", "missing_lines": 0, "excluded_lines": 0, "percent_statements_covered": 100.0, "percent_statements_covered_display": "100.00"}, "missing_lines": [], "excluded_lines": []}, "global_exception_handler": {"executed_lines": [], "summary": {"covered_lines": 0, "num_statements": 2, "percent_covered": 0.0, "percent_covered_display": "0.00", "missing_lines": 2, "excluded_lines": 0, "percent_statements_covered": 0.0, "percent_statements_covered_display": "0.00"}, "missing_lines": [80, 81], "excluded_lines": []}, "health_check": {"executed_lines": [92], "summary": {"covered_lines": 1, "num_statements": 1, "percent_covered": 100.0, "percent_covered_display": "100.00", "missing_lines": 0, "excluded_lines": 0, "percent_statements_covered": 100.0, "percent_statements_covered_display": "100.00"}, "missing_lines": [], "excluded_lines": []}, "startup_event": {"executed_lines": [], "summary": {"covered_lines": 0, "num_statements": 2, "percent_covered": 0.0, "percent_covered_display": "0.00", "missing_lines": 2, "excluded_lines": 0, "percent_statements_covered": 0.0, "percent_statements_covered_display": "0.00"}, "missing_lines": [107, 108], "excluded_lines": []}, "shutdown_event": {"executed_lines": [], "summary": {"covered_lines": 0, "num_statements": 1, "percent_covered": 0.0, "percent_covered_display": "0.00", "missing_lines": 1, "excluded_lines": 0, "percent_statements_covered": 0.0, "percent_statements_covered_display": "0.00"}, "missing_lines": [114], "excluded_lines": []}, "": {"executed_lines": [1, 5, 6, 7, 8, 9, 10, 11, 14, 16, 17, 18, 20, 23, 24, 27, 30, 33, 42, 52, 53, 63, 64, 77, 78, 89, 90, 100, 101, 104, 105, 111, 112, 117], "summary": {"covered_lines": 32, "num_statements": 34, "percent_covered": 94.11764705882354, "percent_covered_display": "94.12", "missing_lines": 2, "excluded_lines": 3, "percent_statements_covered": 94.11764705882354, "percent_statements_covered_display": "94.12"}, "missing_lines": [19, 21], "excluded_lines": [117, 118, 119]}}, "classes": {"": {"executed_lines": [1, 5, 6, 7, 8, 9, 10, 11, 14, 16, 17, 18, 20, 23, 24, 27, 30, 33, 42, 52, 53, 63, 64, 66, 67, 77, 78, 89, 90, 92, 100, 101, 104, 105, 111, 112, 117], "summary": {"covered_lines": 35, "num_statements": 44, "percent_covered": 79.54545454545455, "percent_covered_display": "79.55", "missing_lines": 9, "excluded_lines": 3, "percent_statements_covered": 79.54545454545455, "percent_statements_covered_display": "79.55"}, "missing_lines": [19, 21, 55, 56, 80, 81, 107, 108, 114], "excluded_lines": [117, 118, 119]}}}, "src\\repositories\\__init__.py": {"executed_lines": [0], "summary": {"covered_lines": 0, "num_statements": 0, "percent_covered": 100.0, "percent_covered_display": "100.00", "missing_lines": 0, "excluded_lines": 0, "percent_statements_covered": 100.0, "percent_statements_covered_display": "100.00"}, "missing_lines": [], "excluded_lines": [], "functions": {"": {"executed_lines": [], "summary": {"covered_lines": 0, "num_statements": 0, "percent_covered": 100.0, "percent_covered_display": "100.00", "missing_lines": 0, "excluded_lines": 0, "percent_statements_covered": 100.0, "percent_statements_covered_display": "100.00"}, "missing_lines": [], "excluded_lines": []}}, "classes": {"": {"executed_lines": [], "summary": {"covered_lines": 0, "num_statements": 0, "percent_covered": 100.0, "percent_covered_display": "100.00", "missing_lines": 0, "excluded_lines": 0, "percent_statements_covered": 100.0, "percent_statements_covered_display": "100.00"}, "missing_lines": [], "excluded_lines": []}}}, "src\\repositories\\conversation_repository.py": {"executed_lines": [1, 4, 5, 6, 7, 8, 11, 12, 14, 15, 16, 19, 22, 23, 25, 28, 43, 50, 72, 87, 97, 104, 105, 107, 110, 143, 147, 159, 171], "summary": {"covered_lines": 26, "num_statements": 89, "percent_covered": 29.213483146067414, "percent_covered_display": "29.21", "missing_lines": 63, "excluded_lines": 0, "percent_statements_covered": 29.213483146067414, "percent_statements_covered_display": "29.21"}, "missing_lines": [17, 26, 31, 38, 39, 40, 41, 45, 46, 47, 48, 53, 55, 56, 59, 62, 70, 74, 75, 76, 78, 79, 80, 82, 83, 84, 85, 89, 90, 91, 93, 94, 95, 99, 108, 116, 129, 130, 131, 134, 137, 138, 139, 141, 145, 150, 154, 155, 157, 161, 162, 163, 165, 166, 167, 168, 169, 173, 174, 175, 177, 178, 179], "excluded_lines": [], "functions": {"ConversationRepository.__init__": {"executed_lines": [], "summary": {"covered_lines": 0, "num_statements": 1, "percent_covered": 0.0, "percent_covered_display": "0.00", "missing_lines": 1, "excluded_lines": 0, "percent_statements_covered": 0.0, "percent_statements_covered_display": "0.00"}, "missing_lines": [26], "excluded_lines": []}, "ConversationRepository.create": {"executed_lines": [], "summary": {"covered_lines": 0, "num_statements": 5, "percent_covered": 0.0, "percent_covered_display": "0.00", "missing_lines": 5, "excluded_lines": 0, "percent_statements_covered": 0.0, "percent_statements_covered_display": "0.00"}, "missing_lines": [31, 38, 39, 40, 41], "excluded_lines": []}, "ConversationRepository.get_by_id": {"executed_lines": [], "summary": {"covered_lines": 0, "num_statements": 4, "percent_covered": 0.0, "percent_covered_display": "0.00", "missing_lines": 4, "excluded_lines": 0, "percent_statements_covered": 0.0, "percent_statements_covered_display": "0.00"}, "missing_lines": [45, 46, 47, 48], "excluded_lines": []}, "ConversationRepository.get_user_conversations": {"executed_lines": [], "summary": {"covered_lines": 0, "num_statements": 6, "percent_covered": 0.0, "percent_covered_display": "0.00", "missing_lines": 6, "excluded_lines": 0, "percent_statements_covered": 0.0, "percent_statements_covered_display": "0.00"}, "missing_lines": [53, 55, 56, 59, 62, 70], "excluded_lines": []}, "ConversationRepository.update": {"executed_lines": [], "summary": {"covered_lines": 0, "num_statements": 10, "percent_covered": 0.0, "percent_covered_display": "0.00", "missing_lines": 10, "excluded_lines": 0, "percent_statements_covered": 0.0, "percent_statements_covered_display": "0.00"}, "missing_lines": [74, 75, 76, 78, 79, 80, 82, 83, 84, 85], "excluded_lines": []}, "ConversationRepository.delete": {"executed_lines": [], "summary": {"covered_lines": 0, "num_statements": 6, "percent_covered": 0.0, "percent_covered_display": "0.00", "missing_lines": 6, "excluded_lines": 0, "percent_statements_covered": 0.0, "percent_statements_covered_display": "0.00"}, "missing_lines": [89, 90, 91, 93, 94, 95], "excluded_lines": []}, "ConversationRepository.get_message_count": {"executed_lines": [], "summary": {"covered_lines": 0, "num_statements": 1, "percent_covered": 0.0, "percent_covered_display": "0.00", "missing_lines": 1, "excluded_lines": 0, "percent_statements_covered": 0.0, "percent_statements_covered_display": "0.00"}, "missing_lines": [99], "excluded_lines": []}, "MessageRepository.__init__": {"executed_lines": [], "summary": {"covered_lines": 0, "num_statements": 1, "percent_covered": 0.0, "percent_covered_display": "0.00", "missing_lines": 1, "excluded_lines": 0, "percent_statements_covered": 0.0, "percent_statements_covered_display": "0.00"}, "missing_lines": [108], "excluded_lines": []}, "MessageRepository.create": {"executed_lines": [], "summary": {"covered_lines": 0, "num_statements": 9, "percent_covered": 0.0, "percent_covered_display": "0.00", "missing_lines": 9, "excluded_lines": 0, "percent_statements_covered": 0.0, "percent_statements_covered_display": "0.00"}, "missing_lines": [116, 129, 130, 131, 134, 137, 138, 139, 141], "excluded_lines": []}, "MessageRepository.get_by_id": {"executed_lines": [], "summary": {"covered_lines": 0, "num_statements": 1, "percent_covered": 0.0, "percent_covered_display": "0.00", "missing_lines": 1, "excluded_lines": 0, "percent_statements_covered": 0.0, "percent_statements_covered_display": "0.00"}, "missing_lines": [145], "excluded_lines": []}, "MessageRepository.get_conversation_messages": {"executed_lines": [], "summary": {"covered_lines": 0, "num_statements": 4, "percent_covered": 0.0, "percent_covered_display": "0.00", "missing_lines": 4, "excluded_lines": 0, "percent_statements_covered": 0.0, "percent_statements_covered_display": "0.00"}, "missing_lines": [150, 154, 155, 157], "excluded_lines": []}, "MessageRepository.update_status": {"executed_lines": [], "summary": {"covered_lines": 0, "num_statements": 8, "percent_covered": 0.0, "percent_covered_display": "0.00", "missing_lines": 8, "excluded_lines": 0, "percent_statements_covered": 0.0, "percent_statements_covered_display": "0.00"}, "missing_lines": [161, 162, 163, 165, 166, 167, 168, 169], "excluded_lines": []}, "MessageRepository.delete": {"executed_lines": [], "summary": {"covered_lines": 0, "num_statements": 6, "percent_covered": 0.0, "percent_covered_display": "0.00", "missing_lines": 6, "excluded_lines": 0, "percent_statements_covered": 0.0, "percent_statements_covered_display": "0.00"}, "missing_lines": [173, 174, 175, 177, 178, 179], "excluded_lines": []}, "": {"executed_lines": [1, 4, 5, 6, 7, 8, 11, 12, 14, 15, 16, 19, 22, 23, 25, 28, 43, 50, 72, 87, 97, 104, 105, 107, 110, 143, 147, 159, 171], "summary": {"covered_lines": 26, "num_statements": 27, "percent_covered": 96.29629629629629, "percent_covered_display": "96.30", "missing_lines": 1, "excluded_lines": 0, "percent_statements_covered": 96.29629629629629, "percent_statements_covered_display": "96.30"}, "missing_lines": [17], "excluded_lines": []}}, "classes": {"ConversationRepository": {"executed_lines": [], "summary": {"covered_lines": 0, "num_statements": 33, "percent_covered": 0.0, "percent_covered_display": "0.00", "missing_lines": 33, "excluded_lines": 0, "percent_statements_covered": 0.0, "percent_statements_covered_display": "0.00"}, "missing_lines": [26, 31, 38, 39, 40, 41, 45, 46, 47, 48, 53, 55, 56, 59, 62, 70, 74, 75, 76, 78, 79, 80, 82, 83, 84, 85, 89, 90, 91, 93, 94, 95, 99], "excluded_lines": []}, "MessageRepository": {"executed_lines": [], "summary": {"covered_lines": 0, "num_statements": 29, "percent_covered": 0.0, "percent_covered_display": "0.00", "missing_lines": 29, "excluded_lines": 0, "percent_statements_covered": 0.0, "percent_statements_covered_display": "0.00"}, "missing_lines": [108, 116, 129, 130, 131, 134, 137, 138, 139, 141, 145, 150, 154, 155, 157, 161, 162, 163, 165, 166, 167, 168, 169, 173, 174, 175, 177, 178, 179], "excluded_lines": []}, "": {"executed_lines": [1, 4, 5, 6, 7, 8, 11, 12, 14, 15, 16, 19, 22, 23, 25, 28, 43, 50, 72, 87, 97, 104, 105, 107, 110, 143, 147, 159, 171], "summary": {"covered_lines": 26, "num_statements": 27, "percent_covered": 96.29629629629629, "percent_covered_display": "96.30", "missing_lines": 1, "excluded_lines": 0, "percent_statements_covered": 96.29629629629629, "percent_statements_covered_display": "96.30"}, "missing_lines": [17], "excluded_lines": []}}}, "src\\routes\\__init__.py": {"executed_lines": [0], "summary": {"covered_lines": 0, "num_statements": 0, "percent_covered": 100.0, "percent_covered_display": "100.00", "missing_lines": 0, "excluded_lines": 0, "percent_statements_covered": 100.0, "percent_statements_covered_display": "100.00"}, "missing_lines": [], "excluded_lines": [], "functions": {"": {"executed_lines": [], "summary": {"covered_lines": 0, "num_statements": 0, "percent_covered": 100.0, "percent_covered_display": "100.00", "missing_lines": 0, "excluded_lines": 0, "percent_statements_covered": 100.0, "percent_statements_covered_display": "100.00"}, "missing_lines": [], "excluded_lines": []}}, "classes": {"": {"executed_lines": [], "summary": {"covered_lines": 0, "num_statements": 0, "percent_covered": 100.0, "percent_covered_display": "100.00", "missing_lines": 0, "excluded_lines": 0, "percent_statements_covered": 100.0, "percent_statements_covered_display": "100.00"}, "missing_lines": [], "excluded_lines": []}}}, "src\\routes\\chat.py": {"executed_lines": [1, 4, 5, 6, 7, 10, 11, 12, 13, 15, 16, 17, 20, 23, 30, 31, 32, 34, 35, 36, 37, 39, 40, 43, 48, 51, 52, 64, 65, 68, 69, 70, 77, 79, 82, 91, 101, 102, 103, 105, 108, 109, 118, 119, 132, 133, 134, 135, 138, 139, 140, 141, 143, 145, 148, 149, 150, 162, 165, 171, 172, 179, 180, 186, 187], "summary": {"covered_lines": 64, "num_statements": 66, "percent_covered": 96.96969696969697, "percent_covered_display": "96.97", "missing_lines": 2, "excluded_lines": 0, "percent_statements_covered": 96.96969696969697, "percent_statements_covered_display": "96.97"}, "missing_lines": [18, 136], "excluded_lines": [], "functions": {"get_db": {"executed_lines": [30, 31, 32, 34], "summary": {"covered_lines": 4, "num_statements": 4, "percent_covered": 100.0, "percent_covered_display": "100.00", "missing_lines": 0, "excluded_lines": 0, "percent_statements_covered": 100.0, "percent_statements_covered_display": "100.00"}, "missing_lines": [], "excluded_lines": []}, "get_current_user_id": {"executed_lines": [48], "summary": {"covered_lines": 1, "num_statements": 1, "percent_covered": 100.0, "percent_covered_display": "100.00", "missing_lines": 0, "excluded_lines": 0, "percent_statements_covered": 100.0, "percent_statements_covered_display": "100.00"}, "missing_lines": [], "excluded_lines": []}, "chat": {"executed_lines": [64, 65, 68, 69, 70, 77, 79, 82, 91, 101, 102, 103, 105, 108, 109, 118, 119, 132, 133, 134, 135, 138, 139, 140, 141, 143, 145, 148, 149, 150, 162, 165, 171, 172], "summary": {"covered_lines": 34, "num_statements": 35, "percent_covered": 97.14285714285714, "percent_covered_display": "97.14", "missing_lines": 1, "excluded_lines": 0, "percent_statements_covered": 97.14285714285714, "percent_statements_covered_display": "97.14"}, "missing_lines": [136], "excluded_lines": []}, "get_chat_history": {"executed_lines": [186, 187], "summary": {"covered_lines": 2, "num_statements": 2, "percent_covered": 100.0, "percent_covered_display": "100.00", "missing_lines": 0, "excluded_lines": 0, "percent_statements_covered": 100.0, "percent_statements_covered_display": "100.00"}, "missing_lines": [], "excluded_lines": []}, "": {"executed_lines": [1, 4, 5, 6, 7, 10, 11, 12, 13, 15, 16, 17, 20, 23, 35, 36, 37, 39, 40, 43, 51, 52, 179, 180], "summary": {"covered_lines": 23, "num_statements": 24, "percent_covered": 95.83333333333333, "percent_covered_display": "95.83", "missing_lines": 1, "excluded_lines": 0, "percent_statements_covered": 95.83333333333333, "percent_statements_covered_display": "95.83"}, "missing_lines": [18], "excluded_lines": []}}, "classes": {"": {"executed_lines": [1, 4, 5, 6, 7, 10, 11, 12, 13, 15, 16, 17, 20, 23, 30, 31, 32, 34, 35, 36, 37, 39, 40, 43, 48, 51, 52, 64, 65, 68, 69, 70, 77, 79, 82, 91, 101, 102, 103, 105, 108, 109, 118, 119, 132, 133, 134, 135, 138, 139, 140, 141, 143, 145, 148, 149, 150, 162, 165, 171, 172, 179, 180, 186, 187], "summary": {"covered_lines": 64, "num_statements": 66, "percent_covered": 96.96969696969697, "percent_covered_display": "96.97", "missing_lines": 2, "excluded_lines": 0, "percent_statements_covered": 96.96969696969697, "percent_statements_covered_display": "96.97"}, "missing_lines": [18, 136], "excluded_lines": []}}}, "src\\routes\\conversations.py": {"executed_lines": [1, 4, 5, 6, 9, 10, 11, 12, 14, 15, 16, 19, 22, 29, 30, 31, 33, 34, 39, 41, 44, 51, 54, 55, 61, 62, 65, 66, 74, 75, 78, 86, 87, 94, 95, 98, 99, 106, 107, 110, 111, 117, 118, 119, 122, 123, 130, 131, 137, 138, 145, 146], "summary": {"covered_lines": 51, "num_statements": 52, "percent_covered": 98.07692307692308, "percent_covered_display": "98.08", "missing_lines": 1, "excluded_lines": 0, "percent_statements_covered": 98.07692307692308, "percent_statements_covered_display": "98.08"}, "missing_lines": [17], "excluded_lines": [], "functions": {"get_db": {"executed_lines": [29, 30, 31, 33], "summary": {"covered_lines": 4, "num_statements": 4, "percent_covered": 100.0, "percent_covered_display": "100.00", "missing_lines": 0, "excluded_lines": 0, "percent_statements_covered": 100.0, "percent_statements_covered_display": "100.00"}, "missing_lines": [], "excluded_lines": []}, "get_current_user_id": {"executed_lines": [51], "summary": {"covered_lines": 1, "num_statements": 1, "percent_covered": 100.0, "percent_covered_display": "100.00", "missing_lines": 0, "excluded_lines": 0, "percent_statements_covered": 100.0, "percent_statements_covered_display": "100.00"}, "missing_lines": [], "excluded_lines": []}, "create_conversation": {"executed_lines": [61, 62], "summary": {"covered_lines": 2, "num_statements": 2, "percent_covered": 100.0, "percent_covered_display": "100.00", "missing_lines": 0, "excluded_lines": 0, "percent_statements_covered": 100.0, "percent_statements_covered_display": "100.00"}, "missing_lines": [], "excluded_lines": []}, "list_conversations": {"executed_lines": [74, 75, 78], "summary": {"covered_lines": 3, "num_statements": 3, "percent_covered": 100.0, "percent_covered_display": "100.00", "missing_lines": 0, "excluded_lines": 0, "percent_statements_covered": 100.0, "percent_statements_covered_display": "100.00"}, "missing_lines": [], "excluded_lines": []}, "get_conversation": {"executed_lines": [94, 95], "summary": {"covered_lines": 2, "num_statements": 2, "percent_covered": 100.0, "percent_covered_display": "100.00", "missing_lines": 0, "excluded_lines": 0, "percent_statements_covered": 100.0, "percent_statements_covered_display": "100.00"}, "missing_lines": [], "excluded_lines": []}, "update_conversation": {"executed_lines": [106, 107], "summary": {"covered_lines": 2, "num_statements": 2, "percent_covered": 100.0, "percent_covered_display": "100.00", "missing_lines": 0, "excluded_lines": 0, "percent_statements_covered": 100.0, "percent_statements_covered_display": "100.00"}, "missing_lines": [], "excluded_lines": []}, "delete_conversation": {"executed_lines": [117, 118, 119], "summary": {"covered_lines": 3, "num_statements": 3, "percent_covered": 100.0, "percent_covered_display": "100.00", "missing_lines": 0, "excluded_lines": 0, "percent_statements_covered": 100.0, "percent_statements_covered_display": "100.00"}, "missing_lines": [], "excluded_lines": []}, "add_message": {"executed_lines": [130, 131], "summary": {"covered_lines": 2, "num_statements": 2, "percent_covered": 100.0, "percent_covered_display": "100.00", "missing_lines": 0, "excluded_lines": 0, "percent_statements_covered": 100.0, "percent_statements_covered_display": "100.00"}, "missing_lines": [], "excluded_lines": []}, "get_messages": {"executed_lines": [145, 146], "summary": {"covered_lines": 2, "num_statements": 2, "percent_covered": 100.0, "percent_covered_display": "100.00", "missing_lines": 0, "excluded_lines": 0, "percent_statements_covered": 100.0, "percent_statements_covered_display": "100.00"}, "missing_lines": [], "excluded_lines": []}, "": {"executed_lines": [1, 4, 5, 6, 9, 10, 11, 12, 14, 15, 16, 19, 22, 34, 39, 41, 44, 54, 55, 65, 66, 86, 87, 98, 99, 110, 111, 122, 123, 137, 138], "summary": {"covered_lines": 30, "num_statements": 31, "percent_covered": 96.7741935483871, "percent_covered_display": "96.77", "missing_lines": 1, "excluded_lines": 0, "percent_statements_covered": 96.7741935483871, "percent_statements_covered_display": "96.77"}, "missing_lines": [17], "excluded_lines": []}}, "classes": {"": {"executed_lines": [1, 4, 5, 6, 9, 10, 11, 12, 14, 15, 16, 19, 22, 29, 30, 31, 33, 34, 39, 41, 44, 51, 54, 55, 61, 62, 65, 66, 74, 75, 78, 86, 87, 94, 95, 98, 99, 106, 107, 110, 111, 117, 118, 119, 122, 123, 130, 131, 137, 138, 145, 146], "summary": {"covered_lines": 51, "num_statements": 52, "percent_covered": 98.07692307692308, "percent_covered_display": "98.08", "missing_lines": 1, "excluded_lines": 0, "percent_statements_covered": 98.07692307692308, "percent_statements_covered_display": "98.08"}, "missing_lines": [17], "excluded_lines": []}}}, "src\\services\\__init__.py": {"executed_lines": [0], "summary": {"covered_lines": 0, "num_statements": 0, "percent_covered": 100.0, "percent_covered_display": "100.00", "missing_lines": 0, "excluded_lines": 0, "percent_statements_covered": 100.0, "percent_statements_covered_display": "100.00"}, "missing_lines": [], "excluded_lines": [], "functions": {"": {"executed_lines": [], "summary": {"covered_lines": 0, "num_statements": 0, "percent_covered": 100.0, "percent_covered_display": "100.00", "missing_lines": 0, "excluded_lines": 0, "percent_statements_covered": 100.0, "percent_statements_covered_display": "100.00"}, "missing_lines": [], "excluded_lines": []}}, "classes": {"": {"executed_lines": [], "summary": {"covered_lines": 0, "num_statements": 0, "percent_covered": 100.0, "percent_covered_display": "100.00", "missing_lines": 0, "excluded_lines": 0, "percent_statements_covered": 100.0, "percent_statements_covered_display": "100.00"}, "missing_lines": [], "excluded_lines": []}}}, "src\\services\\conversation_service.py": {"executed_lines": [1, 4, 5, 7, 9, 10, 11, 12, 15, 17, 18, 22, 24, 27, 28, 30, 35, 54, 74, 92, 107, 118, 146, 161, 165, 179], "summary": {"covered_lines": 24, "num_statements": 74, "percent_covered": 32.432432432432435, "percent_covered_display": "32.43", "missing_lines": 50, "excluded_lines": 0, "percent_statements_covered": 32.432432432432435, "percent_statements_covered_display": "32.43"}, "missing_lines": [13, 31, 32, 33, 37, 38, 45, 46, 47, 48, 57, 58, 59, 65, 66, 67, 72, 77, 84, 85, 86, 87, 88, 90, 95, 96, 98, 99, 105, 109, 110, 111, 116, 122, 123, 124, 130, 131, 137, 138, 139, 140, 150, 151, 152, 158, 159, 163, 167, 181], "excluded_lines": [], "functions": {"ConversationService.__init__": {"executed_lines": [], "summary": {"covered_lines": 0, "num_statements": 3, "percent_covered": 0.0, "percent_covered_display": "0.00", "missing_lines": 3, "excluded_lines": 0, "percent_statements_covered": 0.0, "percent_statements_covered_display": "0.00"}, "missing_lines": [31, 32, 33], "excluded_lines": []}, "ConversationService.create_conversation": {"executed_lines": [], "summary": {"covered_lines": 0, "num_statements": 6, "percent_covered": 0.0, "percent_covered_display": "0.00", "missing_lines": 6, "excluded_lines": 0, "percent_statements_covered": 0.0, "percent_statements_covered_display": "0.00"}, "missing_lines": [37, 38, 45, 46, 47, 48], "excluded_lines": []}, "ConversationService.get_conversation": {"executed_lines": [], "summary": {"covered_lines": 0, "num_statements": 7, "percent_covered": 0.0, "percent_covered_display": "0.00", "missing_lines": 7, "excluded_lines": 0, "percent_statements_covered": 0.0, "percent_statements_covered_display": "0.00"}, "missing_lines": [57, 58, 59, 65, 66, 67, 72], "excluded_lines": []}, "ConversationService.get_user_conversations": {"executed_lines": [], "summary": {"covered_lines": 0, "num_statements": 7, "percent_covered": 0.0, "percent_covered_display": "0.00", "missing_lines": 7, "excluded_lines": 0, "percent_statements_covered": 0.0, "percent_statements_covered_display": "0.00"}, "missing_lines": [77, 84, 85, 86, 87, 88, 90], "excluded_lines": []}, "ConversationService.update_conversation": {"executed_lines": [], "summary": {"covered_lines": 0, "num_statements": 5, "percent_covered": 0.0, "percent_covered_display": "0.00", "missing_lines": 5, "excluded_lines": 0, "percent_statements_covered": 0.0, "percent_statements_covered_display": "0.00"}, "missing_lines": [95, 96, 98, 99, 105], "excluded_lines": []}, "ConversationService.delete_conversation": {"executed_lines": [], "summary": {"covered_lines": 0, "num_statements": 4, "percent_covered": 0.0, "percent_covered_display": "0.00", "missing_lines": 4, "excluded_lines": 0, "percent_statements_covered": 0.0, "percent_statements_covered_display": "0.00"}, "missing_lines": [109, 110, 111, 116], "excluded_lines": []}, "ConversationService.add_message": {"executed_lines": [], "summary": {"covered_lines": 0, "num_statements": 9, "percent_covered": 0.0, "percent_covered_display": "0.00", "missing_lines": 9, "excluded_lines": 0, "percent_statements_covered": 0.0, "percent_statements_covered_display": "0.00"}, "missing_lines": [122, 123, 124, 130, 131, 137, 138, 139, 140], "excluded_lines": []}, "ConversationService.get_messages": {"executed_lines": [], "summary": {"covered_lines": 0, "num_statements": 5, "percent_covered": 0.0, "percent_covered_display": "0.00", "missing_lines": 5, "excluded_lines": 0, "percent_statements_covered": 0.0, "percent_statements_covered_display": "0.00"}, "missing_lines": [150, 151, 152, 158, 159], "excluded_lines": []}, "ConversationService._to_schema": {"executed_lines": [], "summary": {"covered_lines": 0, "num_statements": 1, "percent_covered": 0.0, "percent_covered_display": "0.00", "missing_lines": 1, "excluded_lines": 0, "percent_statements_covered": 0.0, "percent_statements_covered_display": "0.00"}, "missing_lines": [163], "excluded_lines": []}, "ConversationService._to_dict": {"executed_lines": [], "summary": {"covered_lines": 0, "num_statements": 1, "percent_covered": 0.0, "percent_covered_display": "0.00", "missing_lines": 1, "excluded_lines": 0, "percent_statements_covered": 0.0, "percent_statements_covered_display": "0.00"}, "missing_lines": [167], "excluded_lines": []}, "ConversationService._message_to_dict": {"executed_lines": [], "summary": {"covered_lines": 0, "num_statements": 1, "percent_covered": 0.0, "percent_covered_display": "0.00", "missing_lines": 1, "excluded_lines": 0, "percent_statements_covered": 0.0, "percent_statements_covered_display": "0.00"}, "missing_lines": [181], "excluded_lines": []}, "": {"executed_lines": [1, 4, 5, 7, 9, 10, 11, 12, 15, 17, 18, 22, 24, 27, 28, 30, 35, 54, 74, 92, 107, 118, 146, 161, 165, 179], "summary": {"covered_lines": 24, "num_statements": 25, "percent_covered": 96.0, "percent_covered_display": "96.00", "missing_lines": 1, "excluded_lines": 0, "percent_statements_covered": 96.0, "percent_statements_covered_display": "96.00"}, "missing_lines": [13], "excluded_lines": []}}, "classes": {"ConversationService": {"executed_lines": [], "summary": {"covered_lines": 0, "num_statements": 49, "percent_covered": 0.0, "percent_covered_display": "0.00", "missing_lines": 49, "excluded_lines": 0, "percent_statements_covered": 0.0, "percent_statements_covered_display": "0.00"}, "missing_lines": [31, 32, 33, 37, 38, 45, 46, 47, 48, 57, 58, 59, 65, 66, 67, 72, 77, 84, 85, 86, 87, 88, 90, 95, 96, 98, 99, 105, 109, 110, 111, 116, 122, 123, 124, 130, 131, 137, 138, 139, 140, 150, 151, 152, 158, 159, 163, 167, 181], "excluded_lines": []}, "": {"executed_lines": [1, 4, 5, 7, 9, 10, 11, 12, 15, 17, 18, 22, 24, 27, 28, 30, 35, 54, 74, 92, 107, 118, 146, 161, 165, 179], "summary": {"covered_lines": 24, "num_statements": 25, "percent_covered": 96.0, "percent_covered_display": "96.00", "missing_lines": 1, "excluded_lines": 0, "percent_statements_covered": 96.0, "percent_statements_covered_display": "96.00"}, "missing_lines": [13], "excluded_lines": []}}}}, "totals": {"covered_lines": 200, "num_statements": 326, "percent_covered": 61.34969325153374, "percent_covered_display": "61.35", "missing_lines": 126, "excluded_lines": 3, "percent_statements_covered": 61.34969325153374, "percent_statements_covered_display": "61.35"}}