<?xml version="1.0" encoding="utf-8"?><testsuites><testsuite name="pytest" errors="0" failures="1" skipped="0" tests="5" time="5.012" timestamp="2025-12-03T18:58:14.336478+08:00" hostname="VM-0-10-ubuntu"><testcase classname="tests.test-integration.test_api_integration.TestAPIIntegration" name="test_mcp_gateway_health" time="0.094"><failure message="assert 404 == 200&#10; +  where 404 = &lt;Response [404 Not Found]&gt;.status_code">tests/test-integration/test_api_integration.py:30: in test_mcp_gateway_health
    assert response.status_code == 200
E   assert 404 == 200
E    +  where 404 = &lt;Response [404 Not Found]&gt;.status_code</failure></testcase><testcase classname="tests.test-integration.test_api_integration.TestAPIIntegration" name="test_workflow_engine_health" time="0.010" /><testcase classname="tests.test-integration.test_api_integration.TestAPIIntegration" name="test_auth_service_health" time="0.010" /><testcase classname="tests.test-integration.test_api_integration.TestAPIIntegration" name="test_auth_workflow_integration" time="0.010" /><testcase classname="tests.test-integration.test_api_integration.TestAPIIntegration" name="test_mcp_tool_execution" time="0.009" /></testsuite></testsuites>